Log file open, 05/04/18 10:47:01
LogWindows: Failed to load 'aqProf.dll' (GetLastError=126)
LogWindows: File 'aqProf.dll' does not exist
LogWindows: Failed to load 'VtuneApi.dll' (GetLastError=126)
LogWindows: File 'VtuneApi.dll' does not exist
LogWindows: Failed to load 'VtuneApi32e.dll' (GetLastError=126)
LogWindows: File 'VtuneApi32e.dll' does not exist
LogInit: Display: Running engine for game: AnimIntell
LogPlatformFile: Not using cached read wrapper
LogInit: Display: RandInit(-1301228175) SRandInit(-1301228175).
LogInit: Read version file with build ID '3944462'
LogInit: Overriding engine version to CL 4033788, compatible CL 3944462
LogInit: Registered custom module enumerator with build ID '3944462'
LogTaskGraph: Started task graph with 5 named threads and 23 total threads with 3 sets of task threads.
LogStats: Stats thread started at 0.298458
LogD3D11RHI: Aftermath initialized
LogICUInternationalization: Display: ICU TimeZone Detection - Raw Offset: +9:00, Platform Override: ''
LogModuleManager: Display: Found up-to-date module file ../../../Engine/Plugins/Blendables/LightPropagationVolume/Binaries/Win64/UE4Editor-LightPropagationVolumeRuntime.dll (API version 3944462).
LogModuleManager: Display: Found up-to-date module file ../../../Engine/Plugins/Blendables/LightPropagationVolume/Binaries/Win64/UE4Editor-LightPropagationVolumeEditor.dll (API version 3944462).
LogModuleManager: Display: Found up-to-date module file ../../../Engine/Plugins/Developer/CLionSourceCodeAccess/Binaries/Win64/UE4Editor-CLionSourceCodeAccess.dll (API version 3944462).
LogModuleManager: Display: Found up-to-date module file ../../../Engine/Plugins/Developer/GitSourceControl/Binaries/Win64/UE4Editor-GitSourceControl.dll (API version 3944462).
LogModuleManager: Display: Found up-to-date module file ../../../Engine/Plugins/Developer/PerforceSourceControl/Binaries/Win64/UE4Editor-PerforceSourceControl.dll (API version 3944462).
LogModuleManager: Display: Found up-to-date module file ../../../Engine/Plugins/Developer/SubversionSourceControl/Binaries/Win64/UE4Editor-SubversionSourceControl.dll (API version 3944462).
LogModuleManager: Display: Found up-to-date module file ../../../Engine/Plugins/Developer/UObjectPlugin/Binaries/Win64/UE4Editor-UObjectPlugin.dll (API version 3944462).
LogModuleManager: Display: Found up-to-date module file ../../../Engine/Plugins/Developer/VisualStudioCodeSourceCodeAccess/Binaries/Win64/UE4Editor-VisualStudioCodeSourceCodeAccess.dll (API version 3944462).
LogModuleManager: Display: Found up-to-date module file ../../../Engine/Plugins/Developer/VisualStudioSourceCodeAccess/Binaries/Win64/UE4Editor-VisualStudioSourceCodeAccess.dll (API version 3944462).
LogModuleManager: Display: Found up-to-date module file ../../../Engine/Plugins/Editor/AssetManagerEditor/Binaries/Win64/UE4Editor-AssetManagerEditor.dll (API version 3944462).
LogModuleManager: Display: Found up-to-date module file ../../../Engine/Plugins/Editor/CryptoKeys/Binaries/Win64/UE4Editor-CryptoKeys.dll (API version 3944462).
LogModuleManager: Display: Found up-to-date module file ../../../Engine/Plugins/Editor/CryptoKeys/Binaries/Win64/UE4Editor-CryptoKeysOpenSSL.dll (API version 3944462).
LogModuleManager: Display: Found up-to-date module file ../../../Engine/Plugins/Editor/DataValidation/Binaries/Win64/UE4Editor-DataValidation.dll (API version 3944462).
LogModuleManager: Display: Found up-to-date module file ../../../Engine/Plugins/Editor/FacialAnimation/Binaries/Win64/UE4Editor-FacialAnimation.dll (API version 3944462).
LogModuleManager: Display: Found up-to-date module file ../../../Engine/Plugins/Editor/FacialAnimation/Binaries/Win64/UE4Editor-FacialAnimationEditor.dll (API version 3944462).
LogModuleManager: Display: Found up-to-date module file ../../../Engine/Plugins/Editor/GameplayTagsEditor/Binaries/Win64/UE4Editor-GameplayTagsEditor.dll (API version 3944462).
LogModuleManager: Display: Found up-to-date module file ../../../Engine/Plugins/Editor/MobileLauncherProfileWizard/Binaries/Win64/UE4Editor-MobileLauncherProfileWizard.dll (API version 3944462).
LogModuleManager: Display: Found up-to-date module file ../../../Engine/Plugins/Editor/PluginBrowser/Binaries/Win64/UE4Editor-PluginBrowser.dll (API version 3944462).
LogModuleManager: Display: Found up-to-date module file ../../../Engine/Plugins/Editor/SpeedTreeImporter/Binaries/Win64/UE4Editor-SpeedTreeImporter.dll (API version 3944462).
LogModuleManager: Display: Found up-to-date module file ../../../Engine/Plugins/Enterprise/DatasmithContent/Binaries/Win64/UE4Editor-DatasmithContent.dll (API version 3944462).
LogModuleManager: Display: Found up-to-date module file ../../../Engine/Plugins/Experimental/AlembicImporter/Binaries/Win64/UE4Editor-AlembicImporter.dll (API version 3944462).
LogModuleManager: Display: Found up-to-date module file ../../../Engine/Plugins/Experimental/AlembicImporter/Binaries/Win64/UE4Editor-AlembicLibrary.dll (API version 3944462).
LogModuleManager: Display: Found up-to-date module file ../../../Engine/Plugins/Experimental/CharacterAI/Binaries/Win64/UE4Editor-CharacterAI.dll (API version 3944462).
LogModuleManager: Display: Found up-to-date module file ../../../Engine/Plugins/Experimental/HTML5Networking/Binaries/Win64/UE4Editor-HTML5Networking.dll (API version 3944462).
LogModuleManager: Display: Found up-to-date module file ../../../Engine/Plugins/Media/ImgMedia/Binaries/Win64/UE4Editor-ImgMedia.dll (API version 3944462).
LogModuleManager: Display: Found up-to-date module file ../../../Engine/Plugins/Media/ImgMedia/Binaries/Win64/UE4Editor-ImgMediaEditor.dll (API version 3944462).
LogModuleManager: Display: Found up-to-date module file ../../../Engine/Plugins/Media/ImgMedia/Binaries/Win64/UE4Editor-ImgMediaFactory.dll (API version 3944462).
LogModuleManager: Display: Found up-to-date module file ../../../Engine/Plugins/Media/ImgMedia/Binaries/Win64/UE4Editor-ImgMediaFactory.dll (API version 3944462).
LogModuleManager: Display: Found up-to-date module file ../../../Engine/Plugins/Media/ImgMedia/Binaries/Win64/UE4Editor-OpenExrWrapper.dll (API version 3944462).
LogModuleManager: Display: Found up-to-date module file ../../../Engine/Plugins/Media/LinearTimecode/Binaries/Win64/UE4Editor-LinearTimecode.dll (API version 3944462).
LogModuleManager: Display: Found up-to-date module file ../../../Engine/Plugins/Media/MediaCompositing/Binaries/Win64/UE4Editor-MediaCompositing.dll (API version 3944462).
LogModuleManager: Display: Found up-to-date module file ../../../Engine/Plugins/Media/MediaCompositing/Binaries/Win64/UE4Editor-MediaCompositingEditor.dll (API version 3944462).
LogModuleManager: Display: Found up-to-date module file ../../../Engine/Plugins/Media/MediaPlayerEditor/Binaries/Win64/UE4Editor-MediaPlayerEditor.dll (API version 3944462).
LogModuleManager: Display: Found up-to-date module file ../../../Engine/Plugins/Media/WmfMedia/Binaries/Win64/UE4Editor-WmfMedia.dll (API version 3944462).
LogModuleManager: Display: Found up-to-date module file ../../../Engine/Plugins/Media/WmfMedia/Binaries/Win64/UE4Editor-WmfMediaEditor.dll (API version 3944462).
LogModuleManager: Display: Found up-to-date module file ../../../Engine/Plugins/Media/WmfMedia/Binaries/Win64/UE4Editor-WmfMediaFactory.dll (API version 3944462).
LogModuleManager: Display: Found up-to-date module file ../../../Engine/Plugins/Media/WmfMedia/Binaries/Win64/UE4Editor-WmfMediaFactory.dll (API version 3944462).
LogModuleManager: Display: Found up-to-date module file ../../../Engine/Plugins/Messaging/TcpMessaging/Binaries/Win64/UE4Editor-TcpMessaging.dll (API version 3944462).
LogModuleManager: Display: Found up-to-date module file ../../../Engine/Plugins/Messaging/UdpMessaging/Binaries/Win64/UE4Editor-UdpMessaging.dll (API version 3944462).
LogModuleManager: Display: Found up-to-date module file ../../../Engine/Plugins/MovieScene/ActorSequence/Binaries/Win64/UE4Editor-ActorSequence.dll (API version 3944462).
LogModuleManager: Display: Found up-to-date module file ../../../Engine/Plugins/MovieScene/LevelSequenceEditor/Binaries/Win64/UE4Editor-LevelSequenceEditor.dll (API version 3944462).
LogModuleManager: Display: Found up-to-date module file ../../../Engine/Plugins/MovieScene/MatineeToLevelSequence/Binaries/Win64/UE4Editor-MatineeToLevelSequence.dll (API version 3944462).
LogModuleManager: Display: Found up-to-date module file ../../../Engine/Plugins/NetcodeUnitTest/NetcodeUnitTest/Binaries/Win64/UE4Editor-NetcodeUnitTest.dll (API version 3944462).
LogModuleManager: Display: Found up-to-date module file ../../../Engine/Plugins/NetcodeUnitTest/NUTUnrealEngine4/Binaries/Win64/UE4Editor-NUTUnrealEngine4.dll (API version 3944462).
LogModuleManager: Display: Found up-to-date module file ../../../Engine/Plugins/Runtime/AndroidDeviceProfileSelector/Binaries/Win64/UE4Editor-AndroidDeviceProfileSelector.dll (API version 3944462).
LogModuleManager: Display: Found up-to-date module file ../../../Engine/Plugins/Runtime/ArchVisCharacter/Binaries/Win64/UE4Editor-ArchVisCharacter.dll (API version 3944462).
LogModuleManager: Display: Found up-to-date module file ../../../Engine/Plugins/Runtime/AudioCapture/Binaries/Win64/UE4Editor-AudioCapture.dll (API version 3944462).
LogModuleManager: Display: Found up-to-date module file ../../../Engine/Plugins/Runtime/AudioCapture/Binaries/Win64/UE4Editor-AudioCaptureEditor.dll (API version 3944462).
LogModuleManager: Display: Found up-to-date module file ../../../Engine/Plugins/Runtime/CableComponent/Binaries/Win64/UE4Editor-CableComponent.dll (API version 3944462).
LogModuleManager: Display: Found up-to-date module file ../../../Engine/Plugins/Runtime/CustomMeshComponent/Binaries/Win64/UE4Editor-CustomMeshComponent.dll (API version 3944462).
LogModuleManager: Display: Found up-to-date module file ../../../Engine/Plugins/Runtime/ExampleDeviceProfileSelector/Binaries/Win64/UE4Editor-ExampleDeviceProfileSelector.dll (API version 3944462).
LogModuleManager: Display: Found up-to-date module file ../../../Engine/Plugins/Runtime/ImmediatePhysics/Binaries/Win64/UE4Editor-ImmediatePhysics.dll (API version 3944462).
LogModuleManager: Display: Found up-to-date module file ../../../Engine/Plugins/Runtime/ImmediatePhysics/Binaries/Win64/UE4Editor-ImmediatePhysicsEditor.dll (API version 3944462).
LogModuleManager: Display: Found up-to-date module file ../../../Engine/Plugins/Runtime/LocationServicesBPLibrary/Binaries/Win64/UE4Editor-LocationServicesBPLibrary.dll (API version 3944462).
LogModuleManager: Display: Found up-to-date module file ../../../Engine/Plugins/Runtime/MobilePatchingUtils/Binaries/Win64/UE4Editor-MobilePatchingUtils.dll (API version 3944462).
LogModuleManager: Display: Found up-to-date module file ../../../Engine/Plugins/Runtime/PhysXVehicles/Binaries/Win64/UE4Editor-PhysXVehicles.dll (API version 3944462).
LogModuleManager: Display: Found up-to-date module file ../../../Engine/Plugins/Runtime/PhysXVehicles/Binaries/Win64/UE4Editor-PhysXVehiclesEditor.dll (API version 3944462).
LogModuleManager: Display: Found up-to-date module file ../../../Engine/Plugins/Runtime/ProceduralMeshComponent/Binaries/Win64/UE4Editor-ProceduralMeshComponent.dll (API version 3944462).
LogModuleManager: Display: Found up-to-date module file ../../../Engine/Plugins/Runtime/ProceduralMeshComponent/Binaries/Win64/UE4Editor-ProceduralMeshComponentEditor.dll (API version 3944462).
LogModuleManager: Display: Found up-to-date module file ../../../Engine/Plugins/Runtime/RuntimePhysXCooking/Binaries/Win64/UE4Editor-RuntimePhysXCooking.dll (API version 3944462).
LogModuleManager: Display: Found up-to-date module file ../../../Engine/Plugins/Runtime/WindowsMoviePlayer/Binaries/Win64/UE4Editor-WindowsMoviePlayer.dll (API version 3944462).
LogPluginManager: Mounting plugin LightPropagationVolume
LogPluginManager: Mounting plugin CLionSourceCodeAccess
LogPluginManager: Mounting plugin CodeLiteSourceCodeAccess
LogPluginManager: Mounting plugin GitSourceControl
LogPluginManager: Mounting plugin KDevelopSourceCodeAccess
LogPluginManager: Mounting plugin NullSourceCodeAccess
LogPluginManager: Mounting plugin PerforceSourceControl
LogPluginManager: Mounting plugin SubversionSourceControl
LogPluginManager: Mounting plugin UObjectPlugin
LogPluginManager: Mounting plugin VisualStudioCodeSourceCodeAccess
LogPluginManager: Mounting plugin VisualStudioSourceCodeAccess
LogPluginManager: Mounting plugin XCodeSourceCodeAccess
LogPluginManager: Mounting plugin AssetManagerEditor
LogPluginManager: Mounting plugin CryptoKeys
LogPluginManager: Mounting plugin DataValidation
LogPluginManager: Mounting plugin FacialAnimation
LogPluginManager: Mounting plugin GameplayTagsEditor
LogPluginManager: Mounting plugin MobileLauncherProfileWizard
LogPluginManager: Mounting plugin PluginBrowser
LogPluginManager: Mounting plugin SpeedTreeImporter
LogPluginManager: Mounting plugin DatasmithContent
LogPluginManager: Mounting plugin AlembicImporter
LogPluginManager: Mounting plugin CharacterAI
LogPluginManager: Mounting plugin HTML5Networking
LogPluginManager: Mounting plugin ImgMedia
LogPluginManager: Mounting plugin LinearTimecode
LogPluginManager: Mounting plugin MediaCompositing
LogPluginManager: Mounting plugin MediaPlayerEditor
LogPluginManager: Mounting plugin WmfMedia
LogPluginManager: Mounting plugin TcpMessaging
LogPluginManager: Mounting plugin UdpMessaging
LogPluginManager: Mounting plugin ActorSequence
LogPluginManager: Mounting plugin LevelSequenceEditor
LogPluginManager: Mounting plugin MatineeToLevelSequence
LogPluginManager: Mounting plugin NetcodeUnitTest
LogPluginManager: Mounting plugin NUTUnrealEngine4
LogPluginManager: Mounting plugin AndroidDeviceProfileSelector
LogPluginManager: Mounting plugin AndroidMoviePlayer
LogPluginManager: Mounting plugin AppleMoviePlayer
LogPluginManager: Mounting plugin ArchVisCharacter
LogPluginManager: Mounting plugin AudioCapture
LogPluginManager: Mounting plugin CableComponent
LogPluginManager: Mounting plugin CustomMeshComponent
LogPluginManager: Mounting plugin ExampleDeviceProfileSelector
LogPluginManager: Mounting plugin ImmediatePhysics
LogPluginManager: Mounting plugin LinuxDeviceProfileSelector
LogPluginManager: Mounting plugin LocationServicesBPLibrary
LogPluginManager: Mounting plugin MobilePatchingUtils
LogPluginManager: Mounting plugin PhysXVehicles
LogPluginManager: Mounting plugin ProceduralMeshComponent
LogPluginManager: Mounting plugin RuntimePhysXCooking
LogPluginManager: Mounting plugin WindowsMoviePlayer
LogStreaming: Display: Took  0.741s to configure plugins.
LogInit: Build: ++UE4+Release-4.19-CL-4033788
LogInit: Engine Version: 4.19.2-4033788+++UE4+Release-4.19
LogInit: Compatible Engine Version: 4.19.0-3944462+++UE4+Release-4.19
LogInit: Net CL: 3944462
LogDevObjectVersion: Number of dev versions registered: 18
LogDevObjectVersion:   Dev-Blueprints (B0D832E4-1F89-4F0D-ACCF-7EB736FD4AA2): 10
LogDevObjectVersion:   Dev-Build (E1C64328-A22C-4D53-A36C-8E866417BD8C): 0
LogDevObjectVersion:   Dev-Core (375EC13C-06E4-48FB-B500-84F0262A717E): 2
LogDevObjectVersion:   Dev-Editor (E4B068ED-F494-42E9-A231-DA0B2E46BB41): 23
LogDevObjectVersion:   Dev-Framework (CFFC743F-43B0-4480-9391-14DF171D2073): 33
LogDevObjectVersion:   Dev-Mobile (B02B49B5-BB20-44E9-A304-32B752E40360): 2
LogDevObjectVersion:   Dev-Networking (A4E4105C-59A1-49B5-A7C5-40C4547EDFEE): 0
LogDevObjectVersion:   Dev-Online (39C831C9-5AE6-47DC-9A44-9C173E1C8E7C): 0
LogDevObjectVersion:   Dev-Physics (78F01B33-EBEA-4F98-B9B4-84EACCB95AA2): 0
LogDevObjectVersion:   Dev-Platform (6631380F-2D4D-43E0-8009-CF276956A95A): 0
LogDevObjectVersion:   Dev-Rendering (12F88B9F-8875-4AFC-A67C-D90C383ABD29): 25
LogDevObjectVersion:   Dev-Sequencer (7B5AE74C-D270-4C10-A958-57980B212A5A): 6
LogDevObjectVersion:   Dev-VR (D7296918-1DD6-4BDD-9DE2-64A83CC13884): 1
LogDevObjectVersion:   Dev-LoadTimes (C2A15278-BFE7-4AFE-6C17-90FF531DF755): 1
LogDevObjectVersion:   Private-Geometry (6EACA3D4-40EC-4CC1-B786-8BED09428FC5): 2
LogDevObjectVersion:   Dev-AnimPhys (29E575DD-E0A3-4627-9D10-D276232CDCEA): 16
LogDevObjectVersion:   Dev-ReflectionCapture (6B266CEC-1EC7-4B8F-A30B-E4D90942FC07): 1
LogDevObjectVersion:   Dev-Automation (0DF73D61-A23F-47EA-B727-89E90C41499A): 1
LogInit: Compiled (64-bit): Apr 27 2018 02:06:57
LogInit: Compiled with Visual C++: 19.00.24215.01
LogInit: Build Configuration: Development
LogInit: Branch Name: ++UE4+Release-4.19
LogInit: Command Line:  
LogInit: Base Directory: C:/Unreal Engine/UE_4.19/Engine/Binaries/Win64/
LogInit: Installed Engine Build: 1
LogStreaming: Display: Took  0.000s to delete old logs.
LogInit: Presizing for max 8388607 objects, including 0 objects not considered by GC, pre-allocating 0 bytes for permanent pool.
LogInit: Object subsystem initialized
[2018.05.04-01.47.02:000][  0]LogInit: Selected Device Profile: [Windows]
[2018.05.04-01.47.02:000][  0]LogInit: Applying CVar settings loaded from the selected device profile: [Windows]
[2018.05.04-01.47.02:016][  0]LogInit: Computer: ALIENWARE15-BIL
[2018.05.04-01.47.02:016][  0]LogInit: User: lv8c8
[2018.05.04-01.47.02:016][  0]LogInit: CPU Page size=4096, Cores=4
[2018.05.04-01.47.02:016][  0]LogInit: High frequency timer resolution =2.742187 MHz
[2018.05.04-01.47.02:016][  0]LogMemory: Memory total: Physical=15.9GB (16GB approx)
[2018.05.04-01.47.02:016][  0]LogMemory: Platform Memory Stats for Windows
[2018.05.04-01.47.02:016][  0]LogMemory: Process Physical Memory: 270.43 MB used, 270.43 MB peak
[2018.05.04-01.47.02:016][  0]LogMemory: Process Virtual Memory: 264.40 MB used, 264.40 MB peak
[2018.05.04-01.47.02:016][  0]LogMemory: Physical Memory: 6995.61 MB used,  9261.37 MB free, 16256.98 MB total
[2018.05.04-01.47.02:016][  0]LogMemory: Virtual Memory: 684.47 MB used,  9261.37 MB free, 134217728.00 MB total
[2018.05.04-01.47.02:439][  0]LogInit: Using OS detected language (en-US).
[2018.05.04-01.47.02:439][  0]LogInit: Using OS detected locale (zh-HK).
[2018.05.04-01.47.02:442][  0]LogTextLocalizationManager: No specific localization for 'en-US' exists, so the 'en' localization will be used.
[2018.05.04-01.47.02:914][  0]LogStreaming: Display: Took  0.474s to EndInitTextLocalization.
[2018.05.04-01.47.02:915][  0]LogInit: Setting process to per monitor DPI aware
[2018.05.04-01.47.02:975][  0]LogSlate: New Slate User Created.  User Index 0, Is Virtual User: 0
[2018.05.04-01.47.02:975][  0]LogSlate: Slate User Registered.  User Index 0, Is Virtual User: 0
[2018.05.04-01.47.03:187][  0]LogD3D11RHI: D3D11 adapters:
[2018.05.04-01.47.03:252][  0]LogD3D11RHI:    0. 'NVIDIA GeForce GTX 1070' (Feature Level 11_0)
[2018.05.04-01.47.03:252][  0]LogD3D11RHI:       8081/0/8128 MB DedicatedVideo/DedicatedSystem/SharedSystem, Outputs:2, VendorId:0x10de
[2018.05.04-01.47.03:776][  0]LogD3D11RHI:    1. 'Intel(R) HD Graphics 630' (Feature Level 11_0)
[2018.05.04-01.47.03:776][  0]LogD3D11RHI:       128/0/8128 MB DedicatedVideo/DedicatedSystem/SharedSystem, Outputs:0, VendorId:0x8086
[2018.05.04-01.47.03:779][  0]LogD3D11RHI:    2. 'Microsoft Basic Render Driver' (Feature Level 11_0)
[2018.05.04-01.47.03:779][  0]LogD3D11RHI:       0/0/8128 MB DedicatedVideo/DedicatedSystem/SharedSystem, Outputs:0, VendorId:0x1414
[2018.05.04-01.47.03:779][  0]LogD3D11RHI: Chosen D3D11 Adapter: 0
[2018.05.04-01.47.03:792][  0]LogD3D11RHI: Creating new Direct3DDevice
[2018.05.04-01.47.03:792][  0]LogD3D11RHI:     GPU DeviceId: 0x1be1 (for the marketing name, search the web for "GPU Device Id")
[2018.05.04-01.47.03:792][  0]LogWindows: EnumDisplayDevices:
[2018.05.04-01.47.03:792][  0]LogWindows:    0. 'NVIDIA GeForce GTX 1070' (P:1 D:1)
[2018.05.04-01.47.03:792][  0]LogWindows:    1. 'NVIDIA GeForce GTX 1070' (P:0 D:1)
[2018.05.04-01.47.03:792][  0]LogWindows:    2. 'NVIDIA GeForce GTX 1070' (P:0 D:0)
[2018.05.04-01.47.03:793][  0]LogWindows:    3. 'NVIDIA GeForce GTX 1070' (P:0 D:0)
[2018.05.04-01.47.03:793][  0]LogWindows:    4. 'Intel(R) HD Graphics 630' (P:0 D:0)
[2018.05.04-01.47.03:793][  0]LogWindows:    5. 'Intel(R) HD Graphics 630' (P:0 D:0)
[2018.05.04-01.47.03:793][  0]LogWindows:    6. 'Intel(R) HD Graphics 630' (P:0 D:0)
[2018.05.04-01.47.03:793][  0]LogWindows: DebugString: GetVideoDriverDetailsInvalid PrimaryIsNotTheChoosenAdapter GetVideoDriverDetailsInvalid PrimaryIsNotTheChoosenAdapter GetVideoDriverDetailsInvalid PrimaryIsNotTheChoosenAdapter GetVideoDriverDetailsInvalid PrimaryIsNotTheChoosenAdapter GetVideoDriverDetailsInvalid PrimaryIsNotTheChoosenAdapter GetVideoDriverDetailsInvalid PrimaryIsNotTheChoosenAdapter GetVideoDriverDetailsInvalid PrimaryIsNotTheChoosenAdapter FoundDriverCount:0 
[2018.05.04-01.47.03:793][  0]LogD3D11RHI:     Adapter Name: NVIDIA GeForce GTX 1070
[2018.05.04-01.47.03:793][  0]LogD3D11RHI:   Driver Version: Unknown (internal:Unknown, unified:Unknown)
[2018.05.04-01.47.03:793][  0]LogD3D11RHI:      Driver Date: Unknown
[2018.05.04-01.47.03:793][  0]LogRHI: Texture pool is 5656 MB (70% of 8081 MB)
[2018.05.04-01.47.03:828][  0]LogD3D11RHI: [Aftermath] Aftermath enabled and primed
[2018.05.04-01.47.03:828][  0]LogD3D11RHI: [Aftermath] Aftermath enabled and primed
[2018.05.04-01.47.03:828][  0]LogD3D11RHI: Async texture creation enabled
[2018.05.04-01.47.03:891][  0]LogD3D11RHI: GPU Timing Frequency: 1000.000000 (Debug: 2 2)
[2018.05.04-01.47.03:983][  0]LogShaderCompilers: Guid format shader working directory is 23 characters bigger than the processId version (../../../../AnimIntell/Intermediate/Shaders/WorkingDirectory/12576/).
[2018.05.04-01.47.03:984][  0]LogShaderCompilers: Cleaned the shader compiler working directory 'C:/Users/lv8c8/AppData/Local/Temp/UnrealShaderWorkingDir/F49C435948C9D2EF2331468F277425EC/'.
[2018.05.04-01.47.04:326][  0]LogTemp: Display: Loaded TP AllDesktopTargetPlatform
[2018.05.04-01.47.04:338][  0]LogTemp: Display: Loaded TP MacClientTargetPlatform
[2018.05.04-01.47.04:354][  0]LogTemp: Display: Loaded TP MacNoEditorTargetPlatform
[2018.05.04-01.47.04:368][  0]LogTemp: Display: Loaded TP MacServerTargetPlatform
[2018.05.04-01.47.04:384][  0]LogTemp: Display: Loaded TP MacTargetPlatform
[2018.05.04-01.47.04:399][  0]LogTemp: Display: Loaded TP WindowsClientTargetPlatform
[2018.05.04-01.47.04:414][  0]LogTemp: Display: Loaded TP WindowsNoEditorTargetPlatform
[2018.05.04-01.47.04:427][  0]LogTemp: Display: Loaded TP WindowsServerTargetPlatform
[2018.05.04-01.47.04:434][  0]LogTemp: Display: Loaded TP WindowsTargetPlatform
[2018.05.04-01.47.04:446][  0]LogTemp: Display: Loaded TP Android_ASTCTargetPlatform
[2018.05.04-01.47.04:459][  0]LogTemp: Display: Loaded TP Android_ATCTargetPlatform
[2018.05.04-01.47.04:470][  0]LogTemp: Display: Loaded TP Android_DXTTargetPlatform
[2018.05.04-01.47.04:484][  0]LogTemp: Display: Loaded TP Android_ETC1aTargetPlatform
[2018.05.04-01.47.04:501][  0]LogTemp: Display: Loaded TP Android_ETC1TargetPlatform
[2018.05.04-01.47.04:512][  0]LogTemp: Display: Loaded TP Android_ETC2TargetPlatform
[2018.05.04-01.47.04:536][  0]LogTemp: Display: Loaded TP Android_MultiTargetPlatform
[2018.05.04-01.47.04:536][  0]LogTemp: Display: Loaded TP Android_PVRTCTargetPlatform
[2018.05.04-01.47.04:554][  0]LogTemp: Display: Loaded TP AndroidTargetPlatform
[2018.05.04-01.47.04:555][  0]LogTemp: Display: Loaded TP HTML5TargetPlatform
[2018.05.04-01.47.04:592][  0]LogTemp: Display: Loaded TP IOSTargetPlatform
[2018.05.04-01.47.04:603][  0]LogTemp: Display: Loaded TP TVOSTargetPlatform
[2018.05.04-01.47.04:614][  0]LogTemp: Display: Loaded TP LinuxClientTargetPlatform
[2018.05.04-01.47.04:625][  0]LogTemp: Display: Loaded TP LinuxNoEditorTargetPlatform
[2018.05.04-01.47.04:642][  0]LogTemp: Display: Loaded TP LinuxServerTargetPlatform
[2018.05.04-01.47.04:659][  0]LogTemp: Display: Loaded TP LinuxTargetPlatform
[2018.05.04-01.47.04:659][  0]LogTargetPlatformManager: Display: Building Assets For Windows
[2018.05.04-01.47.04:776][  0]LogXGEController: Cleaning working directory: C:/Users/lv8c8/AppData/Local/Temp/UnrealXGEWorkingDir/
[2018.05.04-01.47.04:776][  0]LogXGEController: Cannot use XGE Controller as Incredibuild is not installed on this machine.
[2018.05.04-01.47.04:776][  0]LogShaderCompilers: Cannot use XGE Shader Compiler as Incredibuild is not installed on this machine.
[2018.05.04-01.47.04:776][  0]LogShaderCompilers: Display: Using Local Shader Compiler.
[2018.05.04-01.47.05:539][  0]LogDerivedDataCache: Display: Max Cache Size: 512 MB
[2018.05.04-01.47.05:613][  0]LogDerivedDataCache: Loaded boot cache 0.07s 76MB C:/Users/lv8c8/AppData/Local/UnrealEngine/4.19/DerivedDataCache/Boot.ddc.
[2018.05.04-01.47.05:613][  0]LogDerivedDataCache: Display: Loaded Boot cache: C:/Users/lv8c8/AppData/Local/UnrealEngine/4.19/DerivedDataCache/Boot.ddc
[2018.05.04-01.47.05:613][  0]LogDerivedDataCache: FDerivedDataBackendGraph:  Pak pak cache file ../../../../AnimIntell/DerivedDataCache/DDC.ddp not found, will not use a pak cache.
[2018.05.04-01.47.05:613][  0]LogDerivedDataCache: Unable to find inner node Pak for hierarchical cache Hierarchy.
[2018.05.04-01.47.05:613][  0]LogDerivedDataCache: FDerivedDataBackendGraph:  CompressedPak pak cache file ../../../../AnimIntell/DerivedDataCache/Compressed.ddp not found, will not use a pak cache.
[2018.05.04-01.47.05:613][  0]LogDerivedDataCache: Unable to find inner node CompressedPak for hierarchical cache Hierarchy.
[2018.05.04-01.47.05:630][  0]LogDerivedDataCache: Display: Pak cache opened for reading ../../../Engine/DerivedDataCache/Compressed.ddp.
[2018.05.04-01.47.05:643][  0]LogDerivedDataCache: Using Local data cache path C:/Users/lv8c8/AppData/Local/UnrealEngine/Common/DerivedDataCache: Writable
[2018.05.04-01.47.05:643][  0]LogDerivedDataCache: Shared data cache path not found in *engine.ini, will not use an Shared cache.
[2018.05.04-01.47.05:643][  0]LogDerivedDataCache: Unable to find inner node Shared for hierarchical cache Hierarchy.
[2018.05.04-01.47.05:655][  0]LogMaterial: Verifying Global Shaders for PCD3D_SM5
[2018.05.04-01.47.05:655][  0]LogSlate: Using Freetype 2.6.0
[2018.05.04-01.47.05:656][  0]LogSlate: SlateFontCache - WITH_FREETYPE: 1, WITH_HARFBUZZ: 1
[2018.05.04-01.47.05:656][  0]LogSlate: SlateFontCache - WITH_FREETYPE: 1, WITH_HARFBUZZ: 1
[2018.05.04-01.47.05:778][  0]LogAssetRegistry: FAssetRegistry took 0.0260 seconds to start up
[2018.05.04-01.47.06:107][  0]LogInit: Selected Device Profile: [Windows]
[2018.05.04-01.47.06:265][  0]LogSimplygon: Simplygon DLL not present - disabling.
[2018.05.04-01.47.06:268][  0]LogMeshReduction: Using SimplygonSwarm for distributed automatic mesh merging
[2018.05.04-01.47.06:268][  0]LogMeshReduction: Using QuadricMeshReduction for automatic static mesh reduction
[2018.05.04-01.47.06:268][  0]LogMeshReduction: No automatic skeletal mesh reduction module available
[2018.05.04-01.47.06:268][  0]LogMeshReduction: No automatic mesh merging module available
[2018.05.04-01.47.06:268][  0]LogMeshMerging: No automatic mesh merging module available
[2018.05.04-01.47.06:302][  0]LogNetVersion: AnimIntell , NetCL: 3944462, EngineNetVer: 2, GameNetVer: 0 (Checksum: 4002647037)
[2018.05.04-01.47.06:807][  0]LogPackageLocalizationCache: Processed 5 localized package path(s) for 2 prioritized culture(s) in 0.085807 seconds
[2018.05.04-01.47.06:815][  0]LogUObjectArray: 35460 objects as part of root set at end of initial load.
[2018.05.04-01.47.06:815][  0]LogUObjectAllocator: 6844688 out of 0 bytes used by permanent object pool.
[2018.05.04-01.47.06:815][  0]LogUObjectArray: CloseDisregardForGC: 0/0 objects in disregard for GC pool
[2018.05.04-01.47.06:826][  0]LogInit: WinSock: version 1.1 (2.2), MaxSocks=32767, MaxUdp=65467
[2018.05.04-01.47.08:585][  0]LogTcpMessaging: Initializing TcpMessaging bridge
[2018.05.04-01.47.08:612][  0]LogUdpMessaging: Initializing bridge on interface 0.0.0.0:0 to multicast group 230.0.0.1:6666.
[2018.05.04-01.47.08:864][  0]SourceControl: Source control is disabled
[2018.05.04-01.47.08:864][  0]SourceControl: Source control is disabled
[2018.05.04-01.47.08:880][  0]SourceControl: Source control is disabled
[2018.05.04-01.47.08:895][  0]SourceControl: Source control is disabled
[2018.05.04-01.47.09:542][  0]LogLinker: Warning: Can't find file '/Script/OnlineSubsystemUtils'
[2018.05.04-01.47.09:542][  0]LogLinker: Warning: Can't find file '/Script/OnlineSubsystemUtils'
[2018.05.04-01.47.09:600][  0]LogEngine: Initializing Engine...
[2018.05.04-01.47.09:601][  0]LogStats: UGameplayTagsManager::ConstructGameplayTagTree: Construct from data asset -  0.000 s
[2018.05.04-01.47.09:601][  0]LogStats: UGameplayTagsManager::ConstructGameplayTagTree: GameplayTagTreeChangedEvent.Broadcast -  0.000 s
[2018.05.04-01.47.09:830][  0]LogAIModule: Creating AISystem for world Untitled
[2018.05.04-01.47.09:927][  0]LogInit: XAudio2 using 'スピーカー / ヘッドホン (Realtek Audio)' : 6 channels at 48 kHz using 32 bits per sample (channel mask 0x3f)
[2018.05.04-01.47.10:399][  0]LogInit: FAudioDevice initialized.
[2018.05.04-01.47.10:456][  0]LogDerivedDataCache: Saved boot cache 0.06s 76MB C:/Users/lv8c8/AppData/Local/UnrealEngine/4.19/DerivedDataCache/Boot.ddc.
[2018.05.04-01.47.10:472][  0]LogInit: Texture streaming: Enabled
[2018.05.04-01.47.10:501][  0]LogInit: Using libcurl 7.47.1
[2018.05.04-01.47.10:501][  0]LogInit:  - built for x86_64-pc-win32
[2018.05.04-01.47.10:501][  0]LogInit:  - supports SSL with OpenSSL/1.0.2g
[2018.05.04-01.47.10:501][  0]LogInit:  - supports HTTP deflate (compression) using libz 1.2.8
[2018.05.04-01.47.10:501][  0]LogInit:  - other features:
[2018.05.04-01.47.10:501][  0]LogInit:      CURL_VERSION_SSL
[2018.05.04-01.47.10:501][  0]LogInit:      CURL_VERSION_LIBZ
[2018.05.04-01.47.10:501][  0]LogInit:      CURL_VERSION_IPV6
[2018.05.04-01.47.10:501][  0]LogInit:      CURL_VERSION_ASYNCHDNS
[2018.05.04-01.47.10:501][  0]LogInit:      CURL_VERSION_LARGEFILE
[2018.05.04-01.47.10:501][  0]LogInit:      CURL_VERSION_IDN
[2018.05.04-01.47.10:503][  0]LogInit:  CurlRequestOptions (configurable via config and command line):
[2018.05.04-01.47.10:503][  0]LogInit:  - bVerifyPeer = false  - Libcurl will NOT verify peer certificate
[2018.05.04-01.47.10:503][  0]LogInit:  - bUseHttpProxy = false  - Libcurl will NOT use HTTP proxy
[2018.05.04-01.47.10:503][  0]LogInit:  - bDontReuseConnections = false  - Libcurl will reuse connections
[2018.05.04-01.47.10:503][  0]LogInit:  - CertBundlePath = nullptr  - Libcurl will use whatever was configured at build time.
[2018.05.04-01.47.10:503][  0]LogInit:  - MaxHostConnections = 16  - Libcurl will limit the number of connections to a host
[2018.05.04-01.47.10:503][  0]LogInit:  - LocalHostAddr = Default
[2018.05.04-01.47.10:518][  0]LogEngineSessionManager: EngineSessionManager initialized
[2018.05.04-01.47.10:535][  0]LogInit: Transaction tracking system initialized
[2018.05.04-01.47.10:567][  0]BlueprintLog: New page: Editor Load
[2018.05.04-01.47.10:670][  0]LocalizationService: Localization service is disabled
[2018.05.04-01.47.10:772][  0]LogConsoleResponse: Display: 
[2018.05.04-01.47.10:937][  0]LogCook: Display: Max memory allowance for cook 16384mb min free memory 0mb
[2018.05.04-01.47.10:938][  0]LogCook: Display: Mobile HDR setting 1
[2018.05.04-01.47.10:938][  0]LogGameplayTags: Display: UGameplayTagsManager::DoneAddingNativeTags. DelegateIsBound: 0
[2018.05.04-01.47.10:938][  0]LogStats: UGameplayTagsManager::ConstructGameplayTagTree: Construct from data asset -  0.000 s
[2018.05.04-01.47.10:938][  0]LogStats: UGameplayTagsManager::ConstructGameplayTagTree: GameplayTagTreeChangedEvent.Broadcast -  0.000 s
[2018.05.04-01.47.11:197][  0]LogFileCache: Scanning file cache for directory 'C:/Unreal Engine/AnimIntell/Content/' took 0.05s
[2018.05.04-01.47.11:197][  0]SourceControl: Source control is disabled
[2018.05.04-01.47.11:197][  0]Cmd: MAP LOAD FILE="../../../../AnimIntell/Content/Level/ThirdPersonExampleMap.umap" TEMPLATE=0 SHOWPROGRESS=1 FEATURELEVEL=3
[2018.05.04-01.47.11:198][  0]LightingResults: New page: Lighting Build
[2018.05.04-01.47.11:201][  0]MapCheck: New page: Map Check
[2018.05.04-01.47.11:201][  0]LightingResults: New page: Lighting Build
[2018.05.04-01.47.11:297][  0]LogUObjectGlobals: Created PersistentFrame Addr=0x0000018a35692f80, Size=368, Default__ShinbiPlayerCharacter_C Function /Game/Assets/ParagonShinbi/Characters/Heroes/Shinbi/ShinbiPlayerCharacter.ShinbiPlayerCharacter_C:ExecuteUbergraph_ShinbiPlayerCharacter
[2018.05.04-01.47.11:301][  0]LogUObjectGlobals: Created PersistentFrame Addr=0x0000018a35745bc0, Size=304, Default__Shinbi_AnimBlueprint_C Function /Game/Assets/ParagonShinbi/Characters/Heroes/Shinbi/Shinbi_AnimBlueprint.Shinbi_AnimBlueprint_C:ExecuteUbergraph_Shinbi_AnimBlueprint
[2018.05.04-01.47.11:656][  0]LogUObjectGlobals: Destroyed PersistentFrame Addr=0x0000018a35745bc0, Size=304
[2018.05.04-01.47.11:656][  0]LogUObjectGlobals: Created PersistentFrame Addr=0x0000018a384411c0, Size=304, Default__Shinbi_AnimBlueprint_C Function /Engine/Transient.REINST_Shinbi_AnimBlueprint_C_0:ExecuteUbergraph_Shinbi_AnimBlueprint
[2018.05.04-01.47.11:657][  0]LogUObjectGlobals: Destroyed PersistentFrame Addr=0x0000018a35692f80, Size=368
[2018.05.04-01.47.11:657][  0]LogUObjectGlobals: Created PersistentFrame Addr=0x0000018a39738400, Size=368, Default__ShinbiPlayerCharacter_C Function /Engine/Transient.REINST_ShinbiPlayerCharacter_C_3:ExecuteUbergraph_ShinbiPlayerCharacter
[2018.05.04-01.47.11:682][  0]LogUObjectGlobals: Created PersistentFrame Addr=0x0000018a396f0a40, Size=304, Default__Shinbi_AnimBlueprint_C Function /Game/Assets/ParagonShinbi/Characters/Heroes/Shinbi/Shinbi_AnimBlueprint.Shinbi_AnimBlueprint_C:ExecuteUbergraph_Shinbi_AnimBlueprint
[2018.05.04-01.47.11:684][  0]LogUObjectGlobals: Created PersistentFrame Addr=0x0000018a35692500, Size=368, Default__ShinbiPlayerCharacter_C Function /Game/Assets/ParagonShinbi/Characters/Heroes/Shinbi/ShinbiPlayerCharacter.ShinbiPlayerCharacter_C:ExecuteUbergraph_ShinbiPlayerCharacter
[2018.05.04-01.47.11:801][  0]LogUObjectGlobals: Created PersistentFrame Addr=0x0000018a3939ac00, Size=456, Default__BP_North_C Function /Game/Blueprints/BP_North.BP_North_C:ExecuteUbergraph_BP_North
[2018.05.04-01.47.11:803][  0]LogUObjectGlobals: Created PersistentFrame Addr=0x0000018a390b9300, Size=320, Default__ABP_North_C Function /Game/Animation/ABP_North.ABP_North_C:ExecuteUbergraph_ABP_North
[2018.05.04-01.47.11:900][  0]LogUObjectGlobals: Destroyed PersistentFrame Addr=0x0000018a390b9300, Size=320
[2018.05.04-01.47.11:900][  0]LogUObjectGlobals: Created PersistentFrame Addr=0x0000018a54726980, Size=320, Default__ABP_North_C Function /Engine/Transient.REINST_ABP_North_C_1:ExecuteUbergraph_ABP_North
[2018.05.04-01.47.11:902][  0]LogUObjectGlobals: Destroyed PersistentFrame Addr=0x0000018a3939ac00, Size=456
[2018.05.04-01.47.11:902][  0]LogUObjectGlobals: Created PersistentFrame Addr=0x0000018a547a8800, Size=456, Default__BP_North_C Function /Engine/Transient.REINST_BP_North_C_6:ExecuteUbergraph_BP_North
[2018.05.04-01.47.11:942][  0]LogUObjectGlobals: Created PersistentFrame Addr=0x0000018a54c4ccc0, Size=320, Default__ABP_North_C Function /Game/Animation/ABP_North.ABP_North_C:ExecuteUbergraph_ABP_North
[2018.05.04-01.47.11:948][  0]LogUObjectGlobals: Created PersistentFrame Addr=0x0000018a54e05600, Size=456, Default__BP_North_C Function /Game/Blueprints/BP_North.BP_North_C:ExecuteUbergraph_BP_North
[2018.05.04-01.47.12:292][  0]LogUObjectGlobals: Created PersistentFrame Addr=0x0000018a55292b30, Size=48, Default__ThirdPersonExampleMap_C Function /Game/Level/ThirdPersonExampleMap.ThirdPersonExampleMap_C:ExecuteUbergraph_ThirdPersonExampleMap
[2018.05.04-01.47.12:294][  0]LogUObjectGlobals: Destroyed PersistentFrame Addr=0x0000018a55292b30, Size=48
[2018.05.04-01.47.12:294][  0]LogUObjectGlobals: Created PersistentFrame Addr=0x0000018a55292b30, Size=48, Default__ThirdPersonExampleMap_C Function /Engine/Transient.REINST_ThirdPersonExampleMap_C_15:ExecuteUbergraph_ThirdPersonExampleMap
[2018.05.04-01.47.12:295][  0]LogUObjectGlobals: Created PersistentFrame Addr=0x0000018a55293130, Size=48, Default__ThirdPersonExampleMap_C Function /Game/Level/ThirdPersonExampleMap.ThirdPersonExampleMap_C:ExecuteUbergraph_ThirdPersonExampleMap
[2018.05.04-01.47.12:679][  0]LogSkeletalMesh: Skeletal Mesh found in DDC [35.327641ms] /Game/Assets/ParagonShinbi/Characters/Heroes/Shinbi/Meshes/Shinbi.Shinbi
[2018.05.04-01.47.13:109][  0]LogSkeletalMesh: Skeletal Mesh found in DDC [1.463431ms] /Game/Assets/Bei_Character/Meshes/SK_Bei416.SK_Bei416
[2018.05.04-01.47.13:240][  0]LogAIModule: Creating AISystem for world ThirdPersonExampleMap
[2018.05.04-01.47.13:283][  0]LogScriptCore: Warning: Script Msg: Divide by zero detected: 179.999985 / 0
Script call stack:
	Function /Game/Assets/ParagonShinbi/Characters/Heroes/Shinbi/Shinbi_AnimBlueprint.Shinbi_AnimBlueprint_C:BlueprintUpdateAnimation
	Function /Game/Assets/ParagonShinbi/Characters/Heroes/Shinbi/Shinbi_AnimBlueprint.Shinbi_AnimBlueprint_C:ExecuteUbergraph_Shinbi_AnimBlueprint

[2018.05.04-01.47.13:288][  0]LogEditorServer: Finished looking for orphan Actors (0.000 secs)
[2018.05.04-01.47.13:303][  0]LogUObjectGlobals: Destroyed PersistentFrame Addr=0x0000018a39738400, Size=368
[2018.05.04-01.47.13:303][  0]LogUObjectGlobals: Destroyed PersistentFrame Addr=0x0000018a384411c0, Size=304
[2018.05.04-01.47.13:303][  0]LogUObjectGlobals: Destroyed PersistentFrame Addr=0x0000018a547a8800, Size=456
[2018.05.04-01.47.13:303][  0]LogUObjectGlobals: Destroyed PersistentFrame Addr=0x0000018a54726980, Size=320
[2018.05.04-01.47.13:304][  0]LogUObjectGlobals: Destroyed PersistentFrame Addr=0x0000018a55292b30, Size=48
[2018.05.04-01.47.13:305][  0]Cmd: MAP CHECKDEP NOCLEARLOG
[2018.05.04-01.47.13:423][  0]MapCheck: Map check complete: 0 Error(s), 0 Warning(s), took 117.634ms to complete.
[2018.05.04-01.47.13:423][  0]LogFileHelpers: Loading map 'ThirdPersonExampleMap' took 2.226
[2018.05.04-01.47.13:569][  0]LogCollectionManager: Loaded 0 collections in 0.001904 seconds
[2018.05.04-01.47.13:618][  0]LogFileCache: Scanning file cache for directory 'C:/Unreal Engine/AnimIntell/Saved/Collections/' took 0.01s
[2018.05.04-01.47.13:618][  0]LogFileCache: Scanning file cache for directory 'C:/Unreal Engine/AnimIntell/Content/Developers/lv8c8/Collections/' took 0.01s
[2018.05.04-01.47.13:618][  0]LogFileCache: Scanning file cache for directory 'C:/Unreal Engine/AnimIntell/Content/Collections/' took 0.01s
[2018.05.04-01.47.13:618][  0]LogCollectionManager: Rebuilt the GUID cache for 0 collections in 0.000000 seconds
[2018.05.04-01.47.13:633][  0]LogContentBrowser: Native class hierarchy populated in 0.0140 seconds. Added 2319 classes and 498 folders.
[2018.05.04-01.47.13:644][  0]LogContentBrowser: Native class hierarchy updated for 'WidgetCarousel' in 0.0002 seconds. Added 0 classes and 0 folders.
[2018.05.04-01.47.13:685][  0]LogContentBrowser: Native class hierarchy updated for 'AddContentDialog' in 0.0002 seconds. Added 0 classes and 0 folders.
[2018.05.04-01.47.13:693][  0]LogContentBrowser: Native class hierarchy updated for 'SceneOutliner' in 0.0002 seconds. Added 1 classes and 2 folders.
[2018.05.04-01.47.13:787][  0]LogSlate: Took 0.000362 seconds to synchronously load lazily loaded font '../../../Engine/Content/Slate/Fonts/Roboto-Regular.ttf' (155K)
[2018.05.04-01.47.13:792][  0]LogSlate: Took 0.000146 seconds to synchronously load lazily loaded font '../../../Engine/Content/Slate/Fonts/Roboto-Bold.ttf' (160K)
[2018.05.04-01.47.13:796][  0]LogSlate: Took 0.000143 seconds to synchronously load lazily loaded font '../../../Engine/Content/Editor/Slate/Fonts/FontAwesome.ttf' (139K)
[2018.05.04-01.47.13:905][  0]LogRenderer: Reallocating scene render targets to support 1076x548 Format 10 NumSamples 1 (Frame:1).
[2018.05.04-01.47.14:047][  0]LogContentBrowser: Native class hierarchy updated for 'HierarchicalLODOutliner' in 0.0004 seconds. Added 0 classes and 0 folders.
[2018.05.04-01.47.14:047][  0]LogLoad: (Engine Initialization) Total time: 14.10 seconds
[2018.05.04-01.47.14:047][  0]LogLoad: (Engine Initialization) Total Blueprint compile time: 0.00 seconds
[2018.05.04-01.47.14:065][  0]LogWindowsTextInputMethodSystem: Display: IME system now deactivated.
[2018.05.04-01.47.14:087][  0]LogContentStreaming: Texture pool size now 1000 MB
[2018.05.04-01.47.14:146][  0]LogSlate: Took 0.000146 seconds to synchronously load lazily loaded font '../../../Engine/Content/Slate/Fonts/Roboto-Light.ttf' (167K)
[2018.05.04-01.47.14:235][  3]LogAssetRegistry: Asset discovery search completed in 8.4786 seconds
[2018.05.04-01.47.14:239][  3]LogCollectionManager: Rebuilt the object cache for 0 collections in 0.000000 seconds (found 0 objects)
[2018.05.04-01.47.14:239][  3]LogCollectionManager: Fixed up redirectors for 0 collections in 0.000083 seconds (updated 0 objects)
[2018.05.04-01.47.48:974][ 83]LogSlate: FSceneViewport::OnFocusLost() reason 2
[2018.05.04-01.47.50:597][180]LogSlate: FSceneViewport::OnFocusLost() reason 2
[2018.05.04-01.47.55:601][416]LogSlate: Window 'Message' being destroyed
[2018.05.04-01.47.56:875][492]LogSlate: FSceneViewport::OnFocusLost() reason 0
[2018.05.04-01.47.56:997][500]Cmd: CLOSE_SLATE_MAINFRAME
[2018.05.04-01.47.57:186][500]LogSlate: Window 'Plugins' being destroyed
[2018.05.04-01.47.57:193][500]LogDirectoryWatcher: A directory notification for '../../../Engine/Plugins/' was aborted.
[2018.05.04-01.47.57:193][500]LogDirectoryWatcher: A directory notification for '../../../../AnimIntell/Plugins/' was aborted.
[2018.05.04-01.47.57:194][500]LogSlate: Window 'AnimIntell - Unreal Editor' being destroyed
[2018.05.04-01.47.57:194][500]LogWindowsTextInputMethodSystem: Display: IME system now deactivated.
[2018.05.04-01.47.57:428][501]Cmd: QUIT_EDITOR
[2018.05.04-01.47.57:514][501]LogSlate: Slate User Destroyed.  User Index 0, Is Virtual User: 0
[2018.05.04-01.47.57:514][501]LogExit: Preparing to exit.
[2018.05.04-01.47.57:649][501]LogDirectoryWatcher: A directory notification for 'C:/Unreal Engine/AnimIntell/Content/' was aborted.
[2018.05.04-01.47.57:676][501]LogExit: Editor shut down
[2018.05.04-01.47.57:678][501]LogExit: Transaction tracking system shut down
[2018.05.04-01.47.57:682][501]LogUObjectGlobals: Destroyed PersistentFrame Addr=0x0000018a396f0a40, Size=304
[2018.05.04-01.47.57:682][501]LogUObjectGlobals: Destroyed PersistentFrame Addr=0x0000018a35692500, Size=368
[2018.05.04-01.47.57:683][501]LogUObjectGlobals: Destroyed PersistentFrame Addr=0x0000018a54c4ccc0, Size=320
[2018.05.04-01.47.57:683][501]LogUObjectGlobals: Destroyed PersistentFrame Addr=0x0000018a54e05600, Size=456
[2018.05.04-01.47.57:684][501]LogUObjectGlobals: Destroyed PersistentFrame Addr=0x0000018a55293130, Size=48
[2018.05.04-01.47.57:825][501]LogDirectoryWatcher: A directory notification for '../../../Engine/Content/' was aborted.
[2018.05.04-01.47.57:825][501]LogDirectoryWatcher: A directory notification for '../../../../AnimIntell/Content/' was aborted.
[2018.05.04-01.47.57:825][501]LogDirectoryWatcher: A directory notification for '../../Plugins/Enterprise/DatasmithContent/Content/' was aborted.
[2018.05.04-01.47.57:825][501]LogDirectoryWatcher: A directory notification for '../../Plugins/Media/MediaCompositing/Content/' was aborted.
[2018.05.04-01.47.57:903][501]LogExit: Object subsystem successfully closed.
[2018.05.04-01.47.57:922][501]LogShaderCompilers: Display: Shaders left to compile 0
[2018.05.04-01.47.57:930][501]LogD3D11RHI: Shutdown
[2018.05.04-01.47.57:930][501]LogD3D11RHI: CleanupD3DDevice
[2018.05.04-01.47.57:933][501]LogD3D11RHI: ~FD3D11DynamicRHI
[2018.05.04-01.47.57:953][501]LogModuleManager: Shutting down and abandoning module HierarchicalLODOutliner (528)
[2018.05.04-01.47.57:953][501]LogModuleManager: Shutting down and abandoning module SceneOutliner (526)
[2018.05.04-01.47.57:953][501]LogModuleManager: Shutting down and abandoning module AddContentDialog (524)
[2018.05.04-01.47.57:953][501]LogDirectoryWatcher: A directory notification for 'C:/Unreal Engine/UE_4.19/FeaturePacks/' was aborted.
[2018.05.04-01.47.57:953][501]LogModuleManager: Shutting down and abandoning module WidgetCarousel (523)
[2018.05.04-01.47.57:953][501]LogModuleManager: Shutting down and abandoning module EditorWidgets (520)
[2018.05.04-01.47.57:953][501]LogModuleManager: Shutting down and abandoning module CollectionManager (518)
[2018.05.04-01.47.57:954][501]LogDirectoryWatcher: A directory notification for 'C:/Unreal Engine/AnimIntell/Content/Collections/' was aborted.
[2018.05.04-01.47.57:954][501]LogDirectoryWatcher: A directory notification for 'C:/Unreal Engine/AnimIntell/Content/Developers/lv8c8/Collections/' was aborted.
[2018.05.04-01.47.57:954][501]LogDirectoryWatcher: A directory notification for 'C:/Unreal Engine/AnimIntell/Saved/Collections/' was aborted.
[2018.05.04-01.47.57:954][501]LogModuleManager: Shutting down and abandoning module WorldBrowser (516)
[2018.05.04-01.47.57:954][501]LogModuleManager: Shutting down and abandoning module StatsViewer (514)
[2018.05.04-01.47.57:954][501]LogModuleManager: Shutting down and abandoning module FoliageEdit (512)
[2018.05.04-01.47.57:954][501]LogModuleManager: Shutting down and abandoning module LandscapeEditor (510)
[2018.05.04-01.47.57:954][501]LogModuleManager: Shutting down and abandoning module MeshPaintMode (508)
[2018.05.04-01.47.57:954][501]LogModuleManager: Shutting down and abandoning module MeshPaint (507)
[2018.05.04-01.47.57:954][501]LogModuleManager: Shutting down and abandoning module SceneDepthPickerMode (504)
[2018.05.04-01.47.57:954][501]LogModuleManager: Shutting down and abandoning module ActorPickerMode (502)
[2018.05.04-01.47.57:954][501]LogModuleManager: Shutting down and abandoning module GeometryMode (500)
[2018.05.04-01.47.57:954][501]LogModuleManager: Shutting down and abandoning module TextureAlignMode (498)
[2018.05.04-01.47.57:954][501]LogModuleManager: Shutting down and abandoning module BspMode (496)
[2018.05.04-01.47.57:954][501]LogModuleManager: Shutting down and abandoning module PIEPreviewDeviceProfileSelector (494)
[2018.05.04-01.47.57:954][501]LogModuleManager: Shutting down and abandoning module HardwareSurvey (492)
[2018.05.04-01.47.57:954][501]LogModuleManager: Shutting down and abandoning module SequenceRecorderSections (490)
[2018.05.04-01.47.57:954][501]LogModuleManager: Shutting down and abandoning module AutomationWorker (488)
[2018.05.04-01.47.57:954][501]LogModuleManager: Shutting down and abandoning module AudioCaptureEditor (486)
[2018.05.04-01.47.57:954][501]LogModuleManager: Shutting down and abandoning module SequenceRecorder (485)
[2018.05.04-01.47.57:954][501]LogModuleManager: Shutting down and abandoning module MatineeToLevelSequence (482)
[2018.05.04-01.47.57:954][501]LogModuleManager: Shutting down and abandoning module LevelSequenceEditor (480)
[2018.05.04-01.47.57:954][501]LogModuleManager: Shutting down and abandoning module PlacementMode (479)
[2018.05.04-01.47.57:954][501]LogModuleManager: Shutting down and abandoning module MaterialEditor (478)
[2018.05.04-01.47.57:954][501]LogModuleManager: Shutting down and abandoning module WmfMediaFactory (474)
[2018.05.04-01.47.57:954][501]LogModuleManager: Shutting down and abandoning module WmfMediaEditor (472)
[2018.05.04-01.47.57:954][501]LogModuleManager: Shutting down and abandoning module MediaPlayerEditor (470)
[2018.05.04-01.47.57:954][501]LogModuleManager: Shutting down and abandoning module OpenExrWrapper (468)
[2018.05.04-01.47.57:954][501]LogModuleManager: Shutting down and abandoning module ImgMediaFactory (466)
[2018.05.04-01.47.57:954][501]LogModuleManager: Shutting down and abandoning module ImgMediaEditor (464)
[2018.05.04-01.47.57:954][501]LogModuleManager: Shutting down and abandoning module CharacterAI (462)
[2018.05.04-01.47.57:955][501]LogModuleManager: Shutting down and abandoning module SessionServices (460)
[2018.05.04-01.47.57:955][501]LogModuleManager: Shutting down and abandoning module ViewportSnapping (458)
[2018.05.04-01.47.57:955][501]LogModuleManager: Shutting down and abandoning module ViewportInteraction (456)
[2018.05.04-01.47.57:955][501]LogModuleManager: Shutting down and abandoning module ClothPainter (454)
[2018.05.04-01.47.57:955][501]LogModuleManager: Shutting down and abandoning module SkeletalMeshEditor (453)
[2018.05.04-01.47.57:955][501]LogModuleManager: Shutting down and abandoning module LogVisualizer (450)
[2018.05.04-01.47.57:955][501]LogModuleManager: Shutting down and abandoning module IntroTutorials (448)
[2018.05.04-01.47.57:955][501]LogModuleManager: Shutting down and abandoning module GameProjectGeneration (447)
[2018.05.04-01.47.57:955][501]LogModuleManager: Shutting down and abandoning module IOSPlatformEditor (444)
[2018.05.04-01.47.57:955][501]LogModuleManager: Shutting down and abandoning module HTML5PlatformEditor (442)
[2018.05.04-01.47.57:955][501]LogModuleManager: Shutting down and abandoning module AndroidPlatformEditor (440)
[2018.05.04-01.47.57:955][501]LogModuleManager: Shutting down and abandoning module AndroidDeviceDetection (439)
[2018.05.04-01.47.58:738][501]LogModuleManager: Shutting down and abandoning module WindowsPlatformEditor (436)
[2018.05.04-01.47.58:738][501]LogModuleManager: Shutting down and abandoning module IOSRuntimeSettings (434)
[2018.05.04-01.47.58:738][501]LogModuleManager: Shutting down and abandoning module AndroidRuntimeSettings (432)
[2018.05.04-01.47.58:738][501]LogModuleManager: Shutting down and abandoning module InputBindingEditor (430)
[2018.05.04-01.47.58:738][501]LogModuleManager: Shutting down and abandoning module MergeActors (428)
[2018.05.04-01.47.58:738][501]LogModuleManager: Shutting down and abandoning module LocalizationDashboard (426)
[2018.05.04-01.47.58:738][501]LogModuleManager: Shutting down and abandoning module LocalizationService (425)
[2018.05.04-01.47.58:738][501]LogModuleManager: Shutting down and abandoning module HardwareTargeting (422)
[2018.05.04-01.47.58:738][501]LogModuleManager: Shutting down and abandoning module DeviceProfileEditor (420)
[2018.05.04-01.47.58:738][501]LogModuleManager: Shutting down and abandoning module UndoHistory (418)
[2018.05.04-01.47.58:738][501]LogModuleManager: Shutting down and abandoning module XmlParser (416)
[2018.05.04-01.47.58:738][501]LogModuleManager: Shutting down and abandoning module Blutility (414)
[2018.05.04-01.47.58:738][501]LogModuleManager: Shutting down and abandoning module ProjectSettingsViewer (412)
[2018.05.04-01.47.58:740][501]LogModuleManager: Shutting down and abandoning module ProjectTargetPlatformEditor (411)
[2018.05.04-01.47.58:740][501]LogModuleManager: Shutting down and abandoning module EditorSettingsViewer (408)
[2018.05.04-01.47.58:740][501]LogModuleManager: Shutting down and abandoning module SettingsEditor (406)
[2018.05.04-01.47.58:740][501]LogModuleManager: Shutting down and abandoning module ProjectLauncher (404)
[2018.05.04-01.47.58:740][501]LogModuleManager: Shutting down and abandoning module SessionFrontend (402)
[2018.05.04-01.47.58:740][501]LogModuleManager: Shutting down and abandoning module ProfilerClient (400)
[2018.05.04-01.47.58:740][501]LogModuleManager: Shutting down and abandoning module DeviceManager (398)
[2018.05.04-01.47.58:740][501]LogModuleManager: Shutting down and abandoning module TargetDeviceServices (397)
[2018.05.04-01.47.58:795][501]LogModuleManager: Shutting down and abandoning module AutomationController (394)
[2018.05.04-01.47.58:795][501]LogModuleManager: Shutting down and abandoning module AutomationWindow (392)
[2018.05.04-01.47.58:795][501]LogModuleManager: Shutting down and abandoning module Layers (390)
[2018.05.04-01.47.58:795][501]LogModuleManager: Shutting down and abandoning module ComponentVisualizers (388)
[2018.05.04-01.47.58:795][501]LogModuleManager: Shutting down and abandoning module DetailCustomizations (386)
[2018.05.04-01.47.58:795][501]LogModuleManager: Shutting down and abandoning module PackagesDialog (384)
[2018.05.04-01.47.58:795][501]LogModuleManager: Shutting down and abandoning module Persona (382)
[2018.05.04-01.47.58:795][501]LogModuleManager: Shutting down and abandoning module AdvancedPreviewScene (381)
[2018.05.04-01.47.58:795][501]LogModuleManager: Shutting down and abandoning module AnimGraph (379)
[2018.05.04-01.47.58:795][501]LogModuleManager: Shutting down and abandoning module Kismet (376)
[2018.05.04-01.47.58:795][501]LogModuleManager: Shutting down and abandoning module GraphEditor (374)
[2018.05.04-01.47.58:796][501]LogModuleManager: Shutting down and abandoning module ClassViewer (372)
[2018.05.04-01.47.58:796][501]LogModuleManager: Shutting down and abandoning module Toolbox (370)
[2018.05.04-01.47.58:796][501]LogModuleManager: Shutting down and abandoning module ModuleUI (368)
[2018.05.04-01.47.58:796][501]LogModuleManager: Shutting down and abandoning module MovieSceneTools (366)
[2018.05.04-01.47.58:796][501]LogModuleManager: Shutting down and abandoning module OutputLog (364)
[2018.05.04-01.47.58:796][501]LogModuleManager: Shutting down and abandoning module GammaUI (362)
[2018.05.04-01.47.58:796][501]LogModuleManager: Shutting down and abandoning module Documentation (360)
[2018.05.04-01.47.58:796][501]LogModuleManager: Shutting down and abandoning module MovieSceneTracks (358)
[2018.05.04-01.47.58:796][501]LogModuleManager: Shutting down and abandoning module MovieScene (356)
[2018.05.04-01.47.58:796][501]LogModuleManager: Shutting down and abandoning module StreamingPauseRendering (354)
[2018.05.04-01.47.58:796][501]LogModuleManager: Shutting down and abandoning module LauncherPlatform (352)
[2018.05.04-01.47.58:796][501]LogModuleManager: Shutting down and abandoning module AnalyticsET (350)
[2018.05.04-01.47.58:796][501]LogModuleManager: Shutting down and abandoning module HTTP (349)
[2018.05.04-01.47.58:796][501]LogHttp: Display: Http module shutting down, but needs to wait on 1 outstanding Http requests:
[2018.05.04-01.47.58:796][501]LogHttp: Display: 	verb=[POST] url=[https://datarouter.ol.epicgames.com/datarouter/api/v1/public/data?SessionID=%7B39EB9848-4C8B-E50C-DFDE-AAA75DD3AE69%7D&AppID=UEEditor.Rocket.Release&AppVersion=4.19.2-4033788%2B%2B%2BUE4%2BRelease-4.19&UserID=959b1d134c9e8b6747f5589c7525eb34%7Ce52e72fafb94407094116862e3dbe84e%7Cd5b091bc-688d-4f8a-b9c9-c9ebdc85bbbd&AppEnvironment=datacollector-binary&UploadType=eteventstream] status=Processing
[2018.05.04-01.47.58:796][501]LogHttp: Display: Sleeping 0.5s to wait for 1 outstanding Http requests.
[2018.05.04-01.47.59:297][501]LogHttp: Display: Sleeping 0.5s to wait for 1 outstanding Http requests.
[2018.05.04-01.47.59:798][501]LogHttp: Display: Sleeping 0.5s to wait for 1 outstanding Http requests.
[2018.05.04-01.48.00:298][501]LogHttp: Display: Sleeping 0.5s to wait for 1 outstanding Http requests.
[2018.05.04-01.48.00:799][501]LogHttp: Display: Sleeping 0.5s to wait for 1 outstanding Http requests.
[2018.05.04-01.48.01:299][501]LogHttp: Display: Sleeping 0.5s to wait for 1 outstanding Http requests.
[2018.05.04-01.48.01:799][501]LogHttp: Display: Sleeping 0.5s to wait for 1 outstanding Http requests.
[2018.05.04-01.48.02:300][501]LogHttp: Display: Sleeping 0.5s to wait for 1 outstanding Http requests.
[2018.05.04-01.48.02:800][501]LogHttp: Display: Sleeping 0.5s to wait for 1 outstanding Http requests.
[2018.05.04-01.48.03:300][501]LogHttp: Display: Sleeping 0.5s to wait for 1 outstanding Http requests.
[2018.05.04-01.48.03:801][501]LogHttp: Display: Sleeping 0.5s to wait for 1 outstanding Http requests.
[2018.05.04-01.48.04:301][501]LogHttp: Display: Sleeping 0.5s to wait for 1 outstanding Http requests.
[2018.05.04-01.48.04:802][501]LogHttp: Display: Sleeping 0.5s to wait for 1 outstanding Http requests.
[2018.05.04-01.48.05:302][501]LogHttp: Display: Sleeping 0.5s to wait for 1 outstanding Http requests.
[2018.05.04-01.48.05:803][501]LogHttp: Display: Sleeping 0.5s to wait for 1 outstanding Http requests.
[2018.05.04-01.48.06:303][501]LogHttp: Display: Sleeping 0.5s to wait for 1 outstanding Http requests.
[2018.05.04-01.48.06:803][501]LogHttp: Display: Sleeping 0.5s to wait for 1 outstanding Http requests.
[2018.05.04-01.48.07:304][501]LogHttp: Display: Sleeping 0.5s to wait for 1 outstanding Http requests.
[2018.05.04-01.48.07:804][501]LogHttp: Display: Sleeping 0.5s to wait for 1 outstanding Http requests.
[2018.05.04-01.48.08:304][501]LogHttp: Display: Sleeping 0.5s to wait for 1 outstanding Http requests.
[2018.05.04-01.48.08:805][501]LogHttp: Display: Sleeping 0.5s to wait for 1 outstanding Http requests.
[2018.05.04-01.48.09:305][501]LogHttp: Display: Sleeping 0.5s to wait for 1 outstanding Http requests.
[2018.05.04-01.48.09:805][501]LogHttp: Display: Sleeping 0.5s to wait for 1 outstanding Http requests.
[2018.05.04-01.48.10:306][501]LogHttp: Display: Sleeping 0.5s to wait for 1 outstanding Http requests.
[2018.05.04-01.48.10:840][501]LogModuleManager: Shutting down and abandoning module SSL (348)
[2018.05.04-01.48.10:842][501]LogModuleManager: Shutting down and abandoning module PortalServices (344)
[2018.05.04-01.48.10:842][501]LogModuleManager: Shutting down and abandoning module PortalRpc (342)
[2018.05.04-01.48.10:842][501]LogModuleManager: Shutting down and abandoning module MessagingRpc (340)
[2018.05.04-01.48.10:842][501]LogModuleManager: Shutting down and abandoning module AIModule (338)
[2018.05.04-01.48.10:842][501]LogModuleManager: Shutting down and abandoning module GameplayDebugger (337)
[2018.05.04-01.48.10:842][501]LogModuleManager: Shutting down and abandoning module AITestSuite (335)
[2018.05.04-01.48.10:842][501]LogModuleManager: Shutting down and abandoning module DesktopPlatform (332)
[2018.05.04-01.48.10:842][501]LogModuleManager: Shutting down and abandoning module ProfilerService (330)
[2018.05.04-01.48.10:879][501]LogModuleManager: Shutting down and abandoning module TaskGraph (328)
[2018.05.04-01.48.10:879][501]LogModuleManager: Shutting down and abandoning module ProceduralMeshComponentEditor (326)
[2018.05.04-01.48.10:879][501]LogModuleManager: Shutting down and abandoning module ProceduralMeshComponent (324)
[2018.05.04-01.48.10:879][501]LogModuleManager: Shutting down and abandoning module MobilePatchingUtils (322)
[2018.05.04-01.48.10:879][501]LogModuleManager: Shutting down and abandoning module CustomMeshComponent (320)
[2018.05.04-01.48.10:879][501]LogModuleManager: Shutting down and abandoning module CableComponent (318)
[2018.05.04-01.48.10:879][501]LogModuleManager: Shutting down and abandoning module AudioCapture (316)
[2018.05.04-01.48.10:879][501]LogModuleManager: Shutting down and abandoning module ArchVisCharacter (314)
[2018.05.04-01.48.10:879][501]LogModuleManager: Shutting down and abandoning module NUTUnrealEngine4 (312)
[2018.05.04-01.48.10:879][501]LogModuleManager: Shutting down and abandoning module NetcodeUnitTest (310)
[2018.05.04-01.48.10:879][501]LogModuleManager: Shutting down and abandoning module MediaCompositingEditor (308)
[2018.05.04-01.48.10:879][501]LogModuleManager: Shutting down and abandoning module MediaCompositing (306)
[2018.05.04-01.48.10:879][501]LogModuleManager: Shutting down and abandoning module LinearTimecode (304)
[2018.05.04-01.48.10:879][501]LogModuleManager: Shutting down and abandoning module ImgMedia (302)
[2018.05.04-01.48.10:882][501]LogModuleManager: Shutting down and abandoning module HTML5Networking (300)
[2018.05.04-01.48.10:882][501]LogModuleManager: Shutting down and abandoning module AlembicImporter (298)
[2018.05.04-01.48.10:882][501]LogModuleManager: Shutting down and abandoning module AlembicLibrary (297)
[2018.05.04-01.48.10:882][501]LogModuleManager: Shutting down and abandoning module GeometryCache (296)
[2018.05.04-01.48.10:882][501]LogModuleManager: Shutting down and abandoning module GeometryCacheEd (295)
[2018.05.04-01.48.10:882][501]LogModuleManager: Shutting down and abandoning module DatasmithContent (290)
[2018.05.04-01.48.10:882][501]LogModuleManager: Shutting down and abandoning module SpeedTreeImporter (288)
[2018.05.04-01.48.10:882][501]LogModuleManager: Shutting down and abandoning module PluginBrowser (286)
[2018.05.04-01.48.10:882][501]LogModuleManager: Shutting down and abandoning module MobileLauncherProfileWizard (284)
[2018.05.04-01.48.10:883][501]LogModuleManager: Shutting down and abandoning module CryptoKeysOpenSSL (282)
[2018.05.04-01.48.10:883][501]LogModuleManager: Shutting down and abandoning module CryptoKeys (280)
[2018.05.04-01.48.10:883][501]LogModuleManager: Shutting down and abandoning module VisualStudioSourceCodeAccess (278)
[2018.05.04-01.48.10:883][501]LogModuleManager: Shutting down and abandoning module VisualStudioCodeSourceCodeAccess (276)
[2018.05.04-01.48.10:883][501]LogModuleManager: Shutting down and abandoning module UObjectPlugin (274)
[2018.05.04-01.48.10:883][501]LogModuleManager: Shutting down and abandoning module SubversionSourceControl (272)
[2018.05.04-01.48.10:883][501]LogModuleManager: Shutting down and abandoning module PerforceSourceControl (270)
[2018.05.04-01.48.10:883][501]LogModuleManager: Shutting down and abandoning module GitSourceControl (268)
[2018.05.04-01.48.10:883][501]LogModuleManager: Shutting down and abandoning module SourceControl (267)
[2018.05.04-01.48.10:883][501]LogModuleManager: Shutting down and abandoning module CLionSourceCodeAccess (264)
[2018.05.04-01.48.10:883][501]LogModuleManager: Shutting down and abandoning module LightPropagationVolumeEditor (262)
[2018.05.04-01.48.10:883][501]LogModuleManager: Shutting down and abandoning module RuntimePhysXCooking (260)
[2018.05.04-01.48.10:883][501]LogModuleManager: Shutting down and abandoning module PhysXVehiclesEditor (258)
[2018.05.04-01.48.10:883][501]LogModuleManager: Shutting down and abandoning module PhysXVehicles (256)
[2018.05.04-01.48.10:883][501]LogModuleManager: Shutting down and abandoning module LocationServicesBPLibrary (254)
[2018.05.04-01.48.10:883][501]LogModuleManager: Shutting down and abandoning module ImmediatePhysicsEditor (252)
[2018.05.04-01.48.10:883][501]LogModuleManager: Shutting down and abandoning module ImmediatePhysics (250)
[2018.05.04-01.48.10:883][501]LogModuleManager: Shutting down and abandoning module ActorSequence (248)
[2018.05.04-01.48.10:883][501]LogModuleManager: Shutting down and abandoning module UdpMessaging (246)
[2018.05.04-01.48.10:983][501]LogModuleManager: Shutting down and abandoning module TcpMessaging (244)
[2018.05.04-01.48.11:084][501]LogModuleManager: Shutting down and abandoning module GameplayTagsEditor (242)
[2018.05.04-01.48.11:084][501]LogModuleManager: Shutting down and abandoning module FacialAnimationEditor (240)
[2018.05.04-01.48.11:084][501]LogModuleManager: Shutting down and abandoning module FacialAnimation (238)
[2018.05.04-01.48.11:084][501]LogModuleManager: Shutting down and abandoning module DataValidation (236)
[2018.05.04-01.48.11:084][501]LogModuleManager: Shutting down and abandoning module AssetManagerEditor (234)
[2018.05.04-01.48.11:084][501]LogModuleManager: Shutting down and abandoning module LevelEditor (233)
[2018.05.04-01.48.11:086][501]LogModuleManager: Shutting down and abandoning module PixelInspectorModule (232)
[2018.05.04-01.48.11:086][501]LogModuleManager: Shutting down and abandoning module CommonMenuExtensions (230)
[2018.05.04-01.48.11:086][501]LogModuleManager: Shutting down and abandoning module MainFrame (228)
[2018.05.04-01.48.11:086][501]LogModuleManager: Shutting down and abandoning module HotReload (227)
[2018.05.04-01.48.11:087][501]LogModuleManager: Shutting down and abandoning module ContentBrowser (223)
[2018.05.04-01.48.11:088][501]LogModuleManager: Shutting down and abandoning module TreeMap (221)
[2018.05.04-01.48.11:088][501]LogModuleManager: Shutting down and abandoning module LightPropagationVolumeRuntime (218)
[2018.05.04-01.48.11:088][501]LogModuleManager: Shutting down and abandoning module WindowsMoviePlayer (216)
[2018.05.04-01.48.11:088][501]LogModuleManager: Shutting down and abandoning module WmfMedia (214)
[2018.05.04-01.48.11:089][501]LogModuleManager: Shutting down and abandoning module Media (213)
[2018.05.04-01.48.11:095][501]LogModuleManager: Shutting down and abandoning module PacketHandler (210)
[2018.05.04-01.48.11:095][501]LogModuleManager: Shutting down and abandoning module ClothingSystemEditor (208)
[2018.05.04-01.48.11:095][501]LogModuleManager: Shutting down and abandoning module ClothingSystemRuntime (206)
[2018.05.04-01.48.11:095][501]LogModuleManager: Shutting down and abandoning module MediaAssets (204)
[2018.05.04-01.48.11:095][501]LogModuleManager: Shutting down and abandoning module Overlay (202)
[2018.05.04-01.48.11:095][501]LogModuleManager: Shutting down and abandoning module OverlayEditor (201)
[2018.05.04-01.48.11:095][501]LogModuleManager: Shutting down and abandoning module VREditor (198)
[2018.05.04-01.48.11:095][501]LogModuleManager: Shutting down and abandoning module StringTableEditor (196)
[2018.05.04-01.48.11:095][501]LogModuleManager: Shutting down and abandoning module GameplayTasksEditor (194)
[2018.05.04-01.48.11:095][501]LogModuleManager: Shutting down and abandoning module BehaviorTreeEditor (192)
[2018.05.04-01.48.11:095][501]LogModuleManager: Shutting down and abandoning module FunctionalTesting (190)
[2018.05.04-01.48.11:095][501]LogModuleManager: Shutting down and abandoning module CollisionAnalyzer (188)
[2018.05.04-01.48.11:095][501]LogModuleManager: Shutting down and abandoning module WorkspaceMenuStructure (187)
[2018.05.04-01.48.11:095][501]LogModuleManager: Shutting down and abandoning module UMG (184)
[2018.05.04-01.48.11:095][501]LogModuleManager: Shutting down and abandoning module UMGEditor (183)
[2018.05.04-01.48.11:095][501]LogModuleManager: Shutting down and abandoning module Sequencer (182)
[2018.05.04-01.48.11:095][501]LogModuleManager: Shutting down and abandoning module MessageLog (179)
[2018.05.04-01.48.11:095][501]LogModuleManager: Shutting down and abandoning module SlateReflector (174)
[2018.05.04-01.48.11:095][501]LogModuleManager: Shutting down and abandoning module Slate (172)
[2018.05.04-01.48.11:095][501]LogModuleManager: Shutting down and abandoning module EditorStyle (170)
[2018.05.04-01.48.11:097][501]LogModuleManager: Shutting down and abandoning module MRMesh (168)
[2018.05.04-01.48.11:097][501]LogModuleManager: Shutting down and abandoning module SourceCodeAccess (166)
[2018.05.04-01.48.11:097][501]LogModuleManager: Shutting down and abandoning module HeadMountedDisplay (164)
[2018.05.04-01.48.11:097][501]LogModuleManager: Shutting down and abandoning module XAudio2 (162)
[2018.05.04-01.48.11:097][501]LogModuleManager: Shutting down and abandoning module Networking (160)
[2018.05.04-01.48.11:097][501]LogModuleManager: Shutting down and abandoning module Core (156)
[2018.05.04-01.48.11:097][501]LogModuleManager: Shutting down and abandoning module LevelSequence (154)
[2018.05.04-01.48.11:097][501]LogModuleManager: Shutting down and abandoning module KismetCompiler (152)
[2018.05.04-01.48.11:097][501]LogModuleManager: Shutting down and abandoning module MeshUtilities (150)
[2018.05.04-01.48.11:097][501]LogModuleManager: Shutting down and abandoning module MeshMergeUtilities (149)
[2018.05.04-01.48.11:097][501]LogModuleManager: Shutting down and abandoning module MeshReductionInterface (148)
[2018.05.04-01.48.11:097][501]LogModuleManager: Shutting down and abandoning module SimplygonSwarm (147)
[2018.05.04-01.48.11:097][501]LogModuleManager: Shutting down and abandoning module SimplygonMeshReduction (145)
[2018.05.04-01.48.11:097][501]LogModuleManager: Shutting down and abandoning module QuadricMeshReduction (143)
[2018.05.04-01.48.11:097][501]LogModuleManager: Shutting down and abandoning module MaterialBaking (139)
[2018.05.04-01.48.11:097][501]LogModuleManager: Shutting down and abandoning module DirectoryWatcher (135)
[2018.05.04-01.48.11:097][501]LogModuleManager: Shutting down and abandoning module DerivedDataCache (132)
[2018.05.04-01.48.11:193][501]LogDerivedDataCache: Shutdown
[2018.05.04-01.48.11:193][501]LogModuleManager: Shutting down and abandoning module XGEController (130)
[2018.05.04-01.48.11:193][501]LogXGEController: Cleaning working directory: C:/Users/lv8c8/AppData/Local/Temp/UnrealXGEWorkingDir/
[2018.05.04-01.48.11:193][501]LogModuleManager: Shutting down and abandoning module TargetPlatform (128)
[2018.05.04-01.48.11:193][501]LogModuleManager: Shutting down and abandoning module VulkanShaderFormat (127)
[2018.05.04-01.48.11:193][501]LogModuleManager: Shutting down and abandoning module ShaderFormatVectorVM (125)
[2018.05.04-01.48.11:193][501]LogModuleManager: Shutting down and abandoning module ShaderFormatOpenGL (123)
[2018.05.04-01.48.11:193][501]LogModuleManager: Shutting down and abandoning module ShaderFormatD3D (121)
[2018.05.04-01.48.11:193][501]LogModuleManager: Shutting down and abandoning module MetalShaderFormat (119)
[2018.05.04-01.48.11:193][501]LogModuleManager: Shutting down and abandoning module TextureFormatUncompressed (117)
[2018.05.04-01.48.11:193][501]LogModuleManager: Shutting down and abandoning module TextureFormatPVR (115)
[2018.05.04-01.48.11:193][501]LogModuleManager: Shutting down and abandoning module TextureFormatDXT (113)
[2018.05.04-01.48.11:193][501]LogModuleManager: Shutting down and abandoning module TextureFormatIntelISPCTexComp (111)
[2018.05.04-01.48.11:193][501]LogModuleManager: Shutting down and abandoning module TextureFormatASTC (109)
[2018.05.04-01.48.11:194][501]LogModuleManager: Shutting down and abandoning module ImageWrapper (108)
[2018.05.04-01.48.11:194][501]LogModuleManager: Shutting down and abandoning module TextureFormatAndroid (105)
[2018.05.04-01.48.11:194][501]LogModuleManager: Shutting down and abandoning module AudioFormatOpus (103)
[2018.05.04-01.48.11:194][501]LogModuleManager: Shutting down and abandoning module AudioFormatOgg (101)
[2018.05.04-01.48.11:194][501]LogModuleManager: Shutting down and abandoning module AudioFormatADPCM (99)
[2018.05.04-01.48.11:194][501]LogModuleManager: Shutting down and abandoning module LinuxTargetPlatform (97)
[2018.05.04-01.48.11:194][501]LogModuleManager: Shutting down and abandoning module LinuxServerTargetPlatform (95)
[2018.05.04-01.48.11:194][501]LogModuleManager: Shutting down and abandoning module LinuxNoEditorTargetPlatform (93)
[2018.05.04-01.48.11:194][501]LogModuleManager: Shutting down and abandoning module LinuxClientTargetPlatform (91)
[2018.05.04-01.48.11:194][501]LogModuleManager: Shutting down and abandoning module TVOSTargetPlatform (89)
[2018.05.04-01.48.11:194][501]LogModuleManager: Shutting down and abandoning module Messaging (87)
[2018.05.04-01.48.11:194][501]LogModuleManager: Shutting down and abandoning module IOSTargetPlatform (85)
[2018.05.04-01.48.11:194][501]LogModuleManager: Shutting down and abandoning module HTML5TargetPlatform (83)
[2018.05.04-01.48.11:194][501]LogModuleManager: Shutting down and abandoning module AndroidTargetPlatform (81)
[2018.05.04-01.48.11:194][501]LogModuleManager: Shutting down and abandoning module Android_PVRTCTargetPlatform (79)
[2018.05.04-01.48.11:194][501]LogModuleManager: Shutting down and abandoning module Android_MultiTargetPlatform (77)
[2018.05.04-01.48.11:194][501]LogModuleManager: Shutting down and abandoning module Android_ETC2TargetPlatform (75)
[2018.05.04-01.48.11:194][501]LogModuleManager: Shutting down and abandoning module Android_ETC1TargetPlatform (73)
[2018.05.04-01.48.11:194][501]LogModuleManager: Shutting down and abandoning module Android_ETC1aTargetPlatform (71)
[2018.05.04-01.48.11:194][501]LogModuleManager: Shutting down and abandoning module Android_DXTTargetPlatform (69)
[2018.05.04-01.48.11:194][501]LogModuleManager: Shutting down and abandoning module Android_ATCTargetPlatform (67)
[2018.05.04-01.48.11:194][501]LogModuleManager: Shutting down and abandoning module Android_ASTCTargetPlatform (65)
[2018.05.04-01.48.11:194][501]LogModuleManager: Shutting down and abandoning module WindowsTargetPlatform (63)
[2018.05.04-01.48.11:194][501]LogModuleManager: Shutting down and abandoning module WindowsServerTargetPlatform (61)
[2018.05.04-01.48.11:194][501]LogModuleManager: Shutting down and abandoning module WindowsNoEditorTargetPlatform (59)
[2018.05.04-01.48.11:194][501]LogModuleManager: Shutting down and abandoning module WindowsClientTargetPlatform (57)
[2018.05.04-01.48.11:194][501]LogModuleManager: Shutting down and abandoning module MacTargetPlatform (55)
[2018.05.04-01.48.11:194][501]LogModuleManager: Shutting down and abandoning module MacServerTargetPlatform (53)
[2018.05.04-01.48.11:195][501]LogModuleManager: Shutting down and abandoning module MacNoEditorTargetPlatform (51)
[2018.05.04-01.48.11:195][501]LogModuleManager: Shutting down and abandoning module MacClientTargetPlatform (49)
[2018.05.04-01.48.11:195][501]LogModuleManager: Shutting down and abandoning module AllDesktopTargetPlatform (47)
[2018.05.04-01.48.11:195][501]LogModuleManager: Shutting down and abandoning module InputCore (44)
[2018.05.04-01.48.11:195][501]LogModuleManager: Shutting down and abandoning module Settings (42)
[2018.05.04-01.48.11:195][501]LogModuleManager: Shutting down and abandoning module PhysXCooking (40)
[2018.05.04-01.48.11:195][501]LogModuleManager: Shutting down and abandoning module ExampleDeviceProfileSelector (38)
[2018.05.04-01.48.11:195][501]LogModuleManager: Shutting down and abandoning module AnimationModifiers (36)
[2018.05.04-01.48.11:195][501]LogModuleManager: Shutting down and abandoning module PropertyEditor (35)
[2018.05.04-01.48.11:195][501]LogModuleManager: Shutting down and abandoning module AudioEditor (32)
[2018.05.04-01.48.11:195][501]LogModuleManager: Shutting down and abandoning module TextureCompressor (30)
[2018.05.04-01.48.11:195][501]LogModuleManager: Shutting down and abandoning module ShaderCore (28)
[2018.05.04-01.48.11:195][501]LogModuleManager: Shutting down and abandoning module Landscape (26)
[2018.05.04-01.48.11:195][501]LogModuleManager: Shutting down and abandoning module SlateRHIRenderer (24)
[2018.05.04-01.48.11:196][501]LogModuleManager: Shutting down and abandoning module OpenGLDrv (22)
[2018.05.04-01.48.11:196][501]LogModuleManager: Shutting down and abandoning module D3D11RHI (20)
[2018.05.04-01.48.11:196][501]LogModuleManager: Shutting down and abandoning module AnimGraphRuntime (18)
[2018.05.04-01.48.11:196][501]LogModuleManager: Shutting down and abandoning module Renderer (16)
[2018.05.04-01.48.11:196][501]LogModuleManager: Shutting down and abandoning module Engine (14)
[2018.05.04-01.48.11:196][501]LogModuleManager: Shutting down and abandoning module CoreUObject (12)
[2018.05.04-01.48.11:196][501]LogModuleManager: Shutting down and abandoning module NetworkFile (10)
[2018.05.04-01.48.11:196][501]LogModuleManager: Shutting down and abandoning module CookedIterativeFile (8)
[2018.05.04-01.48.11:196][501]LogModuleManager: Shutting down and abandoning module StreamingFile (6)
[2018.05.04-01.48.11:196][501]LogModuleManager: Shutting down and abandoning module SandboxFile (4)
[2018.05.04-01.48.11:196][501]LogModuleManager: Shutting down and abandoning module PakFile (2)
[2018.05.04-01.48.11:204][501]LogExit: Exiting.
[2018.05.04-01.48.11:243][501]Log file closed, 05/04/18 10:48:11
