Log file open, 05/04/18 10:47:58
LogWindows: Failed to load 'aqProf.dll' (GetLastError=126)
LogWindows: File 'aqProf.dll' does not exist
LogWindows: Failed to load 'VtuneApi.dll' (GetLastError=126)
LogWindows: File 'VtuneApi.dll' does not exist
LogWindows: Failed to load 'VtuneApi32e.dll' (GetLastError=126)
LogWindows: File 'VtuneApi32e.dll' does not exist
LogInit: Display: Running engine for game: AnimIntell
LogPlatformFile: Not using cached read wrapper
LogInit: Display: RandInit(-1143442905) SRandInit(-1143442905).
LogInit: Read version file with build ID '3944462'
LogInit: Overriding engine version to CL 4033788, compatible CL 3944462
LogInit: Registered custom module enumerator with build ID '3944462'
LogTaskGraph: Started task graph with 5 named threads and 23 total threads with 3 sets of task threads.
LogStats: Stats thread started at 0.303134
LogD3D11RHI: Aftermath initialized
LogICUInternationalization: Display: ICU TimeZone Detection - Raw Offset: +9:00, Platform Override: ''
LogModuleManager: Display: Found up-to-date module file ../../../../AnimIntell/Plugins/FullbodyIK/Binaries/Win64/UE4Editor-FullbodyIK.dll (API version 3944462).
LogModuleManager: Display: Found up-to-date module file ../../../../AnimIntell/Plugins/FullbodyIK/Binaries/Win64/UE4Editor-FullbodyIKEditor.dll (API version 3944462).
LogModuleManager: Display: Found up-to-date module file ../../../Engine/Plugins/Blendables/LightPropagationVolume/Binaries/Win64/UE4Editor-LightPropagationVolumeRuntime.dll (API version 3944462).
LogModuleManager: Display: Found up-to-date module file ../../../Engine/Plugins/Blendables/LightPropagationVolume/Binaries/Win64/UE4Editor-LightPropagationVolumeEditor.dll (API version 3944462).
LogModuleManager: Display: Found up-to-date module file ../../../Engine/Plugins/Developer/CLionSourceCodeAccess/Binaries/Win64/UE4Editor-CLionSourceCodeAccess.dll (API version 3944462).
LogModuleManager: Display: Found up-to-date module file ../../../Engine/Plugins/Developer/GitSourceControl/Binaries/Win64/UE4Editor-GitSourceControl.dll (API version 3944462).
LogModuleManager: Display: Found up-to-date module file ../../../Engine/Plugins/Developer/PerforceSourceControl/Binaries/Win64/UE4Editor-PerforceSourceControl.dll (API version 3944462).
LogModuleManager: Display: Found up-to-date module file ../../../Engine/Plugins/Developer/SubversionSourceControl/Binaries/Win64/UE4Editor-SubversionSourceControl.dll (API version 3944462).
LogModuleManager: Display: Found up-to-date module file ../../../Engine/Plugins/Developer/UObjectPlugin/Binaries/Win64/UE4Editor-UObjectPlugin.dll (API version 3944462).
LogModuleManager: Display: Found up-to-date module file ../../../Engine/Plugins/Developer/VisualStudioCodeSourceCodeAccess/Binaries/Win64/UE4Editor-VisualStudioCodeSourceCodeAccess.dll (API version 3944462).
LogModuleManager: Display: Found up-to-date module file ../../../Engine/Plugins/Developer/VisualStudioSourceCodeAccess/Binaries/Win64/UE4Editor-VisualStudioSourceCodeAccess.dll (API version 3944462).
LogModuleManager: Display: Found up-to-date module file ../../../Engine/Plugins/Editor/AssetManagerEditor/Binaries/Win64/UE4Editor-AssetManagerEditor.dll (API version 3944462).
LogModuleManager: Display: Found up-to-date module file ../../../Engine/Plugins/Editor/CryptoKeys/Binaries/Win64/UE4Editor-CryptoKeys.dll (API version 3944462).
LogModuleManager: Display: Found up-to-date module file ../../../Engine/Plugins/Editor/CryptoKeys/Binaries/Win64/UE4Editor-CryptoKeysOpenSSL.dll (API version 3944462).
LogModuleManager: Display: Found up-to-date module file ../../../Engine/Plugins/Editor/DataValidation/Binaries/Win64/UE4Editor-DataValidation.dll (API version 3944462).
LogModuleManager: Display: Found up-to-date module file ../../../Engine/Plugins/Editor/FacialAnimation/Binaries/Win64/UE4Editor-FacialAnimation.dll (API version 3944462).
LogModuleManager: Display: Found up-to-date module file ../../../Engine/Plugins/Editor/FacialAnimation/Binaries/Win64/UE4Editor-FacialAnimationEditor.dll (API version 3944462).
LogModuleManager: Display: Found up-to-date module file ../../../Engine/Plugins/Editor/GameplayTagsEditor/Binaries/Win64/UE4Editor-GameplayTagsEditor.dll (API version 3944462).
LogModuleManager: Display: Found up-to-date module file ../../../Engine/Plugins/Editor/MobileLauncherProfileWizard/Binaries/Win64/UE4Editor-MobileLauncherProfileWizard.dll (API version 3944462).
LogModuleManager: Display: Found up-to-date module file ../../../Engine/Plugins/Editor/PluginBrowser/Binaries/Win64/UE4Editor-PluginBrowser.dll (API version 3944462).
LogModuleManager: Display: Found up-to-date module file ../../../Engine/Plugins/Editor/SpeedTreeImporter/Binaries/Win64/UE4Editor-SpeedTreeImporter.dll (API version 3944462).
LogModuleManager: Display: Found up-to-date module file ../../../Engine/Plugins/Enterprise/DatasmithContent/Binaries/Win64/UE4Editor-DatasmithContent.dll (API version 3944462).
LogModuleManager: Display: Found up-to-date module file ../../../Engine/Plugins/Experimental/AlembicImporter/Binaries/Win64/UE4Editor-AlembicImporter.dll (API version 3944462).
LogModuleManager: Display: Found up-to-date module file ../../../Engine/Plugins/Experimental/AlembicImporter/Binaries/Win64/UE4Editor-AlembicLibrary.dll (API version 3944462).
LogModuleManager: Display: Found up-to-date module file ../../../Engine/Plugins/Experimental/CharacterAI/Binaries/Win64/UE4Editor-CharacterAI.dll (API version 3944462).
LogModuleManager: Display: Found up-to-date module file ../../../Engine/Plugins/Experimental/HTML5Networking/Binaries/Win64/UE4Editor-HTML5Networking.dll (API version 3944462).
LogModuleManager: Display: Found up-to-date module file ../../../Engine/Plugins/Media/ImgMedia/Binaries/Win64/UE4Editor-ImgMedia.dll (API version 3944462).
LogModuleManager: Display: Found up-to-date module file ../../../Engine/Plugins/Media/ImgMedia/Binaries/Win64/UE4Editor-ImgMediaEditor.dll (API version 3944462).
LogModuleManager: Display: Found up-to-date module file ../../../Engine/Plugins/Media/ImgMedia/Binaries/Win64/UE4Editor-ImgMediaFactory.dll (API version 3944462).
LogModuleManager: Display: Found up-to-date module file ../../../Engine/Plugins/Media/ImgMedia/Binaries/Win64/UE4Editor-ImgMediaFactory.dll (API version 3944462).
LogModuleManager: Display: Found up-to-date module file ../../../Engine/Plugins/Media/ImgMedia/Binaries/Win64/UE4Editor-OpenExrWrapper.dll (API version 3944462).
LogModuleManager: Display: Found up-to-date module file ../../../Engine/Plugins/Media/LinearTimecode/Binaries/Win64/UE4Editor-LinearTimecode.dll (API version 3944462).
LogModuleManager: Display: Found up-to-date module file ../../../Engine/Plugins/Media/MediaCompositing/Binaries/Win64/UE4Editor-MediaCompositing.dll (API version 3944462).
LogModuleManager: Display: Found up-to-date module file ../../../Engine/Plugins/Media/MediaCompositing/Binaries/Win64/UE4Editor-MediaCompositingEditor.dll (API version 3944462).
LogModuleManager: Display: Found up-to-date module file ../../../Engine/Plugins/Media/MediaPlayerEditor/Binaries/Win64/UE4Editor-MediaPlayerEditor.dll (API version 3944462).
LogModuleManager: Display: Found up-to-date module file ../../../Engine/Plugins/Media/WmfMedia/Binaries/Win64/UE4Editor-WmfMedia.dll (API version 3944462).
LogModuleManager: Display: Found up-to-date module file ../../../Engine/Plugins/Media/WmfMedia/Binaries/Win64/UE4Editor-WmfMediaEditor.dll (API version 3944462).
LogModuleManager: Display: Found up-to-date module file ../../../Engine/Plugins/Media/WmfMedia/Binaries/Win64/UE4Editor-WmfMediaFactory.dll (API version 3944462).
LogModuleManager: Display: Found up-to-date module file ../../../Engine/Plugins/Media/WmfMedia/Binaries/Win64/UE4Editor-WmfMediaFactory.dll (API version 3944462).
LogModuleManager: Display: Found up-to-date module file ../../../Engine/Plugins/Messaging/TcpMessaging/Binaries/Win64/UE4Editor-TcpMessaging.dll (API version 3944462).
LogModuleManager: Display: Found up-to-date module file ../../../Engine/Plugins/Messaging/UdpMessaging/Binaries/Win64/UE4Editor-UdpMessaging.dll (API version 3944462).
LogModuleManager: Display: Found up-to-date module file ../../../Engine/Plugins/MovieScene/ActorSequence/Binaries/Win64/UE4Editor-ActorSequence.dll (API version 3944462).
LogModuleManager: Display: Found up-to-date module file ../../../Engine/Plugins/MovieScene/LevelSequenceEditor/Binaries/Win64/UE4Editor-LevelSequenceEditor.dll (API version 3944462).
LogModuleManager: Display: Found up-to-date module file ../../../Engine/Plugins/MovieScene/MatineeToLevelSequence/Binaries/Win64/UE4Editor-MatineeToLevelSequence.dll (API version 3944462).
LogModuleManager: Display: Found up-to-date module file ../../../Engine/Plugins/NetcodeUnitTest/NetcodeUnitTest/Binaries/Win64/UE4Editor-NetcodeUnitTest.dll (API version 3944462).
LogModuleManager: Display: Found up-to-date module file ../../../Engine/Plugins/NetcodeUnitTest/NUTUnrealEngine4/Binaries/Win64/UE4Editor-NUTUnrealEngine4.dll (API version 3944462).
LogModuleManager: Display: Found up-to-date module file ../../../Engine/Plugins/Runtime/AndroidDeviceProfileSelector/Binaries/Win64/UE4Editor-AndroidDeviceProfileSelector.dll (API version 3944462).
LogModuleManager: Display: Found up-to-date module file ../../../Engine/Plugins/Runtime/ArchVisCharacter/Binaries/Win64/UE4Editor-ArchVisCharacter.dll (API version 3944462).
LogModuleManager: Display: Found up-to-date module file ../../../Engine/Plugins/Runtime/AudioCapture/Binaries/Win64/UE4Editor-AudioCapture.dll (API version 3944462).
LogModuleManager: Display: Found up-to-date module file ../../../Engine/Plugins/Runtime/AudioCapture/Binaries/Win64/UE4Editor-AudioCaptureEditor.dll (API version 3944462).
LogModuleManager: Display: Found up-to-date module file ../../../Engine/Plugins/Runtime/CableComponent/Binaries/Win64/UE4Editor-CableComponent.dll (API version 3944462).
LogModuleManager: Display: Found up-to-date module file ../../../Engine/Plugins/Runtime/CustomMeshComponent/Binaries/Win64/UE4Editor-CustomMeshComponent.dll (API version 3944462).
LogModuleManager: Display: Found up-to-date module file ../../../Engine/Plugins/Runtime/ExampleDeviceProfileSelector/Binaries/Win64/UE4Editor-ExampleDeviceProfileSelector.dll (API version 3944462).
LogModuleManager: Display: Found up-to-date module file ../../../Engine/Plugins/Runtime/ImmediatePhysics/Binaries/Win64/UE4Editor-ImmediatePhysics.dll (API version 3944462).
LogModuleManager: Display: Found up-to-date module file ../../../Engine/Plugins/Runtime/ImmediatePhysics/Binaries/Win64/UE4Editor-ImmediatePhysicsEditor.dll (API version 3944462).
LogModuleManager: Display: Found up-to-date module file ../../../Engine/Plugins/Runtime/LocationServicesBPLibrary/Binaries/Win64/UE4Editor-LocationServicesBPLibrary.dll (API version 3944462).
LogModuleManager: Display: Found up-to-date module file ../../../Engine/Plugins/Runtime/MobilePatchingUtils/Binaries/Win64/UE4Editor-MobilePatchingUtils.dll (API version 3944462).
LogModuleManager: Display: Found up-to-date module file ../../../Engine/Plugins/Runtime/PhysXVehicles/Binaries/Win64/UE4Editor-PhysXVehicles.dll (API version 3944462).
LogModuleManager: Display: Found up-to-date module file ../../../Engine/Plugins/Runtime/PhysXVehicles/Binaries/Win64/UE4Editor-PhysXVehiclesEditor.dll (API version 3944462).
LogModuleManager: Display: Found up-to-date module file ../../../Engine/Plugins/Runtime/ProceduralMeshComponent/Binaries/Win64/UE4Editor-ProceduralMeshComponent.dll (API version 3944462).
LogModuleManager: Display: Found up-to-date module file ../../../Engine/Plugins/Runtime/ProceduralMeshComponent/Binaries/Win64/UE4Editor-ProceduralMeshComponentEditor.dll (API version 3944462).
LogModuleManager: Display: Found up-to-date module file ../../../Engine/Plugins/Runtime/RuntimePhysXCooking/Binaries/Win64/UE4Editor-RuntimePhysXCooking.dll (API version 3944462).
LogModuleManager: Display: Found up-to-date module file ../../../Engine/Plugins/Runtime/WindowsMoviePlayer/Binaries/Win64/UE4Editor-WindowsMoviePlayer.dll (API version 3944462).
LogPluginManager: Mounting plugin LightPropagationVolume
LogPluginManager: Mounting plugin CLionSourceCodeAccess
LogPluginManager: Mounting plugin CodeLiteSourceCodeAccess
LogPluginManager: Mounting plugin GitSourceControl
LogPluginManager: Mounting plugin KDevelopSourceCodeAccess
LogPluginManager: Mounting plugin NullSourceCodeAccess
LogPluginManager: Mounting plugin PerforceSourceControl
LogPluginManager: Mounting plugin SubversionSourceControl
LogPluginManager: Mounting plugin UObjectPlugin
LogPluginManager: Mounting plugin VisualStudioCodeSourceCodeAccess
LogPluginManager: Mounting plugin VisualStudioSourceCodeAccess
LogPluginManager: Mounting plugin XCodeSourceCodeAccess
LogPluginManager: Mounting plugin AssetManagerEditor
LogPluginManager: Mounting plugin CryptoKeys
LogPluginManager: Mounting plugin DataValidation
LogPluginManager: Mounting plugin FacialAnimation
LogPluginManager: Mounting plugin GameplayTagsEditor
LogPluginManager: Mounting plugin MobileLauncherProfileWizard
LogPluginManager: Mounting plugin PluginBrowser
LogPluginManager: Mounting plugin SpeedTreeImporter
LogPluginManager: Mounting plugin DatasmithContent
LogPluginManager: Mounting plugin AlembicImporter
LogPluginManager: Mounting plugin CharacterAI
LogPluginManager: Mounting plugin HTML5Networking
LogPluginManager: Mounting plugin ImgMedia
LogPluginManager: Mounting plugin LinearTimecode
LogPluginManager: Mounting plugin MediaCompositing
LogPluginManager: Mounting plugin MediaPlayerEditor
LogPluginManager: Mounting plugin WmfMedia
LogPluginManager: Mounting plugin TcpMessaging
LogPluginManager: Mounting plugin UdpMessaging
LogPluginManager: Mounting plugin ActorSequence
LogPluginManager: Mounting plugin LevelSequenceEditor
LogPluginManager: Mounting plugin MatineeToLevelSequence
LogPluginManager: Mounting plugin NetcodeUnitTest
LogPluginManager: Mounting plugin NUTUnrealEngine4
LogPluginManager: Mounting plugin AndroidDeviceProfileSelector
LogPluginManager: Mounting plugin AndroidMoviePlayer
LogPluginManager: Mounting plugin AppleMoviePlayer
LogPluginManager: Mounting plugin ArchVisCharacter
LogPluginManager: Mounting plugin AudioCapture
LogPluginManager: Mounting plugin CableComponent
LogPluginManager: Mounting plugin CustomMeshComponent
LogPluginManager: Mounting plugin ExampleDeviceProfileSelector
LogPluginManager: Mounting plugin ImmediatePhysics
LogPluginManager: Mounting plugin LinuxDeviceProfileSelector
LogPluginManager: Mounting plugin LocationServicesBPLibrary
LogPluginManager: Mounting plugin MobilePatchingUtils
LogPluginManager: Mounting plugin PhysXVehicles
LogPluginManager: Mounting plugin ProceduralMeshComponent
LogPluginManager: Mounting plugin RuntimePhysXCooking
LogPluginManager: Mounting plugin WindowsMoviePlayer
LogPluginManager: Mounting plugin FullbodyIK
LogStreaming: Display: Took  0.749s to configure plugins.
LogInit: Build: ++UE4+Release-4.19-CL-4033788
LogInit: Engine Version: 4.19.2-4033788+++UE4+Release-4.19
LogInit: Compatible Engine Version: 4.19.0-3944462+++UE4+Release-4.19
LogInit: Net CL: 3944462
LogDevObjectVersion: Number of dev versions registered: 18
LogDevObjectVersion:   Dev-Blueprints (B0D832E4-1F89-4F0D-ACCF-7EB736FD4AA2): 10
LogDevObjectVersion:   Dev-Build (E1C64328-A22C-4D53-A36C-8E866417BD8C): 0
LogDevObjectVersion:   Dev-Core (375EC13C-06E4-48FB-B500-84F0262A717E): 2
LogDevObjectVersion:   Dev-Editor (E4B068ED-F494-42E9-A231-DA0B2E46BB41): 23
LogDevObjectVersion:   Dev-Framework (CFFC743F-43B0-4480-9391-14DF171D2073): 33
LogDevObjectVersion:   Dev-Mobile (B02B49B5-BB20-44E9-A304-32B752E40360): 2
LogDevObjectVersion:   Dev-Networking (A4E4105C-59A1-49B5-A7C5-40C4547EDFEE): 0
LogDevObjectVersion:   Dev-Online (39C831C9-5AE6-47DC-9A44-9C173E1C8E7C): 0
LogDevObjectVersion:   Dev-Physics (78F01B33-EBEA-4F98-B9B4-84EACCB95AA2): 0
LogDevObjectVersion:   Dev-Platform (6631380F-2D4D-43E0-8009-CF276956A95A): 0
LogDevObjectVersion:   Dev-Rendering (12F88B9F-8875-4AFC-A67C-D90C383ABD29): 25
LogDevObjectVersion:   Dev-Sequencer (7B5AE74C-D270-4C10-A958-57980B212A5A): 6
LogDevObjectVersion:   Dev-VR (D7296918-1DD6-4BDD-9DE2-64A83CC13884): 1
LogDevObjectVersion:   Dev-LoadTimes (C2A15278-BFE7-4AFE-6C17-90FF531DF755): 1
LogDevObjectVersion:   Private-Geometry (6EACA3D4-40EC-4CC1-B786-8BED09428FC5): 2
LogDevObjectVersion:   Dev-AnimPhys (29E575DD-E0A3-4627-9D10-D276232CDCEA): 16
LogDevObjectVersion:   Dev-ReflectionCapture (6B266CEC-1EC7-4B8F-A30B-E4D90942FC07): 1
LogDevObjectVersion:   Dev-Automation (0DF73D61-A23F-47EA-B727-89E90C41499A): 1
LogInit: Compiled (64-bit): Apr 27 2018 02:06:57
LogInit: Compiled with Visual C++: 19.00.24215.01
LogInit: Build Configuration: Development
LogInit: Branch Name: ++UE4+Release-4.19
LogInit: Command Line:  
LogInit: Base Directory: C:/Unreal Engine/UE_4.19/Engine/Binaries/Win64/
LogInit: Installed Engine Build: 1
LogStreaming: Display: Took  0.000s to delete old logs.
LogInit: Presizing for max 8388607 objects, including 0 objects not considered by GC, pre-allocating 0 bytes for permanent pool.
LogInit: Object subsystem initialized
[2018.05.04-01.47.59:499][  0]LogInit: Selected Device Profile: [Windows]
[2018.05.04-01.47.59:499][  0]LogInit: Applying CVar settings loaded from the selected device profile: [Windows]
[2018.05.04-01.47.59:516][  0]LogInit: Computer: ALIENWARE15-BIL
[2018.05.04-01.47.59:516][  0]LogInit: User: lv8c8
[2018.05.04-01.47.59:516][  0]LogInit: CPU Page size=4096, Cores=4
[2018.05.04-01.47.59:516][  0]LogInit: High frequency timer resolution =2.742187 MHz
[2018.05.04-01.47.59:516][  0]LogMemory: Memory total: Physical=15.9GB (16GB approx)
[2018.05.04-01.47.59:516][  0]LogMemory: Platform Memory Stats for Windows
[2018.05.04-01.47.59:516][  0]LogMemory: Process Physical Memory: 270.83 MB used, 270.83 MB peak
[2018.05.04-01.47.59:516][  0]LogMemory: Process Virtual Memory: 264.52 MB used, 264.52 MB peak
[2018.05.04-01.47.59:516][  0]LogMemory: Physical Memory: 7895.85 MB used,  8361.13 MB free, 16256.98 MB total
[2018.05.04-01.47.59:516][  0]LogMemory: Virtual Memory: 684.47 MB used,  8361.13 MB free, 134217728.00 MB total
[2018.05.04-01.47.59:952][  0]LogInit: Using OS detected language (en-US).
[2018.05.04-01.47.59:952][  0]LogInit: Using OS detected locale (zh-HK).
[2018.05.04-01.47.59:955][  0]LogTextLocalizationManager: No specific localization for 'en-US' exists, so the 'en' localization will be used.
[2018.05.04-01.48.00:412][  0]LogStreaming: Display: Took  0.460s to EndInitTextLocalization.
[2018.05.04-01.48.00:412][  0]LogInit: Setting process to per monitor DPI aware
[2018.05.04-01.48.00:463][  0]LogSlate: New Slate User Created.  User Index 0, Is Virtual User: 0
[2018.05.04-01.48.00:463][  0]LogSlate: Slate User Registered.  User Index 0, Is Virtual User: 0
[2018.05.04-01.48.00:697][  0]LogD3D11RHI: D3D11 adapters:
[2018.05.04-01.48.00:750][  0]LogD3D11RHI:    0. 'NVIDIA GeForce GTX 1070' (Feature Level 11_0)
[2018.05.04-01.48.00:750][  0]LogD3D11RHI:       8081/0/8128 MB DedicatedVideo/DedicatedSystem/SharedSystem, Outputs:2, VendorId:0x10de
[2018.05.04-01.48.01:275][  0]LogD3D11RHI:    1. 'Intel(R) HD Graphics 630' (Feature Level 11_0)
[2018.05.04-01.48.01:275][  0]LogD3D11RHI:       128/0/8128 MB DedicatedVideo/DedicatedSystem/SharedSystem, Outputs:0, VendorId:0x8086
[2018.05.04-01.48.01:278][  0]LogD3D11RHI:    2. 'Microsoft Basic Render Driver' (Feature Level 11_0)
[2018.05.04-01.48.01:278][  0]LogD3D11RHI:       0/0/8128 MB DedicatedVideo/DedicatedSystem/SharedSystem, Outputs:0, VendorId:0x1414
[2018.05.04-01.48.01:278][  0]LogD3D11RHI: Chosen D3D11 Adapter: 0
[2018.05.04-01.48.01:287][  0]LogD3D11RHI: Creating new Direct3DDevice
[2018.05.04-01.48.01:287][  0]LogD3D11RHI:     GPU DeviceId: 0x1be1 (for the marketing name, search the web for "GPU Device Id")
[2018.05.04-01.48.01:287][  0]LogWindows: EnumDisplayDevices:
[2018.05.04-01.48.01:287][  0]LogWindows:    0. 'NVIDIA GeForce GTX 1070' (P:1 D:1)
[2018.05.04-01.48.01:288][  0]LogWindows:    1. 'NVIDIA GeForce GTX 1070' (P:0 D:1)
[2018.05.04-01.48.01:288][  0]LogWindows:    2. 'NVIDIA GeForce GTX 1070' (P:0 D:0)
[2018.05.04-01.48.01:288][  0]LogWindows:    3. 'NVIDIA GeForce GTX 1070' (P:0 D:0)
[2018.05.04-01.48.01:288][  0]LogWindows:    4. 'Intel(R) HD Graphics 630' (P:0 D:0)
[2018.05.04-01.48.01:288][  0]LogWindows:    5. 'Intel(R) HD Graphics 630' (P:0 D:0)
[2018.05.04-01.48.01:289][  0]LogWindows:    6. 'Intel(R) HD Graphics 630' (P:0 D:0)
[2018.05.04-01.48.01:289][  0]LogWindows: DebugString: GetVideoDriverDetailsInvalid PrimaryIsNotTheChoosenAdapter GetVideoDriverDetailsInvalid PrimaryIsNotTheChoosenAdapter GetVideoDriverDetailsInvalid PrimaryIsNotTheChoosenAdapter GetVideoDriverDetailsInvalid PrimaryIsNotTheChoosenAdapter GetVideoDriverDetailsInvalid PrimaryIsNotTheChoosenAdapter GetVideoDriverDetailsInvalid PrimaryIsNotTheChoosenAdapter GetVideoDriverDetailsInvalid PrimaryIsNotTheChoosenAdapter FoundDriverCount:0 
[2018.05.04-01.48.01:289][  0]LogD3D11RHI:     Adapter Name: NVIDIA GeForce GTX 1070
[2018.05.04-01.48.01:289][  0]LogD3D11RHI:   Driver Version: Unknown (internal:Unknown, unified:Unknown)
[2018.05.04-01.48.01:289][  0]LogD3D11RHI:      Driver Date: Unknown
[2018.05.04-01.48.01:289][  0]LogRHI: Texture pool is 5656 MB (70% of 8081 MB)
[2018.05.04-01.48.01:322][  0]LogD3D11RHI: [Aftermath] Aftermath enabled and primed
[2018.05.04-01.48.01:323][  0]LogD3D11RHI: [Aftermath] Aftermath enabled and primed
[2018.05.04-01.48.01:323][  0]LogD3D11RHI: Async texture creation enabled
[2018.05.04-01.48.01:403][  0]LogD3D11RHI: GPU Timing Frequency: 1000.000000 (Debug: 2 2)
[2018.05.04-01.48.01:495][  0]LogShaderCompilers: Guid format shader working directory is 24 characters bigger than the processId version (../../../../AnimIntell/Intermediate/Shaders/WorkingDirectory/8076/).
[2018.05.04-01.48.01:496][  0]LogShaderCompilers: Cleaned the shader compiler working directory 'C:/Users/lv8c8/AppData/Local/Temp/UnrealShaderWorkingDir/EB3FE38E4B15FEE29DCECCB41A6BA7DD/'.
[2018.05.04-01.48.01:801][  0]LogTemp: Display: Loaded TP AllDesktopTargetPlatform
[2018.05.04-01.48.01:814][  0]LogTemp: Display: Loaded TP MacClientTargetPlatform
[2018.05.04-01.48.01:828][  0]LogTemp: Display: Loaded TP MacNoEditorTargetPlatform
[2018.05.04-01.48.01:841][  0]LogTemp: Display: Loaded TP MacServerTargetPlatform
[2018.05.04-01.48.01:859][  0]LogTemp: Display: Loaded TP MacTargetPlatform
[2018.05.04-01.48.01:872][  0]LogTemp: Display: Loaded TP WindowsClientTargetPlatform
[2018.05.04-01.48.01:885][  0]LogTemp: Display: Loaded TP WindowsNoEditorTargetPlatform
[2018.05.04-01.48.01:898][  0]LogTemp: Display: Loaded TP WindowsServerTargetPlatform
[2018.05.04-01.48.01:904][  0]LogTemp: Display: Loaded TP WindowsTargetPlatform
[2018.05.04-01.48.01:915][  0]LogTemp: Display: Loaded TP Android_ASTCTargetPlatform
[2018.05.04-01.48.01:933][  0]LogTemp: Display: Loaded TP Android_ATCTargetPlatform
[2018.05.04-01.48.01:946][  0]LogTemp: Display: Loaded TP Android_DXTTargetPlatform
[2018.05.04-01.48.01:964][  0]LogTemp: Display: Loaded TP Android_ETC1aTargetPlatform
[2018.05.04-01.48.01:977][  0]LogTemp: Display: Loaded TP Android_ETC1TargetPlatform
[2018.05.04-01.48.01:990][  0]LogTemp: Display: Loaded TP Android_ETC2TargetPlatform
[2018.05.04-01.48.02:022][  0]LogTemp: Display: Loaded TP Android_MultiTargetPlatform
[2018.05.04-01.48.02:022][  0]LogTemp: Display: Loaded TP Android_PVRTCTargetPlatform
[2018.05.04-01.48.02:034][  0]LogTemp: Display: Loaded TP AndroidTargetPlatform
[2018.05.04-01.48.02:035][  0]LogTemp: Display: Loaded TP HTML5TargetPlatform
[2018.05.04-01.48.02:077][  0]LogTemp: Display: Loaded TP IOSTargetPlatform
[2018.05.04-01.48.02:090][  0]LogTemp: Display: Loaded TP TVOSTargetPlatform
[2018.05.04-01.48.02:101][  0]LogTemp: Display: Loaded TP LinuxClientTargetPlatform
[2018.05.04-01.48.02:113][  0]LogTemp: Display: Loaded TP LinuxNoEditorTargetPlatform
[2018.05.04-01.48.02:124][  0]LogTemp: Display: Loaded TP LinuxServerTargetPlatform
[2018.05.04-01.48.02:139][  0]LogTemp: Display: Loaded TP LinuxTargetPlatform
[2018.05.04-01.48.02:139][  0]LogTargetPlatformManager: Display: Building Assets For Windows
[2018.05.04-01.48.02:266][  0]LogXGEController: Cannot use XGE Controller as Incredibuild is not installed on this machine.
[2018.05.04-01.48.02:266][  0]LogShaderCompilers: Cannot use XGE Shader Compiler as Incredibuild is not installed on this machine.
[2018.05.04-01.48.02:266][  0]LogShaderCompilers: Display: Using Local Shader Compiler.
[2018.05.04-01.48.02:996][  0]LogDerivedDataCache: Display: Max Cache Size: 512 MB
[2018.05.04-01.48.03:077][  0]LogDerivedDataCache: Loaded boot cache 0.08s 76MB C:/Users/lv8c8/AppData/Local/UnrealEngine/4.19/DerivedDataCache/Boot.ddc.
[2018.05.04-01.48.03:077][  0]LogDerivedDataCache: Display: Loaded Boot cache: C:/Users/lv8c8/AppData/Local/UnrealEngine/4.19/DerivedDataCache/Boot.ddc
[2018.05.04-01.48.03:077][  0]LogDerivedDataCache: FDerivedDataBackendGraph:  Pak pak cache file ../../../../AnimIntell/DerivedDataCache/DDC.ddp not found, will not use a pak cache.
[2018.05.04-01.48.03:077][  0]LogDerivedDataCache: Unable to find inner node Pak for hierarchical cache Hierarchy.
[2018.05.04-01.48.03:077][  0]LogDerivedDataCache: FDerivedDataBackendGraph:  CompressedPak pak cache file ../../../../AnimIntell/DerivedDataCache/Compressed.ddp not found, will not use a pak cache.
[2018.05.04-01.48.03:077][  0]LogDerivedDataCache: Unable to find inner node CompressedPak for hierarchical cache Hierarchy.
[2018.05.04-01.48.03:094][  0]LogDerivedDataCache: Display: Pak cache opened for reading ../../../Engine/DerivedDataCache/Compressed.ddp.
[2018.05.04-01.48.03:107][  0]LogDerivedDataCache: Using Local data cache path C:/Users/lv8c8/AppData/Local/UnrealEngine/Common/DerivedDataCache: Writable
[2018.05.04-01.48.03:107][  0]LogDerivedDataCache: Shared data cache path not found in *engine.ini, will not use an Shared cache.
[2018.05.04-01.48.03:107][  0]LogDerivedDataCache: Unable to find inner node Shared for hierarchical cache Hierarchy.
[2018.05.04-01.48.03:122][  0]LogMaterial: Verifying Global Shaders for PCD3D_SM5
[2018.05.04-01.48.03:122][  0]LogSlate: Using Freetype 2.6.0
[2018.05.04-01.48.03:123][  0]LogSlate: SlateFontCache - WITH_FREETYPE: 1, WITH_HARFBUZZ: 1
[2018.05.04-01.48.03:123][  0]LogSlate: SlateFontCache - WITH_FREETYPE: 1, WITH_HARFBUZZ: 1
[2018.05.04-01.48.03:256][  0]LogAssetRegistry: FAssetRegistry took 0.0285 seconds to start up
[2018.05.04-01.48.03:571][  0]LogInit: Selected Device Profile: [Windows]
[2018.05.04-01.48.03:719][  0]LogSimplygon: Simplygon DLL not present - disabling.
[2018.05.04-01.48.03:723][  0]LogMeshReduction: Using SimplygonSwarm for distributed automatic mesh merging
[2018.05.04-01.48.03:723][  0]LogMeshReduction: Using QuadricMeshReduction for automatic static mesh reduction
[2018.05.04-01.48.03:724][  0]LogMeshReduction: No automatic skeletal mesh reduction module available
[2018.05.04-01.48.03:724][  0]LogMeshReduction: No automatic mesh merging module available
[2018.05.04-01.48.03:724][  0]LogMeshMerging: No automatic mesh merging module available
[2018.05.04-01.48.03:757][  0]LogNetVersion: AnimIntell , NetCL: 3944462, EngineNetVer: 2, GameNetVer: 0 (Checksum: 4002647037)
[2018.05.04-01.48.04:246][  0]LogPackageLocalizationCache: Processed 5 localized package path(s) for 2 prioritized culture(s) in 0.080379 seconds
[2018.05.04-01.48.04:253][  0]LogUObjectArray: 35460 objects as part of root set at end of initial load.
[2018.05.04-01.48.04:253][  0]LogUObjectAllocator: 6844696 out of 0 bytes used by permanent object pool.
[2018.05.04-01.48.04:254][  0]LogUObjectArray: CloseDisregardForGC: 0/0 objects in disregard for GC pool
[2018.05.04-01.48.04:264][  0]LogInit: WinSock: version 1.1 (2.2), MaxSocks=32767, MaxUdp=65467
[2018.05.04-01.48.06:029][  0]LogTcpMessaging: Initializing TcpMessaging bridge
[2018.05.04-01.48.06:057][  0]LogUdpMessaging: Initializing bridge on interface 0.0.0.0:0 to multicast group 230.0.0.1:6666.
[2018.05.04-01.48.06:298][  0]SourceControl: Source control is disabled
[2018.05.04-01.48.06:298][  0]SourceControl: Source control is disabled
[2018.05.04-01.48.06:313][  0]SourceControl: Source control is disabled
[2018.05.04-01.48.06:334][  0]SourceControl: Source control is disabled
[2018.05.04-01.48.06:988][  0]LogLinker: Warning: Can't find file '/Script/OnlineSubsystemUtils'
[2018.05.04-01.48.06:988][  0]LogLinker: Warning: Can't find file '/Script/OnlineSubsystemUtils'
[2018.05.04-01.48.07:044][  0]LogEngine: Initializing Engine...
[2018.05.04-01.48.07:047][  0]LogStats: UGameplayTagsManager::ConstructGameplayTagTree: Construct from data asset -  0.000 s
[2018.05.04-01.48.07:047][  0]LogStats: UGameplayTagsManager::ConstructGameplayTagTree: GameplayTagTreeChangedEvent.Broadcast -  0.000 s
[2018.05.04-01.48.07:280][  0]LogAIModule: Creating AISystem for world Untitled
[2018.05.04-01.48.07:359][  0]LogInit: XAudio2 using 'スピーカー / ヘッドホン (Realtek Audio)' : 6 channels at 48 kHz using 32 bits per sample (channel mask 0x3f)
[2018.05.04-01.48.07:823][  0]LogInit: FAudioDevice initialized.
[2018.05.04-01.48.07:881][  0]LogDerivedDataCache: Saved boot cache 0.06s 74MB C:/Users/lv8c8/AppData/Local/UnrealEngine/4.19/DerivedDataCache/Boot.ddc.
[2018.05.04-01.48.07:900][  0]LogInit: Texture streaming: Enabled
[2018.05.04-01.48.07:932][  0]LogInit: Using libcurl 7.47.1
[2018.05.04-01.48.07:932][  0]LogInit:  - built for x86_64-pc-win32
[2018.05.04-01.48.07:932][  0]LogInit:  - supports SSL with OpenSSL/1.0.2g
[2018.05.04-01.48.07:932][  0]LogInit:  - supports HTTP deflate (compression) using libz 1.2.8
[2018.05.04-01.48.07:932][  0]LogInit:  - other features:
[2018.05.04-01.48.07:932][  0]LogInit:      CURL_VERSION_SSL
[2018.05.04-01.48.07:932][  0]LogInit:      CURL_VERSION_LIBZ
[2018.05.04-01.48.07:932][  0]LogInit:      CURL_VERSION_IPV6
[2018.05.04-01.48.07:932][  0]LogInit:      CURL_VERSION_ASYNCHDNS
[2018.05.04-01.48.07:932][  0]LogInit:      CURL_VERSION_LARGEFILE
[2018.05.04-01.48.07:932][  0]LogInit:      CURL_VERSION_IDN
[2018.05.04-01.48.07:935][  0]LogInit:  CurlRequestOptions (configurable via config and command line):
[2018.05.04-01.48.07:935][  0]LogInit:  - bVerifyPeer = false  - Libcurl will NOT verify peer certificate
[2018.05.04-01.48.07:935][  0]LogInit:  - bUseHttpProxy = false  - Libcurl will NOT use HTTP proxy
[2018.05.04-01.48.07:935][  0]LogInit:  - bDontReuseConnections = false  - Libcurl will reuse connections
[2018.05.04-01.48.07:935][  0]LogInit:  - CertBundlePath = nullptr  - Libcurl will use whatever was configured at build time.
[2018.05.04-01.48.07:935][  0]LogInit:  - MaxHostConnections = 16  - Libcurl will limit the number of connections to a host
[2018.05.04-01.48.07:935][  0]LogInit:  - LocalHostAddr = Default
[2018.05.04-01.48.07:950][  0]LogEngineSessionManager: EngineSessionManager initialized
[2018.05.04-01.48.07:969][  0]LogInit: Transaction tracking system initialized
[2018.05.04-01.48.07:999][  0]BlueprintLog: New page: Editor Load
[2018.05.04-01.48.08:097][  0]LocalizationService: Localization service is disabled
[2018.05.04-01.48.08:192][  0]LogConsoleResponse: Display: 
[2018.05.04-01.48.08:344][  0]LogCook: Display: Max memory allowance for cook 16384mb min free memory 0mb
[2018.05.04-01.48.08:344][  0]LogCook: Display: Mobile HDR setting 1
[2018.05.04-01.48.08:345][  0]LogGameplayTags: Display: UGameplayTagsManager::DoneAddingNativeTags. DelegateIsBound: 0
[2018.05.04-01.48.08:345][  0]LogStats: UGameplayTagsManager::ConstructGameplayTagTree: Construct from data asset -  0.000 s
[2018.05.04-01.48.08:345][  0]LogStats: UGameplayTagsManager::ConstructGameplayTagTree: GameplayTagTreeChangedEvent.Broadcast -  0.000 s
[2018.05.04-01.48.08:605][  0]LogFileCache: Scanning file cache for directory 'C:/Unreal Engine/AnimIntell/Content/' took 0.05s
[2018.05.04-01.48.08:606][  0]SourceControl: Source control is disabled
[2018.05.04-01.48.08:606][  0]Cmd: MAP LOAD FILE="../../../../AnimIntell/Content/Level/ThirdPersonExampleMap.umap" TEMPLATE=0 SHOWPROGRESS=1 FEATURELEVEL=3
[2018.05.04-01.48.08:606][  0]LightingResults: New page: Lighting Build
[2018.05.04-01.48.08:609][  0]MapCheck: New page: Map Check
[2018.05.04-01.48.08:609][  0]LightingResults: New page: Lighting Build
[2018.05.04-01.48.08:707][  0]LogUObjectGlobals: Created PersistentFrame Addr=0x000001b6454d2f80, Size=368, Default__ShinbiPlayerCharacter_C Function /Game/Assets/ParagonShinbi/Characters/Heroes/Shinbi/ShinbiPlayerCharacter.ShinbiPlayerCharacter_C:ExecuteUbergraph_ShinbiPlayerCharacter
[2018.05.04-01.48.08:711][  0]LogUObjectGlobals: Created PersistentFrame Addr=0x000001b644949bc0, Size=304, Default__Shinbi_AnimBlueprint_C Function /Game/Assets/ParagonShinbi/Characters/Heroes/Shinbi/Shinbi_AnimBlueprint.Shinbi_AnimBlueprint_C:ExecuteUbergraph_Shinbi_AnimBlueprint
[2018.05.04-01.48.09:066][  0]LogUObjectGlobals: Destroyed PersistentFrame Addr=0x000001b644949bc0, Size=304
[2018.05.04-01.48.09:066][  0]LogUObjectGlobals: Created PersistentFrame Addr=0x000001b64615d1c0, Size=304, Default__Shinbi_AnimBlueprint_C Function /Engine/Transient.REINST_Shinbi_AnimBlueprint_C_0:ExecuteUbergraph_Shinbi_AnimBlueprint
[2018.05.04-01.48.09:067][  0]LogUObjectGlobals: Destroyed PersistentFrame Addr=0x000001b6454d2f80, Size=368
[2018.05.04-01.48.09:067][  0]LogUObjectGlobals: Created PersistentFrame Addr=0x000001b645c88e80, Size=368, Default__ShinbiPlayerCharacter_C Function /Engine/Transient.REINST_ShinbiPlayerCharacter_C_3:ExecuteUbergraph_ShinbiPlayerCharacter
[2018.05.04-01.48.09:095][  0]LogUObjectGlobals: Created PersistentFrame Addr=0x000001b645c58a40, Size=304, Default__Shinbi_AnimBlueprint_C Function /Game/Assets/ParagonShinbi/Characters/Heroes/Shinbi/Shinbi_AnimBlueprint.Shinbi_AnimBlueprint_C:ExecuteUbergraph_Shinbi_AnimBlueprint
[2018.05.04-01.48.09:098][  0]LogUObjectGlobals: Created PersistentFrame Addr=0x000001b6454d2200, Size=368, Default__ShinbiPlayerCharacter_C Function /Game/Assets/ParagonShinbi/Characters/Heroes/Shinbi/ShinbiPlayerCharacter.ShinbiPlayerCharacter_C:ExecuteUbergraph_ShinbiPlayerCharacter
[2018.05.04-01.48.09:217][  0]LogUObjectGlobals: Created PersistentFrame Addr=0x000001b645b51400, Size=456, Default__BP_North_C Function /Game/Blueprints/BP_North.BP_North_C:ExecuteUbergraph_BP_North
[2018.05.04-01.48.09:220][  0]LogUObjectGlobals: Created PersistentFrame Addr=0x000001b645a99300, Size=320, Default__ABP_North_C Function /Game/Animation/ABP_North.ABP_North_C:ExecuteUbergraph_ABP_North
[2018.05.04-01.48.09:324][  0]LogUObjectGlobals: Destroyed PersistentFrame Addr=0x000001b645a99300, Size=320
[2018.05.04-01.48.09:324][  0]LogUObjectGlobals: Created PersistentFrame Addr=0x000001b660f5e980, Size=320, Default__ABP_North_C Function /Engine/Transient.REINST_ABP_North_C_1:ExecuteUbergraph_ABP_North
[2018.05.04-01.48.09:325][  0]LogUObjectGlobals: Destroyed PersistentFrame Addr=0x000001b645b51400, Size=456
[2018.05.04-01.48.09:325][  0]LogUObjectGlobals: Created PersistentFrame Addr=0x000001b660f2ae00, Size=456, Default__BP_North_C Function /Engine/Transient.REINST_BP_North_C_6:ExecuteUbergraph_BP_North
[2018.05.04-01.48.09:360][  0]LogUObjectGlobals: Created PersistentFrame Addr=0x000001b660a04cc0, Size=320, Default__ABP_North_C Function /Game/Animation/ABP_North.ABP_North_C:ExecuteUbergraph_ABP_North
[2018.05.04-01.48.09:365][  0]LogUObjectGlobals: Created PersistentFrame Addr=0x000001b6608ec200, Size=456, Default__BP_North_C Function /Game/Blueprints/BP_North.BP_North_C:ExecuteUbergraph_BP_North
[2018.05.04-01.48.09:691][  0]LogUObjectGlobals: Created PersistentFrame Addr=0x000001b6607febc0, Size=48, Default__ThirdPersonExampleMap_C Function /Game/Level/ThirdPersonExampleMap.ThirdPersonExampleMap_C:ExecuteUbergraph_ThirdPersonExampleMap
[2018.05.04-01.48.09:692][  0]LogUObjectGlobals: Destroyed PersistentFrame Addr=0x000001b6607febc0, Size=48
[2018.05.04-01.48.09:692][  0]LogUObjectGlobals: Created PersistentFrame Addr=0x000001b6607febc0, Size=48, Default__ThirdPersonExampleMap_C Function /Engine/Transient.REINST_ThirdPersonExampleMap_C_15:ExecuteUbergraph_ThirdPersonExampleMap
[2018.05.04-01.48.09:694][  0]LogUObjectGlobals: Created PersistentFrame Addr=0x000001b6607ff1c0, Size=48, Default__ThirdPersonExampleMap_C Function /Game/Level/ThirdPersonExampleMap.ThirdPersonExampleMap_C:ExecuteUbergraph_ThirdPersonExampleMap
[2018.05.04-01.48.10:097][  0]LogSkeletalMesh: Skeletal Mesh found in DDC [38.140724ms] /Game/Assets/ParagonShinbi/Characters/Heroes/Shinbi/Meshes/Shinbi.Shinbi
[2018.05.04-01.48.10:551][  0]LogSkeletalMesh: Skeletal Mesh found in DDC [1.451032ms] /Game/Assets/Bei_Character/Meshes/SK_Bei416.SK_Bei416
[2018.05.04-01.48.10:679][  0]LogAIModule: Creating AISystem for world ThirdPersonExampleMap
[2018.05.04-01.48.10:722][  0]LogScriptCore: Warning: Script Msg: Divide by zero detected: 179.999985 / 0
Script call stack:
	Function /Game/Assets/ParagonShinbi/Characters/Heroes/Shinbi/Shinbi_AnimBlueprint.Shinbi_AnimBlueprint_C:BlueprintUpdateAnimation
	Function /Game/Assets/ParagonShinbi/Characters/Heroes/Shinbi/Shinbi_AnimBlueprint.Shinbi_AnimBlueprint_C:ExecuteUbergraph_Shinbi_AnimBlueprint

[2018.05.04-01.48.10:728][  0]LogEditorServer: Finished looking for orphan Actors (0.000 secs)
[2018.05.04-01.48.10:744][  0]LogUObjectGlobals: Destroyed PersistentFrame Addr=0x000001b645c88e80, Size=368
[2018.05.04-01.48.10:744][  0]LogUObjectGlobals: Destroyed PersistentFrame Addr=0x000001b64615d1c0, Size=304
[2018.05.04-01.48.10:744][  0]LogUObjectGlobals: Destroyed PersistentFrame Addr=0x000001b660f2ae00, Size=456
[2018.05.04-01.48.10:744][  0]LogUObjectGlobals: Destroyed PersistentFrame Addr=0x000001b660f5e980, Size=320
[2018.05.04-01.48.10:744][  0]LogUObjectGlobals: Destroyed PersistentFrame Addr=0x000001b6607febc0, Size=48
[2018.05.04-01.48.10:747][  0]Cmd: MAP CHECKDEP NOCLEARLOG
[2018.05.04-01.48.10:875][  0]MapCheck: Map check complete: 0 Error(s), 0 Warning(s), took 127.198ms to complete.
[2018.05.04-01.48.10:875][  0]LogFileHelpers: Loading map 'ThirdPersonExampleMap' took 2.269
[2018.05.04-01.48.11:071][  0]LogCollectionManager: Loaded 0 collections in 0.002335 seconds
[2018.05.04-01.48.11:123][  0]LogFileCache: Scanning file cache for directory 'C:/Unreal Engine/AnimIntell/Saved/Collections/' took 0.01s
[2018.05.04-01.48.11:123][  0]LogFileCache: Scanning file cache for directory 'C:/Unreal Engine/AnimIntell/Content/Developers/lv8c8/Collections/' took 0.01s
[2018.05.04-01.48.11:123][  0]LogFileCache: Scanning file cache for directory 'C:/Unreal Engine/AnimIntell/Content/Collections/' took 0.01s
[2018.05.04-01.48.11:123][  0]LogCollectionManager: Rebuilt the GUID cache for 0 collections in 0.000000 seconds
[2018.05.04-01.48.11:134][  0]LogContentBrowser: Native class hierarchy populated in 0.0103 seconds. Added 2325 classes and 503 folders.
[2018.05.04-01.48.11:143][  0]LogContentBrowser: Native class hierarchy updated for 'WidgetCarousel' in 0.0004 seconds. Added 0 classes and 0 folders.
[2018.05.04-01.48.11:194][  0]LogContentBrowser: Native class hierarchy updated for 'AddContentDialog' in 0.0002 seconds. Added 0 classes and 0 folders.
[2018.05.04-01.48.11:203][  0]LogContentBrowser: Native class hierarchy updated for 'SceneOutliner' in 0.0003 seconds. Added 1 classes and 2 folders.
[2018.05.04-01.48.11:346][  0]LogSlate: Took 0.000252 seconds to synchronously load lazily loaded font '../../../Engine/Content/Slate/Fonts/Roboto-Regular.ttf' (155K)
[2018.05.04-01.48.11:353][  0]LogSlate: Took 0.000205 seconds to synchronously load lazily loaded font '../../../Engine/Content/Slate/Fonts/Roboto-Bold.ttf' (160K)
[2018.05.04-01.48.11:359][  0]LogSlate: Took 0.000245 seconds to synchronously load lazily loaded font '../../../Engine/Content/Editor/Slate/Fonts/FontAwesome.ttf' (139K)
[2018.05.04-01.48.11:479][  0]LogRenderer: Reallocating scene render targets to support 1076x548 Format 10 NumSamples 1 (Frame:1).
[2018.05.04-01.48.11:693][  0]LogContentBrowser: Native class hierarchy updated for 'HierarchicalLODOutliner' in 0.0002 seconds. Added 0 classes and 0 folders.
[2018.05.04-01.48.11:693][  0]LogLoad: (Engine Initialization) Total time: 14.22 seconds
[2018.05.04-01.48.11:693][  0]LogLoad: (Engine Initialization) Total Blueprint compile time: 0.00 seconds
[2018.05.04-01.48.11:710][  0]LogWindowsTextInputMethodSystem: Display: IME system now deactivated.
[2018.05.04-01.48.11:732][  0]LogContentStreaming: Texture pool size now 1000 MB
[2018.05.04-01.48.11:790][  0]LogSlate: Took 0.000151 seconds to synchronously load lazily loaded font '../../../Engine/Content/Slate/Fonts/Roboto-Light.ttf' (167K)
[2018.05.04-01.48.11:951][  4]LogAssetRegistry: Asset discovery search completed in 8.7172 seconds
[2018.05.04-01.48.11:957][  4]LogCollectionManager: Rebuilt the object cache for 0 collections in 0.000000 seconds (found 0 objects)
[2018.05.04-01.48.11:957][  4]LogCollectionManager: Fixed up redirectors for 0 collections in 0.000117 seconds (updated 0 objects)
[2018.05.04-01.48.14:087][128]LogSlate: FSceneViewport::OnFocusLost() reason 0
[2018.05.04-01.48.14:168][133]LogSlate: Window 'Plugins' being destroyed
[2018.05.04-01.48.14:174][133]LogDirectoryWatcher: A directory notification for '../../../Engine/Plugins/' was aborted.
[2018.05.04-01.48.14:174][133]LogDirectoryWatcher: A directory notification for '../../../../AnimIntell/Plugins/' was aborted.
[2018.05.04-01.48.17:926][357]LogSlate: FSceneViewport::OnFocusLost() reason 0
[2018.05.04-01.48.20:681][518]LogUObjectGlobals: Created PersistentFrame Addr=0x000001b615a04790, Size=56, Default__ABP_AnimBlendBuild_C Function /Game/Animation/ABP_AnimBlendBuild.ABP_AnimBlendBuild_C:ExecuteUbergraph_ABP_AnimBlendBuild
[2018.05.04-01.48.20:685][518]LogUObjectGlobals: Destroyed PersistentFrame Addr=0x000001b615a04790, Size=56
[2018.05.04-01.48.20:685][518]LogUObjectGlobals: Created PersistentFrame Addr=0x000001b608f3fc48, Size=56, Default__ABP_AnimBlendBuild_C Function /Engine/Transient.REINST_ABP_AnimBlendBuild_C_2:ExecuteUbergraph_ABP_AnimBlendBuild
[2018.05.04-01.48.20:688][518]LogUObjectGlobals: Created PersistentFrame Addr=0x000001b608f3c870, Size=56, Default__ABP_AnimBlendBuild_C Function /Game/Animation/ABP_AnimBlendBuild.ABP_AnimBlendBuild_C:ExecuteUbergraph_ABP_AnimBlendBuild
[2018.05.04-01.48.20:702][518]LogSlate: Took 0.000178 seconds to synchronously load lazily loaded font '../../../Engine/Content/Slate/Fonts/Roboto-Light.ttf' (167K)
[2018.05.04-01.48.20:725][518]LogContentBrowser: Native class hierarchy updated for 'SkeletonEditor' in 0.0002 seconds. Added 1 classes and 2 folders.
[2018.05.04-01.48.20:964][518]LogActorComponent: RegisterComponentWithWorld: (/Engine/Transient.World_4:PersistentLevel.Actor_0.DebugSkelMeshComponent_0) Already registered. Aborting.
[2018.05.04-01.48.20:969][518]LogContentBrowser: Native class hierarchy updated for 'PinnedCommandList' in 0.0002 seconds. Added 1 classes and 0 folders.
[2018.05.04-01.48.21:271][518]LogContentBrowser: Native class hierarchy updated for 'BlueprintGraph' in 0.0005 seconds. Added 116 classes and 0 folders.
[2018.05.04-01.48.21:583][518]LogUObjectGlobals: Created PersistentFrame Addr=0x000001b69e8797a8, Size=4, Default__SKEL_PROTO_BP_AnimBlueprint_0_C Function /Engine/Transient.SKEL_PROTO_BP_AnimBlueprint_0_C:ExecuteUbergraph_PROTO_BP_AnimBlueprint_0
[2018.05.04-01.48.21:584][518]LogUObjectGlobals: Created PersistentFrame Addr=0x000001b69e8797a0, Size=4, Default__PROTO_BP_AnimBlueprint_0_C Function /Engine/Transient.PROTO_BP_AnimBlueprint_0_C:ExecuteUbergraph_PROTO_BP_AnimBlueprint_0
[2018.05.04-01.48.21:991][518]LogSkeletalMesh: USkeletalMeshComponent::InitArticulated : Bodies already created (/Engine/Transient.World_4:PersistentLevel.Actor_0.DebugSkelMeshComponent_0) - call TermArticulated first.
[2018.05.04-01.48.22:312][518]LogSlate: Took 0.000158 seconds to synchronously load lazily loaded font '../../../Engine/Content/Slate/Fonts/Roboto-BoldCondensed.ttf' (158K)
[2018.05.04-01.48.22:363][518]LogContentBrowser: Native class hierarchy updated for 'ClothingSystemEditorInterface' in 0.0002 seconds. Added 1 classes and 0 folders.
[2018.05.04-01.48.22:454][518]LogContentBrowser: Verbose: The majority of assets in the view are of type: AnimSequence
[2018.05.04-01.48.22:493][519]LogSlate: Took 0.000214 seconds to synchronously load lazily loaded font '../../../Engine/Content/Slate/Fonts/Roboto-Italic.ttf' (157K)
[2018.05.04-01.48.26:363][737]LogUObjectGlobals: Created PersistentFrame Addr=0x000001b6693213c0, Size=4, Default__SKEL_ABP_AnimBlendBuild_C Function /Game/Animation/ABP_AnimBlendBuild.SKEL_ABP_AnimBlendBuild_C:ExecuteUbergraph_ABP_AnimBlendBuild
[2018.05.04-01.48.29:466][920]BlueprintLog: New page: Compile ABP_AnimBlendBuild
[2018.05.04-01.48.29:473][920]LogUObjectGlobals: Destroyed PersistentFrame Addr=0x000001b6693213c0, Size=4
[2018.05.04-01.48.29:473][920]LogUObjectGlobals: Created PersistentFrame Addr=0x000001b668139638, Size=4, Default__SKEL_ABP_AnimBlendBuild_C Function /Engine/Transient.REINST_SKEL_ABP_AnimBlendBuild_C_4:ExecuteUbergraph_ABP_AnimBlendBuild
[2018.05.04-01.48.29:479][920]LogUObjectGlobals: Destroyed PersistentFrame Addr=0x000001b608f3c870, Size=56
[2018.05.04-01.48.29:479][920]LogUObjectGlobals: Created PersistentFrame Addr=0x000001b6684a8b48, Size=56, ABP_AnimBlendBuild_C_2 Function /Engine/Transient.REINST_ABP_AnimBlendBuild_C_5:ExecuteUbergraph_ABP_AnimBlendBuild
[2018.05.04-01.48.29:482][920]LogUObjectGlobals: Created PersistentFrame Addr=0x000001b6684a82c0, Size=56, Default__ABP_AnimBlendBuild_C Function /Game/Animation/ABP_AnimBlendBuild.ABP_AnimBlendBuild_C:ExecuteUbergraph_ABP_AnimBlendBuild
[2018.05.04-01.48.29:601][920]LogUObjectGlobals: Destroyed PersistentFrame Addr=0x000001b608f3fc48, Size=56
[2018.05.04-01.48.29:601][920]LogUObjectGlobals: Destroyed PersistentFrame Addr=0x000001b668139638, Size=4
[2018.05.04-01.48.35:649][261]LogUObjectGlobals: Destroyed PersistentFrame Addr=0x000001b6684a8b48, Size=56
[2018.05.04-01.48.36:660][261]LogSlate: Window 'Save Content' being destroyed
[2018.05.04-01.48.36:870][261]LogSlate: Window 'AnimIntell - Unreal Editor' being destroyed
[2018.05.04-01.48.37:100][262]Cmd: QUIT_EDITOR
[2018.05.04-01.48.37:128][262]LogWindowsTextInputMethodSystem: Display: IME system now deactivated.
[2018.05.04-01.48.37:181][262]LogSlate: Slate User Destroyed.  User Index 0, Is Virtual User: 0
[2018.05.04-01.48.37:181][262]LogExit: Preparing to exit.
[2018.05.04-01.48.38:100][262]LogDirectoryWatcher: A directory notification for 'C:/Unreal Engine/AnimIntell/Content/' was aborted.
[2018.05.04-01.48.38:147][262]LogExit: Editor shut down
[2018.05.04-01.48.38:149][262]LogExit: Transaction tracking system shut down
[2018.05.04-01.48.38:154][262]LogUObjectGlobals: Destroyed PersistentFrame Addr=0x000001b645c58a40, Size=304
[2018.05.04-01.48.38:154][262]LogUObjectGlobals: Destroyed PersistentFrame Addr=0x000001b6454d2200, Size=368
[2018.05.04-01.48.38:155][262]LogUObjectGlobals: Destroyed PersistentFrame Addr=0x000001b660a04cc0, Size=320
[2018.05.04-01.48.38:155][262]LogUObjectGlobals: Destroyed PersistentFrame Addr=0x000001b6608ec200, Size=456
[2018.05.04-01.48.38:160][262]LogUObjectGlobals: Destroyed PersistentFrame Addr=0x000001b6607ff1c0, Size=48
[2018.05.04-01.48.38:163][262]LogUObjectGlobals: Destroyed PersistentFrame Addr=0x000001b69e8797a8, Size=4
[2018.05.04-01.48.38:163][262]LogUObjectGlobals: Destroyed PersistentFrame Addr=0x000001b69e8797a0, Size=4
[2018.05.04-01.48.38:164][262]LogUObjectGlobals: Destroyed PersistentFrame Addr=0x000001b6684a82c0, Size=56
[2018.05.04-01.48.38:261][262]LogDirectoryWatcher: A directory notification for '../../../Engine/Content/' was aborted.
[2018.05.04-01.48.38:261][262]LogDirectoryWatcher: A directory notification for '../../../../AnimIntell/Content/' was aborted.
[2018.05.04-01.48.38:261][262]LogDirectoryWatcher: A directory notification for '../../Plugins/Enterprise/DatasmithContent/Content/' was aborted.
[2018.05.04-01.48.38:261][262]LogDirectoryWatcher: A directory notification for '../../Plugins/Media/MediaCompositing/Content/' was aborted.
[2018.05.04-01.48.38:370][262]LogExit: Object subsystem successfully closed.
[2018.05.04-01.48.38:394][262]LogShaderCompilers: Display: Shaders left to compile 0
[2018.05.04-01.48.38:398][262]LogD3D11RHI: Shutdown
[2018.05.04-01.48.38:398][262]LogD3D11RHI: CleanupD3DDevice
[2018.05.04-01.48.38:400][262]LogD3D11RHI: ~FD3D11DynamicRHI
[2018.05.04-01.48.38:419][262]LogModuleManager: Shutting down and abandoning module ClothingSystemEditorInterface (542)
[2018.05.04-01.48.38:419][262]LogModuleManager: Shutting down and abandoning module BlueprintGraph (540)
[2018.05.04-01.48.38:420][262]LogModuleManager: Shutting down and abandoning module PinnedCommandList (538)
[2018.05.04-01.48.38:420][262]LogModuleManager: Shutting down and abandoning module SkeletonEditor (536)
[2018.05.04-01.48.38:420][262]LogModuleManager: Shutting down and abandoning module AnimationBlueprintEditor (534)
[2018.05.04-01.48.38:420][262]LogModuleManager: Shutting down and abandoning module HierarchicalLODOutliner (532)
[2018.05.04-01.48.38:420][262]LogModuleManager: Shutting down and abandoning module SceneOutliner (530)
[2018.05.04-01.48.38:420][262]LogModuleManager: Shutting down and abandoning module AddContentDialog (528)
[2018.05.04-01.48.38:420][262]LogDirectoryWatcher: A directory notification for 'C:/Unreal Engine/UE_4.19/FeaturePacks/' was aborted.
[2018.05.04-01.48.38:420][262]LogModuleManager: Shutting down and abandoning module WidgetCarousel (527)
[2018.05.04-01.48.38:420][262]LogModuleManager: Shutting down and abandoning module EditorWidgets (524)
[2018.05.04-01.48.38:420][262]LogModuleManager: Shutting down and abandoning module CollectionManager (522)
[2018.05.04-01.48.38:420][262]LogDirectoryWatcher: A directory notification for 'C:/Unreal Engine/AnimIntell/Content/Collections/' was aborted.
[2018.05.04-01.48.38:420][262]LogDirectoryWatcher: A directory notification for 'C:/Unreal Engine/AnimIntell/Content/Developers/lv8c8/Collections/' was aborted.
[2018.05.04-01.48.38:420][262]LogDirectoryWatcher: A directory notification for 'C:/Unreal Engine/AnimIntell/Saved/Collections/' was aborted.
[2018.05.04-01.48.38:421][262]LogModuleManager: Shutting down and abandoning module WorldBrowser (520)
[2018.05.04-01.48.38:421][262]LogModuleManager: Shutting down and abandoning module StatsViewer (518)
[2018.05.04-01.48.38:421][262]LogModuleManager: Shutting down and abandoning module FoliageEdit (516)
[2018.05.04-01.48.38:421][262]LogModuleManager: Shutting down and abandoning module LandscapeEditor (514)
[2018.05.04-01.48.38:421][262]LogModuleManager: Shutting down and abandoning module MeshPaintMode (512)
[2018.05.04-01.48.38:421][262]LogModuleManager: Shutting down and abandoning module MeshPaint (511)
[2018.05.04-01.48.38:421][262]LogModuleManager: Shutting down and abandoning module SceneDepthPickerMode (508)
[2018.05.04-01.48.38:421][262]LogModuleManager: Shutting down and abandoning module ActorPickerMode (506)
[2018.05.04-01.48.38:421][262]LogModuleManager: Shutting down and abandoning module GeometryMode (504)
[2018.05.04-01.48.38:421][262]LogModuleManager: Shutting down and abandoning module TextureAlignMode (502)
[2018.05.04-01.48.38:421][262]LogModuleManager: Shutting down and abandoning module BspMode (500)
[2018.05.04-01.48.38:421][262]LogModuleManager: Shutting down and abandoning module PIEPreviewDeviceProfileSelector (498)
[2018.05.04-01.48.38:421][262]LogModuleManager: Shutting down and abandoning module HardwareSurvey (496)
[2018.05.04-01.48.38:421][262]LogModuleManager: Shutting down and abandoning module SequenceRecorderSections (494)
[2018.05.04-01.48.38:421][262]LogModuleManager: Shutting down and abandoning module AutomationWorker (492)
[2018.05.04-01.48.38:421][262]LogModuleManager: Shutting down and abandoning module AudioCaptureEditor (490)
[2018.05.04-01.48.38:421][262]LogModuleManager: Shutting down and abandoning module SequenceRecorder (489)
[2018.05.04-01.48.38:421][262]LogModuleManager: Shutting down and abandoning module MatineeToLevelSequence (486)
[2018.05.04-01.48.38:421][262]LogModuleManager: Shutting down and abandoning module LevelSequenceEditor (484)
[2018.05.04-01.48.38:421][262]LogModuleManager: Shutting down and abandoning module PlacementMode (483)
[2018.05.04-01.48.38:421][262]LogModuleManager: Shutting down and abandoning module MaterialEditor (482)
[2018.05.04-01.48.38:421][262]LogModuleManager: Shutting down and abandoning module WmfMediaFactory (478)
[2018.05.04-01.48.38:421][262]LogModuleManager: Shutting down and abandoning module WmfMediaEditor (476)
[2018.05.04-01.48.38:421][262]LogModuleManager: Shutting down and abandoning module MediaPlayerEditor (474)
[2018.05.04-01.48.38:421][262]LogModuleManager: Shutting down and abandoning module OpenExrWrapper (472)
[2018.05.04-01.48.38:421][262]LogModuleManager: Shutting down and abandoning module ImgMediaFactory (470)
[2018.05.04-01.48.38:421][262]LogModuleManager: Shutting down and abandoning module ImgMediaEditor (468)
[2018.05.04-01.48.38:421][262]LogModuleManager: Shutting down and abandoning module CharacterAI (466)
[2018.05.04-01.48.38:421][262]LogModuleManager: Shutting down and abandoning module SessionServices (464)
[2018.05.04-01.48.38:421][262]LogModuleManager: Shutting down and abandoning module ViewportSnapping (462)
[2018.05.04-01.48.38:421][262]LogModuleManager: Shutting down and abandoning module ViewportInteraction (460)
[2018.05.04-01.48.38:421][262]LogModuleManager: Shutting down and abandoning module ClothPainter (458)
[2018.05.04-01.48.38:421][262]LogModuleManager: Shutting down and abandoning module SkeletalMeshEditor (457)
[2018.05.04-01.48.38:421][262]LogModuleManager: Shutting down and abandoning module LogVisualizer (454)
[2018.05.04-01.48.38:421][262]LogModuleManager: Shutting down and abandoning module IntroTutorials (452)
[2018.05.04-01.48.38:422][262]LogModuleManager: Shutting down and abandoning module GameProjectGeneration (451)
[2018.05.04-01.48.38:422][262]LogModuleManager: Shutting down and abandoning module IOSPlatformEditor (448)
[2018.05.04-01.48.38:422][262]LogModuleManager: Shutting down and abandoning module HTML5PlatformEditor (446)
[2018.05.04-01.48.38:422][262]LogModuleManager: Shutting down and abandoning module AndroidPlatformEditor (444)
[2018.05.04-01.48.38:422][262]LogModuleManager: Shutting down and abandoning module AndroidDeviceDetection (443)
[2018.05.04-01.48.39:157][262]LogModuleManager: Shutting down and abandoning module WindowsPlatformEditor (440)
[2018.05.04-01.48.39:157][262]LogModuleManager: Shutting down and abandoning module IOSRuntimeSettings (438)
[2018.05.04-01.48.39:157][262]LogModuleManager: Shutting down and abandoning module AndroidRuntimeSettings (436)
[2018.05.04-01.48.39:157][262]LogModuleManager: Shutting down and abandoning module InputBindingEditor (434)
[2018.05.04-01.48.39:157][262]LogModuleManager: Shutting down and abandoning module MergeActors (432)
[2018.05.04-01.48.39:157][262]LogModuleManager: Shutting down and abandoning module LocalizationDashboard (430)
[2018.05.04-01.48.39:157][262]LogModuleManager: Shutting down and abandoning module LocalizationService (429)
[2018.05.04-01.48.39:157][262]LogModuleManager: Shutting down and abandoning module HardwareTargeting (426)
[2018.05.04-01.48.39:157][262]LogModuleManager: Shutting down and abandoning module DeviceProfileEditor (424)
[2018.05.04-01.48.39:157][262]LogModuleManager: Shutting down and abandoning module UndoHistory (422)
[2018.05.04-01.48.39:157][262]LogModuleManager: Shutting down and abandoning module XmlParser (420)
[2018.05.04-01.48.39:157][262]LogModuleManager: Shutting down and abandoning module Blutility (418)
[2018.05.04-01.48.39:157][262]LogModuleManager: Shutting down and abandoning module ProjectSettingsViewer (416)
[2018.05.04-01.48.39:157][262]LogModuleManager: Shutting down and abandoning module ProjectTargetPlatformEditor (415)
[2018.05.04-01.48.39:158][262]LogModuleManager: Shutting down and abandoning module EditorSettingsViewer (412)
[2018.05.04-01.48.39:158][262]LogModuleManager: Shutting down and abandoning module SettingsEditor (410)
[2018.05.04-01.48.39:158][262]LogModuleManager: Shutting down and abandoning module ProjectLauncher (408)
[2018.05.04-01.48.39:158][262]LogModuleManager: Shutting down and abandoning module SessionFrontend (406)
[2018.05.04-01.48.39:158][262]LogModuleManager: Shutting down and abandoning module ProfilerClient (404)
[2018.05.04-01.48.39:158][262]LogModuleManager: Shutting down and abandoning module DeviceManager (402)
[2018.05.04-01.48.39:158][262]LogModuleManager: Shutting down and abandoning module TargetDeviceServices (401)
[2018.05.04-01.48.39:213][262]LogModuleManager: Shutting down and abandoning module AutomationController (398)
[2018.05.04-01.48.39:213][262]LogModuleManager: Shutting down and abandoning module AutomationWindow (396)
[2018.05.04-01.48.39:213][262]LogModuleManager: Shutting down and abandoning module Layers (394)
[2018.05.04-01.48.39:213][262]LogModuleManager: Shutting down and abandoning module ComponentVisualizers (392)
[2018.05.04-01.48.39:213][262]LogModuleManager: Shutting down and abandoning module DetailCustomizations (390)
[2018.05.04-01.48.39:213][262]LogModuleManager: Shutting down and abandoning module PackagesDialog (388)
[2018.05.04-01.48.39:213][262]LogModuleManager: Shutting down and abandoning module Persona (386)
[2018.05.04-01.48.39:213][262]LogModuleManager: Shutting down and abandoning module AdvancedPreviewScene (385)
[2018.05.04-01.48.39:213][262]LogModuleManager: Shutting down and abandoning module AnimGraph (383)
[2018.05.04-01.48.39:213][262]LogModuleManager: Shutting down and abandoning module Kismet (380)
[2018.05.04-01.48.39:220][262]LogModuleManager: Shutting down and abandoning module GraphEditor (378)
[2018.05.04-01.48.39:220][262]LogModuleManager: Shutting down and abandoning module ClassViewer (376)
[2018.05.04-01.48.39:220][262]LogModuleManager: Shutting down and abandoning module Toolbox (374)
[2018.05.04-01.48.39:220][262]LogModuleManager: Shutting down and abandoning module ModuleUI (372)
[2018.05.04-01.48.39:220][262]LogModuleManager: Shutting down and abandoning module MovieSceneTools (370)
[2018.05.04-01.48.39:220][262]LogModuleManager: Shutting down and abandoning module OutputLog (368)
[2018.05.04-01.48.39:220][262]LogModuleManager: Shutting down and abandoning module GammaUI (366)
[2018.05.04-01.48.39:220][262]LogModuleManager: Shutting down and abandoning module Documentation (364)
[2018.05.04-01.48.39:220][262]LogModuleManager: Shutting down and abandoning module MovieSceneTracks (362)
[2018.05.04-01.48.39:220][262]LogModuleManager: Shutting down and abandoning module MovieScene (360)
[2018.05.04-01.48.39:220][262]LogModuleManager: Shutting down and abandoning module StreamingPauseRendering (358)
[2018.05.04-01.48.39:220][262]LogModuleManager: Shutting down and abandoning module LauncherPlatform (356)
[2018.05.04-01.48.39:220][262]LogModuleManager: Shutting down and abandoning module AnalyticsET (354)
[2018.05.04-01.48.39:220][262]LogModuleManager: Shutting down and abandoning module HTTP (353)
[2018.05.04-01.48.39:220][262]LogHttp: Display: Http module shutting down, but needs to wait on 1 outstanding Http requests:
[2018.05.04-01.48.39:220][262]LogHttp: Display: 	verb=[POST] url=[https://datarouter.ol.epicgames.com/datarouter/api/v1/public/data?SessionID=%7B6E22D43E-413D-1A18-742C-25A77D31E56D%7D&AppID=UEEditor.Rocket.Release&AppVersion=4.19.2-4033788%2B%2B%2BUE4%2BRelease-4.19&UserID=959b1d134c9e8b6747f5589c7525eb34%7Ce52e72fafb94407094116862e3dbe84e%7Cd5b091bc-688d-4f8a-b9c9-c9ebdc85bbbd&AppEnvironment=datacollector-binary&UploadType=eteventstream] status=Processing
[2018.05.04-01.48.39:220][262]LogHttp: Display: Sleeping 0.5s to wait for 1 outstanding Http requests.
[2018.05.04-01.48.39:721][262]LogHttp: Display: Sleeping 0.5s to wait for 1 outstanding Http requests.
[2018.05.04-01.48.40:222][262]LogHttp: Display: Sleeping 0.5s to wait for 1 outstanding Http requests.
[2018.05.04-01.48.40:722][262]LogHttp: Display: Sleeping 0.5s to wait for 1 outstanding Http requests.
[2018.05.04-01.48.41:222][262]LogHttp: Display: Sleeping 0.5s to wait for 1 outstanding Http requests.
[2018.05.04-01.48.41:723][262]LogHttp: Display: Sleeping 0.5s to wait for 1 outstanding Http requests.
[2018.05.04-01.48.42:223][262]LogHttp: Display: Sleeping 0.5s to wait for 1 outstanding Http requests.
[2018.05.04-01.48.42:723][262]LogHttp: Display: Sleeping 0.5s to wait for 1 outstanding Http requests.
[2018.05.04-01.48.43:224][262]LogHttp: Display: Sleeping 0.5s to wait for 1 outstanding Http requests.
[2018.05.04-01.48.43:724][262]LogHttp: Display: Sleeping 0.5s to wait for 1 outstanding Http requests.
[2018.05.04-01.48.44:224][262]LogHttp: Display: Sleeping 0.5s to wait for 1 outstanding Http requests.
[2018.05.04-01.48.44:725][262]LogHttp: Display: Sleeping 0.5s to wait for 1 outstanding Http requests.
[2018.05.04-01.48.45:225][262]LogHttp: Display: Sleeping 0.5s to wait for 1 outstanding Http requests.
[2018.05.04-01.48.45:725][262]LogHttp: Display: Sleeping 0.5s to wait for 1 outstanding Http requests.
[2018.05.04-01.48.46:226][262]LogHttp: Display: Sleeping 0.5s to wait for 1 outstanding Http requests.
[2018.05.04-01.48.46:726][262]LogHttp: Display: Sleeping 0.5s to wait for 1 outstanding Http requests.
[2018.05.04-01.48.47:226][262]LogHttp: Display: Sleeping 0.5s to wait for 1 outstanding Http requests.
[2018.05.04-01.48.47:727][262]LogHttp: Display: Sleeping 0.5s to wait for 1 outstanding Http requests.
[2018.05.04-01.48.48:227][262]LogHttp: Display: Sleeping 0.5s to wait for 1 outstanding Http requests.
[2018.05.04-01.48.48:727][262]LogHttp: Display: Sleeping 0.5s to wait for 1 outstanding Http requests.
[2018.05.04-01.48.49:228][262]LogHttp: Display: Sleeping 0.5s to wait for 1 outstanding Http requests.
[2018.05.04-01.48.49:728][262]LogHttp: Display: Sleeping 0.5s to wait for 1 outstanding Http requests.
[2018.05.04-01.48.50:229][262]LogHttp: Display: Sleeping 0.5s to wait for 1 outstanding Http requests.
[2018.05.04-01.48.50:751][262]LogModuleManager: Shutting down and abandoning module SSL (352)
[2018.05.04-01.48.50:753][262]LogModuleManager: Shutting down and abandoning module PortalServices (348)
[2018.05.04-01.48.50:753][262]LogModuleManager: Shutting down and abandoning module PortalRpc (346)
[2018.05.04-01.48.50:753][262]LogModuleManager: Shutting down and abandoning module MessagingRpc (344)
[2018.05.04-01.48.50:753][262]LogModuleManager: Shutting down and abandoning module AIModule (342)
[2018.05.04-01.48.50:753][262]LogModuleManager: Shutting down and abandoning module GameplayDebugger (341)
[2018.05.04-01.48.50:753][262]LogModuleManager: Shutting down and abandoning module AITestSuite (339)
[2018.05.04-01.48.50:753][262]LogModuleManager: Shutting down and abandoning module DesktopPlatform (336)
[2018.05.04-01.48.50:753][262]LogModuleManager: Shutting down and abandoning module ProfilerService (334)
[2018.05.04-01.48.50:814][262]LogModuleManager: Shutting down and abandoning module TaskGraph (332)
[2018.05.04-01.48.50:814][262]LogModuleManager: Shutting down and abandoning module FullbodyIKEditor (330)
[2018.05.04-01.48.50:814][262]LogModuleManager: Shutting down and abandoning module FullbodyIK (328)
[2018.05.04-01.48.50:814][262]LogModuleManager: Shutting down and abandoning module ProceduralMeshComponentEditor (326)
[2018.05.04-01.48.50:814][262]LogModuleManager: Shutting down and abandoning module ProceduralMeshComponent (324)
[2018.05.04-01.48.50:814][262]LogModuleManager: Shutting down and abandoning module MobilePatchingUtils (322)
[2018.05.04-01.48.50:814][262]LogModuleManager: Shutting down and abandoning module CustomMeshComponent (320)
[2018.05.04-01.48.50:814][262]LogModuleManager: Shutting down and abandoning module CableComponent (318)
[2018.05.04-01.48.50:814][262]LogModuleManager: Shutting down and abandoning module AudioCapture (316)
[2018.05.04-01.48.50:814][262]LogModuleManager: Shutting down and abandoning module ArchVisCharacter (314)
[2018.05.04-01.48.50:814][262]LogModuleManager: Shutting down and abandoning module NUTUnrealEngine4 (312)
[2018.05.04-01.48.50:814][262]LogModuleManager: Shutting down and abandoning module NetcodeUnitTest (310)
[2018.05.04-01.48.50:814][262]LogModuleManager: Shutting down and abandoning module MediaCompositingEditor (308)
[2018.05.04-01.48.50:814][262]LogModuleManager: Shutting down and abandoning module MediaCompositing (306)
[2018.05.04-01.48.50:814][262]LogModuleManager: Shutting down and abandoning module LinearTimecode (304)
[2018.05.04-01.48.50:814][262]LogModuleManager: Shutting down and abandoning module ImgMedia (302)
[2018.05.04-01.48.50:817][262]LogModuleManager: Shutting down and abandoning module HTML5Networking (300)
[2018.05.04-01.48.50:817][262]LogModuleManager: Shutting down and abandoning module AlembicImporter (298)
[2018.05.04-01.48.50:817][262]LogModuleManager: Shutting down and abandoning module AlembicLibrary (297)
[2018.05.04-01.48.50:817][262]LogModuleManager: Shutting down and abandoning module GeometryCache (296)
[2018.05.04-01.48.50:817][262]LogModuleManager: Shutting down and abandoning module GeometryCacheEd (295)
[2018.05.04-01.48.50:817][262]LogModuleManager: Shutting down and abandoning module DatasmithContent (290)
[2018.05.04-01.48.50:817][262]LogModuleManager: Shutting down and abandoning module SpeedTreeImporter (288)
[2018.05.04-01.48.50:817][262]LogModuleManager: Shutting down and abandoning module PluginBrowser (286)
[2018.05.04-01.48.50:817][262]LogModuleManager: Shutting down and abandoning module MobileLauncherProfileWizard (284)
[2018.05.04-01.48.50:817][262]LogModuleManager: Shutting down and abandoning module CryptoKeysOpenSSL (282)
[2018.05.04-01.48.50:817][262]LogModuleManager: Shutting down and abandoning module CryptoKeys (280)
[2018.05.04-01.48.50:818][262]LogModuleManager: Shutting down and abandoning module VisualStudioSourceCodeAccess (278)
[2018.05.04-01.48.50:818][262]LogModuleManager: Shutting down and abandoning module VisualStudioCodeSourceCodeAccess (276)
[2018.05.04-01.48.50:818][262]LogModuleManager: Shutting down and abandoning module UObjectPlugin (274)
[2018.05.04-01.48.50:818][262]LogModuleManager: Shutting down and abandoning module SubversionSourceControl (272)
[2018.05.04-01.48.50:818][262]LogModuleManager: Shutting down and abandoning module PerforceSourceControl (270)
[2018.05.04-01.48.50:818][262]LogModuleManager: Shutting down and abandoning module GitSourceControl (268)
[2018.05.04-01.48.50:818][262]LogModuleManager: Shutting down and abandoning module SourceControl (267)
[2018.05.04-01.48.50:818][262]LogModuleManager: Shutting down and abandoning module CLionSourceCodeAccess (264)
[2018.05.04-01.48.50:818][262]LogModuleManager: Shutting down and abandoning module LightPropagationVolumeEditor (262)
[2018.05.04-01.48.50:818][262]LogModuleManager: Shutting down and abandoning module RuntimePhysXCooking (260)
[2018.05.04-01.48.50:818][262]LogModuleManager: Shutting down and abandoning module PhysXVehiclesEditor (258)
[2018.05.04-01.48.50:818][262]LogModuleManager: Shutting down and abandoning module PhysXVehicles (256)
[2018.05.04-01.48.50:818][262]LogModuleManager: Shutting down and abandoning module LocationServicesBPLibrary (254)
[2018.05.04-01.48.50:818][262]LogModuleManager: Shutting down and abandoning module ImmediatePhysicsEditor (252)
[2018.05.04-01.48.50:818][262]LogModuleManager: Shutting down and abandoning module ImmediatePhysics (250)
[2018.05.04-01.48.50:818][262]LogModuleManager: Shutting down and abandoning module ActorSequence (248)
[2018.05.04-01.48.50:818][262]LogModuleManager: Shutting down and abandoning module UdpMessaging (246)
[2018.05.04-01.48.50:920][262]LogModuleManager: Shutting down and abandoning module TcpMessaging (244)
[2018.05.04-01.48.51:020][262]LogModuleManager: Shutting down and abandoning module GameplayTagsEditor (242)
[2018.05.04-01.48.51:020][262]LogModuleManager: Shutting down and abandoning module FacialAnimationEditor (240)
[2018.05.04-01.48.51:020][262]LogModuleManager: Shutting down and abandoning module FacialAnimation (238)
[2018.05.04-01.48.51:020][262]LogModuleManager: Shutting down and abandoning module DataValidation (236)
[2018.05.04-01.48.51:020][262]LogModuleManager: Shutting down and abandoning module AssetManagerEditor (234)
[2018.05.04-01.48.51:020][262]LogModuleManager: Shutting down and abandoning module LevelEditor (233)
[2018.05.04-01.48.51:021][262]LogModuleManager: Shutting down and abandoning module PixelInspectorModule (232)
[2018.05.04-01.48.51:021][262]LogModuleManager: Shutting down and abandoning module CommonMenuExtensions (230)
[2018.05.04-01.48.51:021][262]LogModuleManager: Shutting down and abandoning module MainFrame (228)
[2018.05.04-01.48.51:021][262]LogModuleManager: Shutting down and abandoning module HotReload (227)
[2018.05.04-01.48.51:021][262]LogDirectoryWatcher: A directory notification for 'C:/Unreal Engine/AnimIntell/Plugins/FullbodyIK/Binaries/Win64' was aborted.
[2018.05.04-01.48.51:022][262]LogModuleManager: Shutting down and abandoning module ContentBrowser (223)
[2018.05.04-01.48.51:023][262]LogModuleManager: Shutting down and abandoning module TreeMap (221)
[2018.05.04-01.48.51:023][262]LogModuleManager: Shutting down and abandoning module LightPropagationVolumeRuntime (218)
[2018.05.04-01.48.51:023][262]LogModuleManager: Shutting down and abandoning module WindowsMoviePlayer (216)
[2018.05.04-01.48.51:023][262]LogModuleManager: Shutting down and abandoning module WmfMedia (214)
[2018.05.04-01.48.51:024][262]LogModuleManager: Shutting down and abandoning module Media (213)
[2018.05.04-01.48.51:030][262]LogModuleManager: Shutting down and abandoning module PacketHandler (210)
[2018.05.04-01.48.51:030][262]LogModuleManager: Shutting down and abandoning module ClothingSystemEditor (208)
[2018.05.04-01.48.51:030][262]LogModuleManager: Shutting down and abandoning module ClothingSystemRuntime (206)
[2018.05.04-01.48.51:030][262]LogModuleManager: Shutting down and abandoning module MediaAssets (204)
[2018.05.04-01.48.51:030][262]LogModuleManager: Shutting down and abandoning module Overlay (202)
[2018.05.04-01.48.51:030][262]LogModuleManager: Shutting down and abandoning module OverlayEditor (201)
[2018.05.04-01.48.51:030][262]LogModuleManager: Shutting down and abandoning module VREditor (198)
[2018.05.04-01.48.51:030][262]LogModuleManager: Shutting down and abandoning module StringTableEditor (196)
[2018.05.04-01.48.51:030][262]LogModuleManager: Shutting down and abandoning module GameplayTasksEditor (194)
[2018.05.04-01.48.51:030][262]LogModuleManager: Shutting down and abandoning module BehaviorTreeEditor (192)
[2018.05.04-01.48.51:030][262]LogModuleManager: Shutting down and abandoning module FunctionalTesting (190)
[2018.05.04-01.48.51:030][262]LogModuleManager: Shutting down and abandoning module CollisionAnalyzer (188)
[2018.05.04-01.48.51:030][262]LogModuleManager: Shutting down and abandoning module WorkspaceMenuStructure (187)
[2018.05.04-01.48.51:030][262]LogModuleManager: Shutting down and abandoning module UMG (184)
[2018.05.04-01.48.51:030][262]LogModuleManager: Shutting down and abandoning module UMGEditor (183)
[2018.05.04-01.48.51:031][262]LogModuleManager: Shutting down and abandoning module Sequencer (182)
[2018.05.04-01.48.51:031][262]LogModuleManager: Shutting down and abandoning module MessageLog (179)
[2018.05.04-01.48.51:031][262]LogModuleManager: Shutting down and abandoning module SlateReflector (174)
[2018.05.04-01.48.51:031][262]LogModuleManager: Shutting down and abandoning module Slate (172)
[2018.05.04-01.48.51:031][262]LogModuleManager: Shutting down and abandoning module EditorStyle (170)
[2018.05.04-01.48.51:032][262]LogModuleManager: Shutting down and abandoning module MRMesh (168)
[2018.05.04-01.48.51:032][262]LogModuleManager: Shutting down and abandoning module SourceCodeAccess (166)
[2018.05.04-01.48.51:032][262]LogModuleManager: Shutting down and abandoning module HeadMountedDisplay (164)
[2018.05.04-01.48.51:032][262]LogModuleManager: Shutting down and abandoning module XAudio2 (162)
[2018.05.04-01.48.51:032][262]LogModuleManager: Shutting down and abandoning module Networking (160)
[2018.05.04-01.48.51:032][262]LogModuleManager: Shutting down and abandoning module Core (156)
[2018.05.04-01.48.51:032][262]LogModuleManager: Shutting down and abandoning module LevelSequence (154)
[2018.05.04-01.48.51:032][262]LogModuleManager: Shutting down and abandoning module KismetCompiler (152)
[2018.05.04-01.48.51:032][262]LogModuleManager: Shutting down and abandoning module MeshUtilities (150)
[2018.05.04-01.48.51:032][262]LogModuleManager: Shutting down and abandoning module MeshMergeUtilities (149)
[2018.05.04-01.48.51:032][262]LogModuleManager: Shutting down and abandoning module MeshReductionInterface (148)
[2018.05.04-01.48.51:032][262]LogModuleManager: Shutting down and abandoning module SimplygonSwarm (147)
[2018.05.04-01.48.51:032][262]LogModuleManager: Shutting down and abandoning module SimplygonMeshReduction (145)
[2018.05.04-01.48.51:032][262]LogModuleManager: Shutting down and abandoning module QuadricMeshReduction (143)
[2018.05.04-01.48.51:032][262]LogModuleManager: Shutting down and abandoning module MaterialBaking (139)
[2018.05.04-01.48.51:032][262]LogModuleManager: Shutting down and abandoning module DirectoryWatcher (135)
[2018.05.04-01.48.51:033][262]LogModuleManager: Shutting down and abandoning module DerivedDataCache (132)
[2018.05.04-01.48.51:136][262]LogDerivedDataCache: Shutdown
[2018.05.04-01.48.51:136][262]LogModuleManager: Shutting down and abandoning module XGEController (130)
[2018.05.04-01.48.51:136][262]LogModuleManager: Shutting down and abandoning module TargetPlatform (128)
[2018.05.04-01.48.51:137][262]LogModuleManager: Shutting down and abandoning module VulkanShaderFormat (127)
[2018.05.04-01.48.51:137][262]LogModuleManager: Shutting down and abandoning module ShaderFormatVectorVM (125)
[2018.05.04-01.48.51:137][262]LogModuleManager: Shutting down and abandoning module ShaderFormatOpenGL (123)
[2018.05.04-01.48.51:137][262]LogModuleManager: Shutting down and abandoning module ShaderFormatD3D (121)
[2018.05.04-01.48.51:137][262]LogModuleManager: Shutting down and abandoning module MetalShaderFormat (119)
[2018.05.04-01.48.51:137][262]LogModuleManager: Shutting down and abandoning module TextureFormatUncompressed (117)
[2018.05.04-01.48.51:137][262]LogModuleManager: Shutting down and abandoning module TextureFormatPVR (115)
[2018.05.04-01.48.51:137][262]LogModuleManager: Shutting down and abandoning module TextureFormatDXT (113)
[2018.05.04-01.48.51:137][262]LogModuleManager: Shutting down and abandoning module TextureFormatIntelISPCTexComp (111)
[2018.05.04-01.48.51:137][262]LogModuleManager: Shutting down and abandoning module TextureFormatASTC (109)
[2018.05.04-01.48.51:137][262]LogModuleManager: Shutting down and abandoning module ImageWrapper (108)
[2018.05.04-01.48.51:137][262]LogModuleManager: Shutting down and abandoning module TextureFormatAndroid (105)
[2018.05.04-01.48.51:137][262]LogModuleManager: Shutting down and abandoning module AudioFormatOpus (103)
[2018.05.04-01.48.51:137][262]LogModuleManager: Shutting down and abandoning module AudioFormatOgg (101)
[2018.05.04-01.48.51:137][262]LogModuleManager: Shutting down and abandoning module AudioFormatADPCM (99)
[2018.05.04-01.48.51:137][262]LogModuleManager: Shutting down and abandoning module LinuxTargetPlatform (97)
[2018.05.04-01.48.51:137][262]LogModuleManager: Shutting down and abandoning module LinuxServerTargetPlatform (95)
[2018.05.04-01.48.51:137][262]LogModuleManager: Shutting down and abandoning module LinuxNoEditorTargetPlatform (93)
[2018.05.04-01.48.51:137][262]LogModuleManager: Shutting down and abandoning module LinuxClientTargetPlatform (91)
[2018.05.04-01.48.51:137][262]LogModuleManager: Shutting down and abandoning module TVOSTargetPlatform (89)
[2018.05.04-01.48.51:137][262]LogModuleManager: Shutting down and abandoning module Messaging (87)
[2018.05.04-01.48.51:137][262]LogModuleManager: Shutting down and abandoning module IOSTargetPlatform (85)
[2018.05.04-01.48.51:137][262]LogModuleManager: Shutting down and abandoning module HTML5TargetPlatform (83)
[2018.05.04-01.48.51:137][262]LogModuleManager: Shutting down and abandoning module AndroidTargetPlatform (81)
[2018.05.04-01.48.51:137][262]LogModuleManager: Shutting down and abandoning module Android_PVRTCTargetPlatform (79)
[2018.05.04-01.48.51:137][262]LogModuleManager: Shutting down and abandoning module Android_MultiTargetPlatform (77)
[2018.05.04-01.48.51:137][262]LogModuleManager: Shutting down and abandoning module Android_ETC2TargetPlatform (75)
[2018.05.04-01.48.51:137][262]LogModuleManager: Shutting down and abandoning module Android_ETC1TargetPlatform (73)
[2018.05.04-01.48.51:137][262]LogModuleManager: Shutting down and abandoning module Android_ETC1aTargetPlatform (71)
[2018.05.04-01.48.51:137][262]LogModuleManager: Shutting down and abandoning module Android_DXTTargetPlatform (69)
[2018.05.04-01.48.51:137][262]LogModuleManager: Shutting down and abandoning module Android_ATCTargetPlatform (67)
[2018.05.04-01.48.51:137][262]LogModuleManager: Shutting down and abandoning module Android_ASTCTargetPlatform (65)
[2018.05.04-01.48.51:137][262]LogModuleManager: Shutting down and abandoning module WindowsTargetPlatform (63)
[2018.05.04-01.48.51:137][262]LogModuleManager: Shutting down and abandoning module WindowsServerTargetPlatform (61)
[2018.05.04-01.48.51:137][262]LogModuleManager: Shutting down and abandoning module WindowsNoEditorTargetPlatform (59)
[2018.05.04-01.48.51:137][262]LogModuleManager: Shutting down and abandoning module WindowsClientTargetPlatform (57)
[2018.05.04-01.48.51:137][262]LogModuleManager: Shutting down and abandoning module MacTargetPlatform (55)
[2018.05.04-01.48.51:137][262]LogModuleManager: Shutting down and abandoning module MacServerTargetPlatform (53)
[2018.05.04-01.48.51:137][262]LogModuleManager: Shutting down and abandoning module MacNoEditorTargetPlatform (51)
[2018.05.04-01.48.51:137][262]LogModuleManager: Shutting down and abandoning module MacClientTargetPlatform (49)
[2018.05.04-01.48.51:137][262]LogModuleManager: Shutting down and abandoning module AllDesktopTargetPlatform (47)
[2018.05.04-01.48.51:137][262]LogModuleManager: Shutting down and abandoning module InputCore (44)
[2018.05.04-01.48.51:137][262]LogModuleManager: Shutting down and abandoning module Settings (42)
[2018.05.04-01.48.51:137][262]LogModuleManager: Shutting down and abandoning module PhysXCooking (40)
[2018.05.04-01.48.51:137][262]LogModuleManager: Shutting down and abandoning module ExampleDeviceProfileSelector (38)
[2018.05.04-01.48.51:137][262]LogModuleManager: Shutting down and abandoning module AnimationModifiers (36)
[2018.05.04-01.48.51:137][262]LogModuleManager: Shutting down and abandoning module PropertyEditor (35)
[2018.05.04-01.48.51:138][262]LogModuleManager: Shutting down and abandoning module AudioEditor (32)
[2018.05.04-01.48.51:138][262]LogModuleManager: Shutting down and abandoning module TextureCompressor (30)
[2018.05.04-01.48.51:138][262]LogModuleManager: Shutting down and abandoning module ShaderCore (28)
[2018.05.04-01.48.51:138][262]LogModuleManager: Shutting down and abandoning module Landscape (26)
[2018.05.04-01.48.51:138][262]LogModuleManager: Shutting down and abandoning module SlateRHIRenderer (24)
[2018.05.04-01.48.51:139][262]LogModuleManager: Shutting down and abandoning module OpenGLDrv (22)
[2018.05.04-01.48.51:139][262]LogModuleManager: Shutting down and abandoning module D3D11RHI (20)
[2018.05.04-01.48.51:139][262]LogModuleManager: Shutting down and abandoning module AnimGraphRuntime (18)
[2018.05.04-01.48.51:139][262]LogModuleManager: Shutting down and abandoning module Renderer (16)
[2018.05.04-01.48.51:139][262]LogModuleManager: Shutting down and abandoning module Engine (14)
[2018.05.04-01.48.51:139][262]LogModuleManager: Shutting down and abandoning module CoreUObject (12)
[2018.05.04-01.48.51:139][262]LogModuleManager: Shutting down and abandoning module NetworkFile (10)
[2018.05.04-01.48.51:139][262]LogModuleManager: Shutting down and abandoning module CookedIterativeFile (8)
[2018.05.04-01.48.51:139][262]LogModuleManager: Shutting down and abandoning module StreamingFile (6)
[2018.05.04-01.48.51:139][262]LogModuleManager: Shutting down and abandoning module SandboxFile (4)
[2018.05.04-01.48.51:139][262]LogModuleManager: Shutting down and abandoning module PakFile (2)
[2018.05.04-01.48.51:145][262]LogExit: Exiting.
[2018.05.04-01.48.51:177][262]Log file closed, 05/04/18 10:48:51
