Log file open, 03/19/18 00:17:43
LogWindows: Failed to load 'aqProf.dll' (GetLastError=126)
LogWindows: File 'aqProf.dll' does not exist
LogWindows: Failed to load 'VSPerf140.dll' (GetLastError=126)
LogWindows: File 'VSPerf140.dll' does not exist
LogWindows: Failed to load 'VtuneApi.dll' (GetLastError=126)
LogWindows: File 'VtuneApi.dll' does not exist
LogWindows: Failed to load 'VtuneApi32e.dll' (GetLastError=126)
LogWindows: File 'VtuneApi32e.dll' does not exist
LogInit: Display: Running engine for game: AnimIntell
LogPlatformFile: Not using cached read wrapper
LogInit: Display: RandInit(395431538) SRandInit(395431538).
LogInit: Read version file with build ID '3709383'
LogInit: Overriding engine version to CL 3832480, compatible CL 3709383
LogInit: Registered custom module enumerator with build ID '3709383'
LogTaskGraph: Started task graph with 5 named threads and 14 total threads with 3 sets of task threads.
LogStats: Stats thread started at 0.213839
LogD3D11RHI: Aftermath initialized
LogModuleManager: Display: Found up-to-date module file ../../../Engine/Plugins/Blendables/LightPropagationVolume/Binaries/Win64/UE4Editor-LightPropagationVolumeRuntime.dll (API version 3709383).
LogModuleManager: Display: Found up-to-date module file ../../../Engine/Plugins/Blendables/LightPropagationVolume/Binaries/Win64/UE4Editor-LightPropagationVolumeEditor.dll (API version 3709383).
LogModuleManager: Display: Found up-to-date module file ../../../Engine/Plugins/Developer/GitSourceControl/Binaries/Win64/UE4Editor-GitSourceControl.dll (API version 3709383).
LogModuleManager: Display: Found up-to-date module file ../../../Engine/Plugins/Developer/PerforceSourceControl/Binaries/Win64/UE4Editor-PerforceSourceControl.dll (API version 3709383).
LogModuleManager: Display: Found up-to-date module file ../../../Engine/Plugins/Developer/SubversionSourceControl/Binaries/Win64/UE4Editor-SubversionSourceControl.dll (API version 3709383).
LogModuleManager: Display: Found up-to-date module file ../../../Engine/Plugins/Developer/UObjectPlugin/Binaries/Win64/UE4Editor-UObjectPlugin.dll (API version 3709383).
LogModuleManager: Display: Found up-to-date module file ../../../Engine/Plugins/Developer/VisualStudioCodeSourceCodeAccess/Binaries/Win64/UE4Editor-VisualStudioCodeSourceCodeAccess.dll (API version 3709383).
LogModuleManager: Display: Found up-to-date module file ../../../Engine/Plugins/Developer/VisualStudioSourceCodeAccess/Binaries/Win64/UE4Editor-VisualStudioSourceCodeAccess.dll (API version 3709383).
LogModuleManager: Display: Found up-to-date module file ../../../Engine/Plugins/Editor/AssetManagerEditor/Binaries/Win64/UE4Editor-AssetManagerEditor.dll (API version 3709383).
LogModuleManager: Display: Found up-to-date module file ../../../Engine/Plugins/Editor/AudioCapture/Binaries/Win64/UE4Editor-AudioCapture.dll (API version 3709383).
LogModuleManager: Display: Found up-to-date module file ../../../Engine/Plugins/Editor/FacialAnimation/Binaries/Win64/UE4Editor-FacialAnimation.dll (API version 3709383).
LogModuleManager: Display: Found up-to-date module file ../../../Engine/Plugins/Editor/FacialAnimation/Binaries/Win64/UE4Editor-FacialAnimationEditor.dll (API version 3709383).
LogModuleManager: Display: Found up-to-date module file ../../../Engine/Plugins/Editor/GameplayTagsEditor/Binaries/Win64/UE4Editor-GameplayTagsEditor.dll (API version 3709383).
LogModuleManager: Display: Found up-to-date module file ../../../Engine/Plugins/Editor/MobileLauncherProfileWizard/Binaries/Win64/UE4Editor-MobileLauncherProfileWizard.dll (API version 3709383).
LogModuleManager: Display: Found up-to-date module file ../../../Engine/Plugins/Editor/PluginBrowser/Binaries/Win64/UE4Editor-PluginBrowser.dll (API version 3709383).
LogModuleManager: Display: Found up-to-date module file ../../../Engine/Plugins/Editor/SpeedTreeImporter/Binaries/Win64/UE4Editor-SpeedTreeImporter.dll (API version 3709383).
LogModuleManager: Display: Found up-to-date module file ../../../Engine/Plugins/Experimental/AlembicImporter/Binaries/Win64/UE4Editor-AlembicImporter.dll (API version 3709383).
LogModuleManager: Display: Found up-to-date module file ../../../Engine/Plugins/Experimental/AlembicImporter/Binaries/Win64/UE4Editor-AlembicLibrary.dll (API version 3709383).
LogModuleManager: Display: Found up-to-date module file ../../../Engine/Plugins/Experimental/CharacterAI/Binaries/Win64/UE4Editor-CharacterAI.dll (API version 3709383).
LogModuleManager: Display: Found up-to-date module file ../../../Engine/Plugins/Experimental/HTML5Networking/Binaries/Win64/UE4Editor-HTML5Networking.dll (API version 3709383).
LogModuleManager: Display: Found up-to-date module file ../../../Engine/Plugins/Media/ImgMedia/Binaries/Win64/UE4Editor-ImgMedia.dll (API version 3709383).
LogModuleManager: Display: Found up-to-date module file ../../../Engine/Plugins/Media/ImgMedia/Binaries/Win64/UE4Editor-ImgMediaEditor.dll (API version 3709383).
LogModuleManager: Display: Found up-to-date module file ../../../Engine/Plugins/Media/ImgMedia/Binaries/Win64/UE4Editor-ImgMediaFactory.dll (API version 3709383).
LogModuleManager: Display: Found up-to-date module file ../../../Engine/Plugins/Media/ImgMedia/Binaries/Win64/UE4Editor-ImgMediaFactory.dll (API version 3709383).
LogModuleManager: Display: Found up-to-date module file ../../../Engine/Plugins/Media/ImgMedia/Binaries/Win64/UE4Editor-OpenExrWrapper.dll (API version 3709383).
LogModuleManager: Display: Found up-to-date module file ../../../Engine/Plugins/Media/MediaCompositing/Binaries/Win64/UE4Editor-MediaCompositing.dll (API version 3709383).
LogModuleManager: Display: Found up-to-date module file ../../../Engine/Plugins/Media/MediaCompositing/Binaries/Win64/UE4Editor-MediaCompositingEditor.dll (API version 3709383).
LogModuleManager: Display: Found up-to-date module file ../../../Engine/Plugins/Media/MediaPlayerEditor/Binaries/Win64/UE4Editor-MediaPlayerEditor.dll (API version 3709383).
LogModuleManager: Display: Found up-to-date module file ../../../Engine/Plugins/Media/WmfMedia/Binaries/Win64/UE4Editor-WmfMedia.dll (API version 3709383).
LogModuleManager: Display: Found up-to-date module file ../../../Engine/Plugins/Media/WmfMedia/Binaries/Win64/UE4Editor-WmfMediaEditor.dll (API version 3709383).
LogModuleManager: Display: Found up-to-date module file ../../../Engine/Plugins/Media/WmfMedia/Binaries/Win64/UE4Editor-WmfMediaFactory.dll (API version 3709383).
LogModuleManager: Display: Found up-to-date module file ../../../Engine/Plugins/Media/WmfMedia/Binaries/Win64/UE4Editor-WmfMediaFactory.dll (API version 3709383).
LogModuleManager: Display: Found up-to-date module file ../../../Engine/Plugins/Messaging/TcpMessaging/Binaries/Win64/UE4Editor-TcpMessaging.dll (API version 3709383).
LogModuleManager: Display: Found up-to-date module file ../../../Engine/Plugins/Messaging/UdpMessaging/Binaries/Win64/UE4Editor-UdpMessaging.dll (API version 3709383).
LogModuleManager: Display: Found up-to-date module file ../../../Engine/Plugins/MovieScene/ActorSequence/Binaries/Win64/UE4Editor-ActorSequence.dll (API version 3709383).
LogModuleManager: Display: Found up-to-date module file ../../../Engine/Plugins/MovieScene/LevelSequenceEditor/Binaries/Win64/UE4Editor-LevelSequenceEditor.dll (API version 3709383).
LogModuleManager: Display: Found up-to-date module file ../../../Engine/Plugins/MovieScene/MatineeToLevelSequence/Binaries/Win64/UE4Editor-MatineeToLevelSequence.dll (API version 3709383).
LogModuleManager: Display: Found up-to-date module file ../../../Engine/Plugins/Runtime/AndroidDeviceProfileSelector/Binaries/Win64/UE4Editor-AndroidDeviceProfileSelector.dll (API version 3709383).
LogModuleManager: Display: Found up-to-date module file ../../../Engine/Plugins/Runtime/ArchVisCharacter/Binaries/Win64/UE4Editor-ArchVisCharacter.dll (API version 3709383).
LogModuleManager: Display: Found up-to-date module file ../../../Engine/Plugins/Runtime/CableComponent/Binaries/Win64/UE4Editor-CableComponent.dll (API version 3709383).
LogModuleManager: Display: Found up-to-date module file ../../../Engine/Plugins/Runtime/CustomMeshComponent/Binaries/Win64/UE4Editor-CustomMeshComponent.dll (API version 3709383).
LogModuleManager: Display: Found up-to-date module file ../../../Engine/Plugins/Runtime/ExampleDeviceProfileSelector/Binaries/Win64/UE4Editor-ExampleDeviceProfileSelector.dll (API version 3709383).
LogModuleManager: Display: Found up-to-date module file ../../../Engine/Plugins/Runtime/ImmediatePhysics/Binaries/Win64/UE4Editor-ImmediatePhysics.dll (API version 3709383).
LogModuleManager: Display: Found up-to-date module file ../../../Engine/Plugins/Runtime/ImmediatePhysics/Binaries/Win64/UE4Editor-ImmediatePhysicsEditor.dll (API version 3709383).
LogModuleManager: Display: Found up-to-date module file ../../../Engine/Plugins/Runtime/LocationServicesBPLibrary/Binaries/Win64/UE4Editor-LocationServicesBPLibrary.dll (API version 3709383).
LogModuleManager: Display: Found up-to-date module file ../../../Engine/Plugins/Runtime/MobilePatchingUtils/Binaries/Win64/UE4Editor-MobilePatchingUtils.dll (API version 3709383).
LogModuleManager: Display: Found up-to-date module file ../../../Engine/Plugins/Runtime/PhysXVehicles/Binaries/Win64/UE4Editor-PhysXVehicles.dll (API version 3709383).
LogModuleManager: Display: Found up-to-date module file ../../../Engine/Plugins/Runtime/PhysXVehicles/Binaries/Win64/UE4Editor-PhysXVehiclesEditor.dll (API version 3709383).
LogModuleManager: Display: Found up-to-date module file ../../../Engine/Plugins/Runtime/ProceduralMeshComponent/Binaries/Win64/UE4Editor-ProceduralMeshComponent.dll (API version 3709383).
LogModuleManager: Display: Found up-to-date module file ../../../Engine/Plugins/Runtime/ProceduralMeshComponent/Binaries/Win64/UE4Editor-ProceduralMeshComponentEditor.dll (API version 3709383).
LogModuleManager: Display: Found up-to-date module file ../../../Engine/Plugins/Runtime/RuntimePhysXCooking/Binaries/Win64/UE4Editor-RuntimePhysXCooking.dll (API version 3709383).
LogModuleManager: Display: Found up-to-date module file ../../../Engine/Plugins/Runtime/WindowsMoviePlayer/Binaries/Win64/UE4Editor-WindowsMoviePlayer.dll (API version 3709383).
LogPluginManager: Mounting plugin LightPropagationVolume
LogPluginManager: Mounting plugin CodeLiteSourceCodeAccess
LogPluginManager: Mounting plugin GitSourceControl
LogPluginManager: Mounting plugin KDevelopSourceCodeAccess
LogPluginManager: Mounting plugin NullSourceCodeAccess
LogPluginManager: Mounting plugin PerforceSourceControl
LogPluginManager: Mounting plugin SubversionSourceControl
LogPluginManager: Mounting plugin UObjectPlugin
LogPluginManager: Mounting plugin VisualStudioCodeSourceCodeAccess
LogPluginManager: Mounting plugin VisualStudioSourceCodeAccess
LogPluginManager: Mounting plugin XCodeSourceCodeAccess
LogPluginManager: Mounting plugin AssetManagerEditor
LogPluginManager: Mounting plugin AudioCapture
LogPluginManager: Mounting plugin FacialAnimation
LogPluginManager: Mounting plugin GameplayTagsEditor
LogPluginManager: Mounting plugin MobileLauncherProfileWizard
LogPluginManager: Mounting plugin PluginBrowser
LogPluginManager: Mounting plugin SpeedTreeImporter
LogPluginManager: Mounting plugin AlembicImporter
LogPluginManager: Mounting plugin CharacterAI
LogPluginManager: Mounting plugin HTML5Networking
LogPluginManager: Mounting plugin ImgMedia
LogPluginManager: Mounting plugin MediaCompositing
LogPluginManager: Mounting plugin MediaPlayerEditor
LogPluginManager: Mounting plugin WmfMedia
LogPluginManager: Mounting plugin TcpMessaging
LogPluginManager: Mounting plugin UdpMessaging
LogPluginManager: Mounting plugin ActorSequence
LogPluginManager: Mounting plugin LevelSequenceEditor
LogPluginManager: Mounting plugin MatineeToLevelSequence
LogPluginManager: Mounting plugin AndroidDeviceProfileSelector
LogPluginManager: Mounting plugin AndroidMoviePlayer
LogPluginManager: Mounting plugin AppleMoviePlayer
LogPluginManager: Mounting plugin ArchVisCharacter
LogPluginManager: Mounting plugin CableComponent
LogPluginManager: Mounting plugin CustomMeshComponent
LogPluginManager: Mounting plugin ExampleDeviceProfileSelector
LogPluginManager: Mounting plugin ImmediatePhysics
LogPluginManager: Mounting plugin LinuxDeviceProfileSelector
LogPluginManager: Mounting plugin LocationServicesBPLibrary
LogPluginManager: Mounting plugin MobilePatchingUtils
LogPluginManager: Mounting plugin PhysXVehicles
LogPluginManager: Mounting plugin ProceduralMeshComponent
LogPluginManager: Mounting plugin RuntimePhysXCooking
LogPluginManager: Mounting plugin WindowsMoviePlayer
LogInit: Build: ++UE4+Release-4.18-CL-3832480
LogInit: Engine Version: 4.18.3-3832480+++UE4+Release-4.18
LogInit: Compatible Engine Version: 4.18.0-3709383+++UE4+Release-4.18
LogInit: Net CL: 3709383
LogDevObjectVersion: Number of dev versions registered: 16
LogDevObjectVersion:   Dev-Blueprints (B0D832E4-1F89-4F0D-ACCF-7EB736FD4AA2): 10
LogDevObjectVersion:   Dev-Build (E1C64328-A22C-4D53-A36C-8E866417BD8C): 0
LogDevObjectVersion:   Dev-Core (375EC13C-06E4-48FB-B500-84F0262A717E): 2
LogDevObjectVersion:   Dev-Editor (E4B068ED-F494-42E9-A231-DA0B2E46BB41): 20
LogDevObjectVersion:   Dev-Framework (CFFC743F-43B0-4480-9391-14DF171D2073): 30
LogDevObjectVersion:   Dev-Mobile (B02B49B5-BB20-44E9-A304-32B752E40360): 0
LogDevObjectVersion:   Dev-Networking (A4E4105C-59A1-49B5-A7C5-40C4547EDFEE): 0
LogDevObjectVersion:   Dev-Online (39C831C9-5AE6-47DC-9A44-9C173E1C8E7C): 0
LogDevObjectVersion:   Dev-Physics (78F01B33-EBEA-4F98-B9B4-84EACCB95AA2): 0
LogDevObjectVersion:   Dev-Platform (6631380F-2D4D-43E0-8009-CF276956A95A): 0
LogDevObjectVersion:   Dev-Rendering (12F88B9F-8875-4AFC-A67C-D90C383ABD29): 20
LogDevObjectVersion:   Dev-Sequencer (7B5AE74C-D270-4C10-A958-57980B212A5A): 4
LogDevObjectVersion:   Dev-VR (D7296918-1DD6-4BDD-9DE2-64A83CC13884): 0
LogDevObjectVersion:   Dev-LoadTimes (C2A15278-BFE7-4AFE-6C17-90FF531DF755): 1
LogDevObjectVersion:   Private-Geometry (6EACA3D4-40EC-4CC1-B786-8BED09428FC5): 1
LogDevObjectVersion:   Dev-AnimPhys (29E575DD-E0A3-4627-9D10-D276232CDCEA): 12
LogInit: Compiled (64-bit): Jan 12 2018 02:04:55
LogInit: Compiled with Visual C++: 19.00.24215.01
LogInit: Build Configuration: Development
LogInit: Branch Name: ++UE4+Release-4.18
LogInit: Command line: -EpicPortal
LogInit: Base directory: C:/Unreal Engine/UE_4.18/Engine/Binaries/Win64/
LogInit: Installed Engine Build: 1
LogInit: Presizing for max 8388607 objects, including 0 objects not considered by GC, pre-allocating 0 bytes for permanent pool.
LogInit: Object subsystem initialized
[2018.03.18-15.17.44:740][  0]LogInit: Selected Device Profile: [Windows]
[2018.03.18-15.17.44:740][  0]LogInit: Applying CVar settings loaded from the selected device profile: [Windows]
[2018.03.18-15.17.44:755][  0]LogInit: Computer: ALIENWARE15-BIL
[2018.03.18-15.17.44:755][  0]LogInit: User: lv8c8
[2018.03.18-15.17.44:755][  0]LogInit: CPU Page size=4096, Cores=4
[2018.03.18-15.17.44:755][  0]LogInit: High frequency timer resolution =2.742187 MHz
[2018.03.18-15.17.44:755][  0]LogMemory: Memory total: Physical=15.9GB (16GB approx)
[2018.03.18-15.17.44:755][  0]LogMemory: Platform Memory Stats for Windows
[2018.03.18-15.17.44:755][  0]LogMemory: Process Physical Memory: 268.64 MB used, 268.64 MB peak
[2018.03.18-15.17.44:755][  0]LogMemory: Process Virtual Memory: 267.51 MB used, 267.51 MB peak
[2018.03.18-15.17.44:755][  0]LogMemory: Physical Memory: 8596.20 MB used,  7660.77 MB free, 16256.98 MB total
[2018.03.18-15.17.44:755][  0]LogMemory: Virtual Memory: 670.18 MB used,  7660.77 MB free, 134217728.00 MB total
[2018.03.18-15.17.46:227][  0]LogInit: Using OS detected language (en-US).
[2018.03.18-15.17.46:227][  0]LogInit: Using OS detected locale (zh-HK).
[2018.03.18-15.17.46:234][  0]LogTextLocalizationManager: No specific localization for 'en-US' exists, so the 'en' localization will be used.
[2018.03.18-15.17.46:235][  0]LogTextLocalizationManager: No localization for 'zh-HK' exists, so 'en-US' will be used for the locale.
[2018.03.18-15.17.46:698][  0]LogInit: Setting process to per monitor DPI aware
[2018.03.18-15.17.47:372][  0]LogD3D11RHI: D3D11 adapters:
[2018.03.18-15.17.47:434][  0]LogD3D11RHI:    0. 'NVIDIA GeForce GTX 1070' (Feature Level 11_0)
[2018.03.18-15.17.47:434][  0]LogD3D11RHI:       8081/0/8128 MB DedicatedVideo/DedicatedSystem/SharedSystem, Outputs:1, VendorId:0x10de
[2018.03.18-15.17.47:438][  0]LogD3D11RHI:    1. 'Microsoft Basic Render Driver' (Feature Level 11_0)
[2018.03.18-15.17.47:438][  0]LogD3D11RHI:       0/0/8128 MB DedicatedVideo/DedicatedSystem/SharedSystem, Outputs:0, VendorId:0x1414
[2018.03.18-15.17.47:438][  0]LogD3D11RHI: Chosen D3D11 Adapter: 0
[2018.03.18-15.17.47:447][  0]LogD3D11RHI: Creating new Direct3DDevice
[2018.03.18-15.17.47:447][  0]LogD3D11RHI:     GPU DeviceId: 0x1be1 (for the marketing name, search the web for "GPU Device Id")
[2018.03.18-15.17.47:447][  0]LogWindows: EnumDisplayDevices:
[2018.03.18-15.17.47:447][  0]LogWindows:    0. 'NVIDIA GeForce GTX 1070' (P:1 D:1)
[2018.03.18-15.17.47:448][  0]LogWindows:    1. 'NVIDIA GeForce GTX 1070' (P:0 D:0)
[2018.03.18-15.17.47:448][  0]LogWindows:    2. 'NVIDIA GeForce GTX 1070' (P:0 D:0)
[2018.03.18-15.17.47:448][  0]LogWindows:    3. 'NVIDIA GeForce GTX 1070' (P:0 D:0)
[2018.03.18-15.17.47:448][  0]LogWindows: DebugString: GetVideoDriverDetailsInvalid PrimaryIsNotTheChoosenAdapter GetVideoDriverDetailsInvalid PrimaryIsNotTheChoosenAdapter GetVideoDriverDetailsInvalid PrimaryIsNotTheChoosenAdapter GetVideoDriverDetailsInvalid PrimaryIsNotTheChoosenAdapter FoundDriverCount:0 
[2018.03.18-15.17.47:448][  0]LogD3D11RHI:     Adapter Name: NVIDIA GeForce GTX 1070
[2018.03.18-15.17.47:448][  0]LogD3D11RHI:   Driver Version: Unknown (internal:Unknown, unified:Unknown)
[2018.03.18-15.17.47:448][  0]LogD3D11RHI:      Driver Date: Unknown
[2018.03.18-15.17.47:448][  0]LogRHI: Texture pool is 5656 MB (70% of 8081 MB)
[2018.03.18-15.17.47:490][  0]LogD3D11RHI: Async texture creation enabled
[2018.03.18-15.17.47:508][  0]LogD3D11RHI: GPU Timing Frequency: 1000.000000 (Debug: 2 2)
[2018.03.18-15.17.47:552][  0]LogShaderCompilers: Guid format shader working directory is 24 characters bigger than the processId version (../../../../AnimIntell/Intermediate/Shaders/WorkingDirectory/8600/).
[2018.03.18-15.17.47:552][  0]LogShaderCompilers: Cleaned the shader compiler working directory 'C:/Users/lv8c8/AppData/Local/Temp/UnrealShaderWorkingDir/DEF2348048098EFC5760EC9D87B23CFF/'.
[2018.03.18-15.17.47:552][  0]LogShaderCompilers: Display: Using Local Shader Compiler.
[2018.03.18-15.17.49:317][  0]LogTemp: Display: Loaded TP AllDesktopTargetPlatform
[2018.03.18-15.17.49:576][  0]LogTemp: Display: Loaded TP MacClientTargetPlatform
[2018.03.18-15.17.49:805][  0]LogTemp: Display: Loaded TP MacNoEditorTargetPlatform
[2018.03.18-15.17.50:036][  0]LogTemp: Display: Loaded TP MacServerTargetPlatform
[2018.03.18-15.17.50:275][  0]LogTemp: Display: Loaded TP MacTargetPlatform
[2018.03.18-15.17.50:518][  0]LogTemp: Display: Loaded TP WindowsClientTargetPlatform
[2018.03.18-15.17.50:734][  0]LogTemp: Display: Loaded TP WindowsNoEditorTargetPlatform
[2018.03.18-15.17.50:950][  0]LogTemp: Display: Loaded TP WindowsServerTargetPlatform
[2018.03.18-15.17.51:172][  0]LogTemp: Display: Loaded TP WindowsTargetPlatform
[2018.03.18-15.17.51:409][  0]LogTemp: Display: Loaded TP Android_ASTCTargetPlatform
[2018.03.18-15.17.51:627][  0]LogTemp: Display: Loaded TP Android_ATCTargetPlatform
[2018.03.18-15.17.51:846][  0]LogTemp: Display: Loaded TP Android_DXTTargetPlatform
[2018.03.18-15.17.52:063][  0]LogTemp: Display: Loaded TP Android_ETC1TargetPlatform
[2018.03.18-15.17.52:286][  0]LogTemp: Display: Loaded TP Android_ETC2TargetPlatform
[2018.03.18-15.17.52:742][  0]LogTemp: Display: Loaded TP Android_MultiTargetPlatform
[2018.03.18-15.17.52:742][  0]LogTemp: Display: Loaded TP Android_PVRTCTargetPlatform
[2018.03.18-15.17.52:958][  0]LogTemp: Display: Loaded TP AndroidTargetPlatform
[2018.03.18-15.17.53:163][  0]LogTemp: Display: Loaded TP HTML5TargetPlatform
[2018.03.18-15.17.53:495][  0]LogTemp: Display: Loaded TP IOSTargetPlatform
[2018.03.18-15.17.53:600][  0]LogTemp: Display: Loaded TP TVOSTargetPlatform
[2018.03.18-15.17.53:816][  0]LogTemp: Display: Loaded TP LinuxClientTargetPlatform
[2018.03.18-15.17.54:027][  0]LogTemp: Display: Loaded TP LinuxNoEditorTargetPlatform
[2018.03.18-15.17.54:249][  0]LogTemp: Display: Loaded TP LinuxServerTargetPlatform
[2018.03.18-15.17.54:460][  0]LogTemp: Display: Loaded TP LinuxTargetPlatform
[2018.03.18-15.17.54:460][  0]LogTargetPlatformManager: Display: Building Assets For Windows
[2018.03.18-15.17.56:668][  0]LogDerivedDataCache: Display: Max Cache Size: 512 MB
[2018.03.18-15.17.56:749][  0]LogDerivedDataCache: Loaded boot cache 0.08s 78MB C:/Users/lv8c8/AppData/Local/UnrealEngine/4.18/DerivedDataCache/Boot.ddc.
[2018.03.18-15.17.56:749][  0]LogDerivedDataCache: Display: Loaded Boot cache: C:/Users/lv8c8/AppData/Local/UnrealEngine/4.18/DerivedDataCache/Boot.ddc
[2018.03.18-15.17.56:750][  0]LogDerivedDataCache: FDerivedDataBackendGraph:  Pak pak cache file ../../../../AnimIntell/DerivedDataCache/DDC.ddp not found, will not use a pak cache.
[2018.03.18-15.17.56:750][  0]LogDerivedDataCache: Unable to find inner node Pak for hierarchical cache Hierarchy.
[2018.03.18-15.17.56:750][  0]LogDerivedDataCache: FDerivedDataBackendGraph:  CompressedPak pak cache file ../../../../AnimIntell/DerivedDataCache/Compressed.ddp not found, will not use a pak cache.
[2018.03.18-15.17.56:750][  0]LogDerivedDataCache: Unable to find inner node CompressedPak for hierarchical cache Hierarchy.
[2018.03.18-15.17.56:773][  0]LogDerivedDataCache: Display: Pak cache opened for reading ../../../Engine/DerivedDataCache/Compressed.ddp.
[2018.03.18-15.17.56:786][  0]LogDerivedDataCache: Using Local data cache path C:/Users/lv8c8/AppData/Local/UnrealEngine/Common/DerivedDataCache: Writable
[2018.03.18-15.17.56:798][  0]LogMaterial: Verifying Global Shaders for PCD3D_SM5
[2018.03.18-15.17.56:799][  0]LogSlate: Using Freetype 2.6.0
[2018.03.18-15.17.56:800][  0]LogSlate: SlateFontCache - WITH_FREETYPE: 1, WITH_HARFBUZZ: 1
[2018.03.18-15.17.56:800][  0]LogSlate: SlateFontCache - WITH_FREETYPE: 1, WITH_HARFBUZZ: 1
[2018.03.18-15.17.57:372][  0]LogInit: Selected Device Profile: [Windows]
[2018.03.18-15.17.58:594][  0]LogSimplygon: Simplygon DLL not present - disabling.
[2018.03.18-15.17.58:804][  0]LogMeshReduction: Using SimplygonSwarm for distributed automatic mesh merging
[2018.03.18-15.17.58:804][  0]LogMeshReduction: Using QuadricMeshReduction for automatic static mesh reduction
[2018.03.18-15.17.58:804][  0]LogMeshReduction: No automatic skeletal mesh reduction module available
[2018.03.18-15.17.58:804][  0]LogMeshReduction: No automatic mesh merging module available
[2018.03.18-15.17.58:804][  0]LogMeshMerging: No automatic mesh merging module available
[2018.03.18-15.17.58:847][  0]LogNetVersion: AnimIntell , NetCL: 3709383, EngineNetVer: 2, GameNetVer: 0 (Checksum: 634379085)
[2018.03.18-15.17.59:204][  0]LogAssetRegistry: FAssetRegistry took 0.0264 seconds to start up
[2018.03.18-15.18.00:106][  0]LogPackageLocalizationCache: Processed 3 localized package path(s) for 2 prioritized culture(s) in 0.036844 seconds
[2018.03.18-15.18.00:115][  0]LogUObjectArray: 34935 objects as part of root set at end of initial load.
[2018.03.18-15.18.00:115][  0]LogUObjectAllocator: 6954000 out of 0 bytes used by permanent object pool.
[2018.03.18-15.18.00:115][  0]LogUObjectArray: CloseDisregardForGC: 0/0 objects in disregard for GC pool
[2018.03.18-15.18.00:376][  0]LogInit: WinSock: version 1.1 (2.2), MaxSocks=32767, MaxUdp=65467
[2018.03.18-15.18.08:635][  0]LogTcpMessaging: Initializing TcpMessaging bridge
[2018.03.18-15.18.08:760][  0]LogUdpMessaging: Initializing bridge on interface 0.0.0.0:0 to multicast group 230.0.0.1:6666.
[2018.03.18-15.18.10:883][  0]SourceControl: Source control is disabled
[2018.03.18-15.18.10:883][  0]SourceControl: Source control is disabled
[2018.03.18-15.18.11:132][  0]SourceControl: Source control is disabled
[2018.03.18-15.18.11:387][  0]SourceControl: Source control is disabled
[2018.03.18-15.18.16:163][  0]LogLinker: Warning: Can't find file '/Script/OnlineSubsystemUtils'
[2018.03.18-15.18.16:163][  0]LogLinker: Warning: Can't find file '/Script/OnlineSubsystemUtils'
[2018.03.18-15.18.16:620][  0]LogEngine: Initializing Engine...
[2018.03.18-15.18.16:867][  0]LogStats: UGameplayTagsManager::ConstructGameplayTagTree: Construct from data asset -  0.000 s
[2018.03.18-15.18.16:867][  0]LogStats: UGameplayTagsManager::ConstructGameplayTagTree: GameplayTagTreeChangedEvent.Broadcast -  0.000 s
[2018.03.18-15.18.17:473][  0]LogAIModule: Creating AISystem for world Untitled
[2018.03.18-15.18.17:496][  0]LogInit: XAudio2 using 'スピーカー / ヘッドホン (Realtek Audio)' : 6 channels at 48 kHz using 32 bits per sample (channel mask 0x3f)
[2018.03.18-15.18.17:575][  0]LogInit: FAudioDevice initialized.
[2018.03.18-15.18.17:805][  0]LogDerivedDataCache: Saved boot cache 0.23s 78MB C:/Users/lv8c8/AppData/Local/UnrealEngine/4.18/DerivedDataCache/Boot.ddc.
[2018.03.18-15.18.17:814][  0]LogInit: Texture streaming: Enabled
[2018.03.18-15.18.17:857][  0]LogMaterial: Uniform references updated for custom material expression Custom.
[2018.03.18-15.18.18:596][  0]LogInit: Using libcurl 7.47.1
[2018.03.18-15.18.18:596][  0]LogInit:  - built for x86_64-pc-win32
[2018.03.18-15.18.18:596][  0]LogInit:  - supports SSL with OpenSSL/1.0.2g
[2018.03.18-15.18.18:596][  0]LogInit:  - supports HTTP deflate (compression) using libz 1.2.8
[2018.03.18-15.18.18:596][  0]LogInit:  - other features:
[2018.03.18-15.18.18:596][  0]LogInit:      CURL_VERSION_SSL
[2018.03.18-15.18.18:596][  0]LogInit:      CURL_VERSION_LIBZ
[2018.03.18-15.18.18:596][  0]LogInit:      CURL_VERSION_IPV6
[2018.03.18-15.18.18:596][  0]LogInit:      CURL_VERSION_ASYNCHDNS
[2018.03.18-15.18.18:596][  0]LogInit:      CURL_VERSION_LARGEFILE
[2018.03.18-15.18.18:596][  0]LogInit:      CURL_VERSION_IDN
[2018.03.18-15.18.18:599][  0]LogInit:  CurlRequestOptions (configurable via config and command line):
[2018.03.18-15.18.18:599][  0]LogInit:  - bVerifyPeer = false  - Libcurl will NOT verify peer certificate
[2018.03.18-15.18.18:599][  0]LogInit:  - bUseHttpProxy = false  - Libcurl will NOT use HTTP proxy
[2018.03.18-15.18.18:599][  0]LogInit:  - bDontReuseConnections = false  - Libcurl will reuse connections
[2018.03.18-15.18.18:599][  0]LogInit:  - CertBundlePath = nullptr  - Libcurl will use whatever was configured at build time.
[2018.03.18-15.18.18:702][  0]LogEngineSessionManager: EngineSessionManager initialized
[2018.03.18-15.18.19:310][  0]LogInit: Transaction tracking system initialized
[2018.03.18-15.18.21:265][  0]BlueprintLog: New page: Editor Load
[2018.03.18-15.18.25:598][  0]LocalizationService: Localization service is disabled
[2018.03.18-15.18.29:074][  0]LogConsoleResponse: Display: 
[2018.03.18-15.18.29:385][  0]LogCook: Display: Max memory allowance for cook 16384mb min free memory 0mb
[2018.03.18-15.18.29:385][  0]LogCook: Display: Mobile HDR setting 1
[2018.03.18-15.18.29:385][  0]LogGameplayTags: Display: UGameplayTagsManager::DoneAddingNativeTags. DelegateIsBound: 0
[2018.03.18-15.18.30:244][  0]LogFileCache: Scanning file cache for directory 'C:/Unreal Engine/AnimIntell/Content/' took 0.02s
[2018.03.18-15.18.33:914][  0]SourceControl: Source control is disabled
[2018.03.18-15.18.33:914][  0]Cmd: MAP LOAD FILE="../../../Engine/Content/Maps/Templates/Template_Default.umap" TEMPLATE=1 SHOWPROGRESS=1 FEATURELEVEL=3
[2018.03.18-15.18.33:914][  0]LightingResults: New page: Lighting Build
[2018.03.18-15.18.34:124][  0]MapCheck: New page: Map Check
[2018.03.18-15.18.34:124][  0]LightingResults: New page: Lighting Build
[2018.03.18-15.18.34:527][  0]LogAIModule: Creating AISystem for world Untitled_1
[2018.03.18-15.18.34:539][  0]LogEditorServer: Finished looking for orphan Actors (0.000 secs)
[2018.03.18-15.18.34:548][  0]Cmd: MAP CHECKDEP NOCLEARLOG
[2018.03.18-15.18.34:686][  0]MapCheck: Map check complete: 0 Error(s), 0 Warning(s), took 137.109ms to complete.
[2018.03.18-15.18.34:686][  0]LogFileHelpers: Loading map 'Template_Default' took 0.772
[2018.03.18-15.18.35:152][  0]LogCollectionManager: Loaded 0 collections in 0.001961 seconds
[2018.03.18-15.18.35:401][  0]LogFileCache: Scanning file cache for directory 'C:/Unreal Engine/AnimIntell/Saved/Collections/' took 0.01s
[2018.03.18-15.18.35:401][  0]LogFileCache: Scanning file cache for directory 'C:/Unreal Engine/AnimIntell/Content/Developers/lv8c8/Collections/' took 0.01s
[2018.03.18-15.18.35:401][  0]LogFileCache: Scanning file cache for directory 'C:/Unreal Engine/AnimIntell/Content/Collections/' took 0.01s
[2018.03.18-15.18.35:401][  0]LogCollectionManager: Rebuilt the GUID cache for 0 collections in 0.000001 seconds
[2018.03.18-15.18.35:410][  0]LogContentBrowser: Native class hierarchy populated in 0.0084 seconds. Added 2254 classes and 466 folders.
[2018.03.18-15.18.35:733][  0]LogContentBrowser: Native class hierarchy updated for 'WidgetCarousel' in 0.0005 seconds. Added 0 classes and 0 folders.
[2018.03.18-15.18.35:828][  0]LogContentBrowser: Native class hierarchy updated for 'AddContentDialog' in 0.0003 seconds. Added 0 classes and 0 folders.
[2018.03.18-15.18.36:041][  0]LogContentBrowser: Native class hierarchy updated for 'SceneOutliner' in 0.0003 seconds. Added 1 classes and 2 folders.
[2018.03.18-15.18.36:123][  0]LogDirectoryWatcher: Warning: Failed to begin reading directory changes for ../../../../AnimIntell/Plugins/. Error: The system cannot find the file specified. (0x00000002)
[2018.03.18-15.18.36:132][  0]LogSlate: Took 0.000838 seconds to synchronously load lazily loaded font '../../../Engine/Content/Slate/Fonts/Roboto-Regular.ttf' (155K)
[2018.03.18-15.18.36:137][  0]LogSlate: Took 0.000290 seconds to synchronously load lazily loaded font '../../../Engine/Content/Slate/Fonts/Roboto-Bold.ttf' (160K)
[2018.03.18-15.18.36:140][  0]LogSlate: Took 0.000307 seconds to synchronously load lazily loaded font '../../../Engine/Content/Editor/Slate/Fonts/FontAwesome.ttf' (139K)
[2018.03.18-15.18.36:261][  0]LogRenderer: Reallocating scene render targets to support 1076x532 Format 10 NumSamples 1 (Frame:1).
[2018.03.18-15.18.36:651][  0]LogContentBrowser: Native class hierarchy updated for 'HierarchicalLODOutliner' in 0.0004 seconds. Added 1 classes and 2 folders.
[2018.03.18-15.18.36:651][  0]LogLoad: (Engine Initialization) Total time: 55.20 seconds
[2018.03.18-15.18.36:651][  0]LogLoad: (Engine Initialization) Total Blueprint compile time: 0.00 seconds
[2018.03.18-15.18.36:651][  0]LogExternalProfiler: No external profilers were discovered.  External profiling features will not be available.
[2018.03.18-15.18.37:012][  0]LogContentStreaming: Texture pool size now 1000 MB
[2018.03.18-15.18.37:334][  1]LogAssetRegistry: Asset discovery search completed in 38.1518 seconds
[2018.03.18-15.18.37:337][  1]LogCollectionManager: Rebuilt the object cache for 0 collections in 0.000000 seconds (found 0 objects)
[2018.03.18-15.18.37:337][  1]LogCollectionManager: Fixed up redirectors for 0 collections in 0.000090 seconds (updated 0 objects)
[2018.03.18-15.18.41:332][ 13]LogSlate: Took 0.000298 seconds to synchronously load lazily loaded font '../../../Engine/Content/Slate/Fonts/Roboto-Light.ttf' (159K)
[2018.03.18-15.22.14:027][710]LogDirectoryWatcher: A directory notification for '../../../Engine/Plugins/' was aborted.
[2018.03.18-15.22.18:045][852]LogWindowsTextInputMethodSystem: Display: IME system now deactivated.
[2018.03.18-15.22.18:228][853]Cmd: QUIT_EDITOR
[2018.03.18-15.22.18:255][853]LogExit: Preparing to exit.
[2018.03.18-15.22.18:883][853]LogDirectoryWatcher: A directory notification for 'C:/Unreal Engine/AnimIntell/Content/' was aborted.
[2018.03.18-15.22.18:896][853]LogExit: Editor shut down
[2018.03.18-15.22.18:900][853]LogExit: Transaction tracking system shut down
[2018.03.18-15.22.19:029][853]LogDirectoryWatcher: A directory notification for '../../../Engine/Content/' was aborted.
[2018.03.18-15.22.19:029][853]LogDirectoryWatcher: A directory notification for '../../../../AnimIntell/Content/' was aborted.
[2018.03.18-15.22.19:029][853]LogDirectoryWatcher: A directory notification for '../../../Engine/Plugins/Media/MediaCompositing/Content/' was aborted.
[2018.03.18-15.22.19:068][853]LogExit: Object subsystem successfully closed.
[2018.03.18-15.22.19:089][853]LogD3D11RHI: Shutdown
[2018.03.18-15.22.19:089][853]LogD3D11RHI: CleanupD3DDevice
[2018.03.18-15.22.19:090][853]LogD3D11RHI: ~FD3D11DynamicRHI
[2018.03.18-15.22.19:149][853]LogModuleManager: Shutting down and abandoning module HierarchicalLODOutliner (508)
[2018.03.18-15.22.19:149][853]LogModuleManager: Shutting down and abandoning module SceneOutliner (506)
[2018.03.18-15.22.19:149][853]LogModuleManager: Shutting down and abandoning module AddContentDialog (504)
[2018.03.18-15.22.19:149][853]LogDirectoryWatcher: A directory notification for 'C:/Unreal Engine/UE_4.18/FeaturePacks/' was aborted.
[2018.03.18-15.22.19:150][853]LogModuleManager: Shutting down and abandoning module WidgetCarousel (503)
[2018.03.18-15.22.19:150][853]LogModuleManager: Shutting down and abandoning module EditorWidgets (500)
[2018.03.18-15.22.19:150][853]LogModuleManager: Shutting down and abandoning module CollectionManager (498)
[2018.03.18-15.22.19:150][853]LogDirectoryWatcher: A directory notification for 'C:/Unreal Engine/AnimIntell/Content/Collections/' was aborted.
[2018.03.18-15.22.19:150][853]LogDirectoryWatcher: A directory notification for 'C:/Unreal Engine/AnimIntell/Content/Developers/lv8c8/Collections/' was aborted.
[2018.03.18-15.22.19:150][853]LogDirectoryWatcher: A directory notification for 'C:/Unreal Engine/AnimIntell/Saved/Collections/' was aborted.
[2018.03.18-15.22.19:150][853]LogModuleManager: Shutting down and abandoning module WorldBrowser (496)
[2018.03.18-15.22.19:150][853]LogModuleManager: Shutting down and abandoning module HierarchicalLODUtilities (494)
[2018.03.18-15.22.19:150][853]LogModuleManager: Shutting down and abandoning module StatsViewer (492)
[2018.03.18-15.22.19:150][853]LogModuleManager: Shutting down and abandoning module FoliageEdit (490)
[2018.03.18-15.22.19:150][853]LogModuleManager: Shutting down and abandoning module LandscapeEditor (488)
[2018.03.18-15.22.19:150][853]LogModuleManager: Shutting down and abandoning module MeshPaintMode (486)
[2018.03.18-15.22.19:150][853]LogModuleManager: Shutting down and abandoning module MeshPaint (485)
[2018.03.18-15.22.19:150][853]LogModuleManager: Shutting down and abandoning module SceneDepthPickerMode (482)
[2018.03.18-15.22.19:150][853]LogModuleManager: Shutting down and abandoning module ActorPickerMode (480)
[2018.03.18-15.22.19:150][853]LogModuleManager: Shutting down and abandoning module GeometryMode (478)
[2018.03.18-15.22.19:150][853]LogModuleManager: Shutting down and abandoning module TextureAlignMode (476)
[2018.03.18-15.22.19:150][853]LogModuleManager: Shutting down and abandoning module BspMode (474)
[2018.03.18-15.22.19:150][853]LogModuleManager: Shutting down and abandoning module PIEPreviewDeviceProfileSelector (472)
[2018.03.18-15.22.19:150][853]LogModuleManager: Shutting down and abandoning module HardwareSurvey (470)
[2018.03.18-15.22.19:150][853]LogModuleManager: Shutting down and abandoning module SequenceRecorderSections (468)
[2018.03.18-15.22.19:150][853]LogModuleManager: Shutting down and abandoning module AutomationWorker (466)
[2018.03.18-15.22.19:151][853]LogModuleManager: Shutting down and abandoning module MatineeToLevelSequence (464)
[2018.03.18-15.22.19:151][853]LogModuleManager: Shutting down and abandoning module LevelSequenceEditor (462)
[2018.03.18-15.22.19:151][853]LogModuleManager: Shutting down and abandoning module PlacementMode (461)
[2018.03.18-15.22.19:151][853]LogModuleManager: Shutting down and abandoning module WmfMediaFactory (458)
[2018.03.18-15.22.19:151][853]LogModuleManager: Shutting down and abandoning module WmfMediaEditor (456)
[2018.03.18-15.22.19:151][853]LogModuleManager: Shutting down and abandoning module OpenExrWrapper (454)
[2018.03.18-15.22.19:151][853]LogModuleManager: Shutting down and abandoning module ImgMediaFactory (452)
[2018.03.18-15.22.19:151][853]LogModuleManager: Shutting down and abandoning module ImgMediaEditor (450)
[2018.03.18-15.22.19:151][853]LogModuleManager: Shutting down and abandoning module CharacterAI (448)
[2018.03.18-15.22.19:151][853]LogModuleManager: Shutting down and abandoning module AudioCapture (446)
[2018.03.18-15.22.19:151][853]LogModuleManager: Shutting down and abandoning module SequenceRecorder (445)
[2018.03.18-15.22.19:151][853]LogModuleManager: Shutting down and abandoning module SessionServices (442)
[2018.03.18-15.22.19:151][853]LogModuleManager: Shutting down and abandoning module ViewportSnapping (440)
[2018.03.18-15.22.19:151][853]LogModuleManager: Shutting down and abandoning module ViewportInteraction (438)
[2018.03.18-15.22.19:151][853]LogModuleManager: Shutting down and abandoning module ClothPainter (436)
[2018.03.18-15.22.19:151][853]LogModuleManager: Shutting down and abandoning module SkeletalMeshEditor (435)
[2018.03.18-15.22.19:151][853]LogModuleManager: Shutting down and abandoning module LogVisualizer (432)
[2018.03.18-15.22.19:151][853]LogModuleManager: Shutting down and abandoning module IntroTutorials (430)
[2018.03.18-15.22.19:151][853]LogModuleManager: Shutting down and abandoning module GameProjectGeneration (429)
[2018.03.18-15.22.19:151][853]LogModuleManager: Shutting down and abandoning module IOSPlatformEditor (426)
[2018.03.18-15.22.19:151][853]LogModuleManager: Shutting down and abandoning module HTML5PlatformEditor (424)
[2018.03.18-15.22.19:151][853]LogModuleManager: Shutting down and abandoning module AndroidPlatformEditor (422)
[2018.03.18-15.22.19:151][853]LogModuleManager: Shutting down and abandoning module AndroidDeviceDetection (421)
[2018.03.18-15.22.19:462][853]LogModuleManager: Shutting down and abandoning module WindowsPlatformEditor (418)
[2018.03.18-15.22.19:462][853]LogModuleManager: Shutting down and abandoning module IOSRuntimeSettings (416)
[2018.03.18-15.22.19:462][853]LogModuleManager: Shutting down and abandoning module AndroidRuntimeSettings (414)
[2018.03.18-15.22.19:462][853]LogModuleManager: Shutting down and abandoning module InputBindingEditor (412)
[2018.03.18-15.22.19:462][853]LogModuleManager: Shutting down and abandoning module MergeActors (410)
[2018.03.18-15.22.19:462][853]LogModuleManager: Shutting down and abandoning module SizeMap (408)
[2018.03.18-15.22.19:462][853]LogModuleManager: Shutting down and abandoning module TreeMap (406)
[2018.03.18-15.22.19:462][853]LogModuleManager: Shutting down and abandoning module ReferenceViewer (404)
[2018.03.18-15.22.19:462][853]LogModuleManager: Shutting down and abandoning module LocalizationDashboard (402)
[2018.03.18-15.22.19:462][853]LogModuleManager: Shutting down and abandoning module LocalizationService (401)
[2018.03.18-15.22.19:462][853]LogModuleManager: Shutting down and abandoning module HardwareTargeting (398)
[2018.03.18-15.22.19:462][853]LogModuleManager: Shutting down and abandoning module DeviceProfileEditor (396)
[2018.03.18-15.22.19:462][853]LogModuleManager: Shutting down and abandoning module UndoHistory (394)
[2018.03.18-15.22.19:462][853]LogModuleManager: Shutting down and abandoning module XmlParser (392)
[2018.03.18-15.22.19:462][853]LogModuleManager: Shutting down and abandoning module Blutility (390)
[2018.03.18-15.22.19:462][853]LogModuleManager: Shutting down and abandoning module ProjectSettingsViewer (388)
[2018.03.18-15.22.19:462][853]LogModuleManager: Shutting down and abandoning module ProjectTargetPlatformEditor (387)
[2018.03.18-15.22.19:462][853]LogModuleManager: Shutting down and abandoning module EditorSettingsViewer (384)
[2018.03.18-15.22.19:462][853]LogModuleManager: Shutting down and abandoning module SettingsEditor (382)
[2018.03.18-15.22.19:462][853]LogModuleManager: Shutting down and abandoning module ProjectLauncher (380)
[2018.03.18-15.22.19:462][853]LogModuleManager: Shutting down and abandoning module SessionFrontend (378)
[2018.03.18-15.22.19:462][853]LogModuleManager: Shutting down and abandoning module ProfilerClient (376)
[2018.03.18-15.22.19:462][853]LogModuleManager: Shutting down and abandoning module DeviceManager (374)
[2018.03.18-15.22.19:462][853]LogModuleManager: Shutting down and abandoning module TargetDeviceServices (373)
[2018.03.18-15.22.19:514][853]LogModuleManager: Shutting down and abandoning module AutomationController (370)
[2018.03.18-15.22.19:514][853]LogModuleManager: Shutting down and abandoning module AutomationWindow (368)
[2018.03.18-15.22.19:514][853]LogModuleManager: Shutting down and abandoning module Layers (366)
[2018.03.18-15.22.19:514][853]LogModuleManager: Shutting down and abandoning module ComponentVisualizers (364)
[2018.03.18-15.22.19:514][853]LogModuleManager: Shutting down and abandoning module DetailCustomizations (362)
[2018.03.18-15.22.19:514][853]LogModuleManager: Shutting down and abandoning module PackagesDialog (360)
[2018.03.18-15.22.19:514][853]LogModuleManager: Shutting down and abandoning module Persona (358)
[2018.03.18-15.22.19:515][853]LogModuleManager: Shutting down and abandoning module AdvancedPreviewScene (357)
[2018.03.18-15.22.19:515][853]LogModuleManager: Shutting down and abandoning module AnimGraph (355)
[2018.03.18-15.22.19:515][853]LogModuleManager: Shutting down and abandoning module Kismet (352)
[2018.03.18-15.22.19:515][853]LogModuleManager: Shutting down and abandoning module LevelEditor (351)
[2018.03.18-15.22.19:515][853]LogModuleManager: Shutting down and abandoning module PixelInspectorModule (350)
[2018.03.18-15.22.19:516][853]LogModuleManager: Shutting down and abandoning module ClassViewer (346)
[2018.03.18-15.22.19:516][853]LogModuleManager: Shutting down and abandoning module Toolbox (344)
[2018.03.18-15.22.19:516][853]LogModuleManager: Shutting down and abandoning module ModuleUI (342)
[2018.03.18-15.22.19:516][853]LogModuleManager: Shutting down and abandoning module MovieSceneTools (340)
[2018.03.18-15.22.19:516][853]LogModuleManager: Shutting down and abandoning module OutputLog (338)
[2018.03.18-15.22.19:516][853]LogModuleManager: Shutting down and abandoning module GammaUI (336)
[2018.03.18-15.22.19:516][853]LogModuleManager: Shutting down and abandoning module Documentation (334)
[2018.03.18-15.22.19:516][853]LogModuleManager: Shutting down and abandoning module MovieSceneTracks (332)
[2018.03.18-15.22.19:516][853]LogModuleManager: Shutting down and abandoning module MovieScene (330)
[2018.03.18-15.22.19:516][853]LogModuleManager: Shutting down and abandoning module StreamingPauseRendering (328)
[2018.03.18-15.22.19:516][853]LogModuleManager: Shutting down and abandoning module LauncherPlatform (326)
[2018.03.18-15.22.19:516][853]LogModuleManager: Shutting down and abandoning module AnalyticsET (324)
[2018.03.18-15.22.19:516][853]LogModuleManager: Shutting down and abandoning module HTTP (323)
[2018.03.18-15.22.19:516][853]LogHttp: Display: Http module shutting down, but needs to wait on 1 outstanding Http requests:
[2018.03.18-15.22.19:516][853]LogHttp: Display: 	verb=[POST] url=[https://datarouter.ol.epicgames.com/datarouter/api/v1/public/data?SessionID=%7B196A7725-434F-43CB-19A3-CC9DF59C32FF%7D&AppID=UEEditor.Rocket.Release&AppVersion=4.18.3-3832480%2B%2B%2BUE4%2BRelease-4.18&UserID=959b1d134c9e8b6747f5589c7525eb34%7Ce52e72fafb94407094116862e3dbe84e%7Cd5b091bc-688d-4f8a-b9c9-c9ebdc85bbbd&AppEnvironment=datacollector-binary&UploadType=eteventstream] status=Processing
[2018.03.18-15.22.19:533][853]LogModuleManager: Shutting down and abandoning module SSL (322)
[2018.03.18-15.22.19:534][853]LogModuleManager: Shutting down and abandoning module PortalServices (318)
[2018.03.18-15.22.19:534][853]LogModuleManager: Shutting down and abandoning module PortalRpc (316)
[2018.03.18-15.22.19:534][853]LogModuleManager: Shutting down and abandoning module MessagingRpc (314)
[2018.03.18-15.22.19:534][853]LogModuleManager: Shutting down and abandoning module AIModule (312)
[2018.03.18-15.22.19:534][853]LogModuleManager: Shutting down and abandoning module GameplayDebugger (311)
[2018.03.18-15.22.19:535][853]LogModuleManager: Shutting down and abandoning module AITestSuite (309)
[2018.03.18-15.22.19:535][853]LogModuleManager: Shutting down and abandoning module DesktopPlatform (306)
[2018.03.18-15.22.19:535][853]LogModuleManager: Shutting down and abandoning module ProfilerService (304)
[2018.03.18-15.22.19:572][853]LogModuleManager: Shutting down and abandoning module TaskGraph (302)
[2018.03.18-15.22.19:572][853]LogModuleManager: Shutting down and abandoning module ProceduralMeshComponentEditor (300)
[2018.03.18-15.22.19:572][853]LogModuleManager: Shutting down and abandoning module ProceduralMeshComponent (298)
[2018.03.18-15.22.19:572][853]LogModuleManager: Shutting down and abandoning module MobilePatchingUtils (296)
[2018.03.18-15.22.19:572][853]LogModuleManager: Shutting down and abandoning module CustomMeshComponent (294)
[2018.03.18-15.22.19:572][853]LogModuleManager: Shutting down and abandoning module CableComponent (292)
[2018.03.18-15.22.19:572][853]LogModuleManager: Shutting down and abandoning module ArchVisCharacter (290)
[2018.03.18-15.22.19:572][853]LogModuleManager: Shutting down and abandoning module ActorSequence (288)
[2018.03.18-15.22.19:572][853]LogModuleManager: Shutting down and abandoning module MediaPlayerEditor (286)
[2018.03.18-15.22.19:572][853]LogModuleManager: Shutting down and abandoning module MediaCompositingEditor (284)
[2018.03.18-15.22.19:572][853]LogModuleManager: Shutting down and abandoning module MediaCompositing (282)
[2018.03.18-15.22.19:572][853]LogModuleManager: Shutting down and abandoning module HTML5Networking (280)
[2018.03.18-15.22.19:572][853]LogModuleManager: Shutting down and abandoning module AlembicImporter (278)
[2018.03.18-15.22.19:572][853]LogModuleManager: Shutting down and abandoning module AlembicLibrary (277)
[2018.03.18-15.22.19:572][853]LogModuleManager: Shutting down and abandoning module GeometryCache (276)
[2018.03.18-15.22.19:572][853]LogModuleManager: Shutting down and abandoning module GeometryCacheEd (275)
[2018.03.18-15.22.19:572][853]LogModuleManager: Shutting down and abandoning module SpeedTreeImporter (270)
[2018.03.18-15.22.19:572][853]LogModuleManager: Shutting down and abandoning module PluginBrowser (268)
[2018.03.18-15.22.19:572][853]LogModuleManager: Shutting down and abandoning module MainFrame (267)
[2018.03.18-15.22.19:572][853]LogModuleManager: Shutting down and abandoning module MobileLauncherProfileWizard (264)
[2018.03.18-15.22.19:572][853]LogModuleManager: Shutting down and abandoning module VisualStudioSourceCodeAccess (262)
[2018.03.18-15.22.19:572][853]LogModuleManager: Shutting down and abandoning module HotReload (261)
[2018.03.18-15.22.19:573][853]LogModuleManager: Shutting down and abandoning module VisualStudioCodeSourceCodeAccess (258)
[2018.03.18-15.22.19:573][853]LogModuleManager: Shutting down and abandoning module UObjectPlugin (256)
[2018.03.18-15.22.19:573][853]LogModuleManager: Shutting down and abandoning module SubversionSourceControl (254)
[2018.03.18-15.22.19:573][853]LogModuleManager: Shutting down and abandoning module PerforceSourceControl (252)
[2018.03.18-15.22.19:573][853]LogModuleManager: Shutting down and abandoning module GitSourceControl (250)
[2018.03.18-15.22.19:573][853]LogModuleManager: Shutting down and abandoning module SourceControl (249)
[2018.03.18-15.22.19:573][853]LogModuleManager: Shutting down and abandoning module LightPropagationVolumeEditor (246)
[2018.03.18-15.22.19:573][853]LogModuleManager: Shutting down and abandoning module RuntimePhysXCooking (244)
[2018.03.18-15.22.19:573][853]LogModuleManager: Shutting down and abandoning module PhysXVehiclesEditor (242)
[2018.03.18-15.22.19:573][853]LogModuleManager: Shutting down and abandoning module PhysXVehicles (240)
[2018.03.18-15.22.19:573][853]LogModuleManager: Shutting down and abandoning module LocationServicesBPLibrary (238)
[2018.03.18-15.22.19:573][853]LogModuleManager: Shutting down and abandoning module ImmediatePhysicsEditor (236)
[2018.03.18-15.22.19:573][853]LogModuleManager: Shutting down and abandoning module ImmediatePhysics (234)
[2018.03.18-15.22.19:573][853]LogModuleManager: Shutting down and abandoning module UdpMessaging (232)
[2018.03.18-15.22.19:674][853]LogModuleManager: Shutting down and abandoning module TcpMessaging (230)
[2018.03.18-15.22.19:774][853]LogModuleManager: Shutting down and abandoning module GameplayTagsEditor (228)
[2018.03.18-15.22.19:774][853]LogModuleManager: Shutting down and abandoning module FacialAnimationEditor (226)
[2018.03.18-15.22.19:774][853]LogModuleManager: Shutting down and abandoning module FacialAnimation (224)
[2018.03.18-15.22.19:774][853]LogModuleManager: Shutting down and abandoning module AssetManagerEditor (222)
[2018.03.18-15.22.19:774][853]LogModuleManager: Shutting down and abandoning module GraphEditor (221)
[2018.03.18-15.22.19:774][853]LogModuleManager: Shutting down and abandoning module ContentBrowser (219)
[2018.03.18-15.22.19:775][853]LogModuleManager: Shutting down and abandoning module LightPropagationVolumeRuntime (216)
[2018.03.18-15.22.19:775][853]LogModuleManager: Shutting down and abandoning module WindowsMoviePlayer (214)
[2018.03.18-15.22.19:775][853]LogModuleManager: Shutting down and abandoning module WmfMedia (212)
[2018.03.18-15.22.19:776][853]LogModuleManager: Shutting down and abandoning module ImgMedia (210)
[2018.03.18-15.22.19:776][853]LogModuleManager: Shutting down and abandoning module PacketHandler (208)
[2018.03.18-15.22.19:776][853]LogModuleManager: Shutting down and abandoning module ClothingSystemEditor (206)
[2018.03.18-15.22.19:777][853]LogModuleManager: Shutting down and abandoning module ClothingSystemRuntime (204)
[2018.03.18-15.22.19:777][853]LogModuleManager: Shutting down and abandoning module MediaAssets (202)
[2018.03.18-15.22.19:777][853]LogModuleManager: Shutting down and abandoning module Media (201)
[2018.03.18-15.22.19:782][853]LogModuleManager: Shutting down and abandoning module Overlay (198)
[2018.03.18-15.22.19:782][853]LogModuleManager: Shutting down and abandoning module OverlayEditor (197)
[2018.03.18-15.22.19:782][853]LogModuleManager: Shutting down and abandoning module VREditor (194)
[2018.03.18-15.22.19:782][853]LogModuleManager: Shutting down and abandoning module StringTableEditor (192)
[2018.03.18-15.22.19:782][853]LogModuleManager: Shutting down and abandoning module GameplayTasksEditor (190)
[2018.03.18-15.22.19:782][853]LogModuleManager: Shutting down and abandoning module BehaviorTreeEditor (188)
[2018.03.18-15.22.19:782][853]LogModuleManager: Shutting down and abandoning module FunctionalTesting (186)
[2018.03.18-15.22.19:782][853]LogModuleManager: Shutting down and abandoning module CollisionAnalyzer (184)
[2018.03.18-15.22.19:782][853]LogModuleManager: Shutting down and abandoning module WorkspaceMenuStructure (183)
[2018.03.18-15.22.19:782][853]LogModuleManager: Shutting down and abandoning module UMG (180)
[2018.03.18-15.22.19:782][853]LogModuleManager: Shutting down and abandoning module UMGEditor (179)
[2018.03.18-15.22.19:782][853]LogModuleManager: Shutting down and abandoning module Sequencer (178)
[2018.03.18-15.22.19:783][853]LogModuleManager: Shutting down and abandoning module MessageLog (175)
[2018.03.18-15.22.19:783][853]LogModuleManager: Shutting down and abandoning module SlateReflector (170)
[2018.03.18-15.22.19:783][853]LogModuleManager: Shutting down and abandoning module Slate (168)
[2018.03.18-15.22.19:783][853]LogModuleManager: Shutting down and abandoning module EditorStyle (166)
[2018.03.18-15.22.19:787][853]LogModuleManager: Shutting down and abandoning module MRMesh (164)
[2018.03.18-15.22.19:787][853]LogModuleManager: Shutting down and abandoning module SourceCodeAccess (162)
[2018.03.18-15.22.19:787][853]LogModuleManager: Shutting down and abandoning module HeadMountedDisplay (160)
[2018.03.18-15.22.19:787][853]LogModuleManager: Shutting down and abandoning module XAudio2 (158)
[2018.03.18-15.22.19:787][853]LogModuleManager: Shutting down and abandoning module Networking (156)
[2018.03.18-15.22.19:787][853]LogModuleManager: Shutting down and abandoning module Core (152)
[2018.03.18-15.22.19:787][853]LogModuleManager: Shutting down and abandoning module LevelSequence (148)
[2018.03.18-15.22.19:787][853]LogModuleManager: Shutting down and abandoning module DirectoryWatcher (146)
[2018.03.18-15.22.19:788][853]LogModuleManager: Shutting down and abandoning module KismetCompiler (144)
[2018.03.18-15.22.19:788][853]LogModuleManager: Shutting down and abandoning module MeshUtilities (142)
[2018.03.18-15.22.19:788][853]LogModuleManager: Shutting down and abandoning module MeshMergeUtilities (141)
[2018.03.18-15.22.19:788][853]LogModuleManager: Shutting down and abandoning module MeshReductionInterface (140)
[2018.03.18-15.22.19:788][853]LogModuleManager: Shutting down and abandoning module SimplygonSwarm (139)
[2018.03.18-15.22.19:788][853]LogModuleManager: Shutting down and abandoning module SimplygonMeshReduction (137)
[2018.03.18-15.22.19:788][853]LogModuleManager: Shutting down and abandoning module QuadricMeshReduction (135)
[2018.03.18-15.22.19:788][853]LogModuleManager: Shutting down and abandoning module MaterialBaking (131)
[2018.03.18-15.22.19:788][853]LogModuleManager: Shutting down and abandoning module DerivedDataCache (128)
[2018.03.18-15.22.19:887][853]LogDerivedDataCache: Shutdown
[2018.03.18-15.22.19:887][853]LogModuleManager: Shutting down and abandoning module TargetPlatform (126)
[2018.03.18-15.22.19:887][853]LogModuleManager: Shutting down and abandoning module VulkanShaderFormat (125)
[2018.03.18-15.22.19:887][853]LogModuleManager: Shutting down and abandoning module ShaderFormatVectorVM (123)
[2018.03.18-15.22.19:887][853]LogModuleManager: Shutting down and abandoning module ShaderFormatOpenGL (121)
[2018.03.18-15.22.19:887][853]LogModuleManager: Shutting down and abandoning module ShaderFormatD3D (119)
[2018.03.18-15.22.19:887][853]LogModuleManager: Shutting down and abandoning module MetalShaderFormat (117)
[2018.03.18-15.22.19:887][853]LogModuleManager: Shutting down and abandoning module TextureFormatUncompressed (115)
[2018.03.18-15.22.19:887][853]LogModuleManager: Shutting down and abandoning module TextureFormatPVR (113)
[2018.03.18-15.22.19:887][853]LogModuleManager: Shutting down and abandoning module TextureFormatDXT (111)
[2018.03.18-15.22.19:887][853]LogModuleManager: Shutting down and abandoning module TextureFormatIntelISPCTexComp (109)
[2018.03.18-15.22.19:887][853]LogModuleManager: Shutting down and abandoning module TextureFormatASTC (107)
[2018.03.18-15.22.19:887][853]LogModuleManager: Shutting down and abandoning module ImageWrapper (106)
[2018.03.18-15.22.19:887][853]LogModuleManager: Shutting down and abandoning module TextureFormatAndroid (103)
[2018.03.18-15.22.19:887][853]LogModuleManager: Shutting down and abandoning module AudioFormatOpus (101)
[2018.03.18-15.22.19:887][853]LogModuleManager: Shutting down and abandoning module AudioFormatOgg (99)
[2018.03.18-15.22.19:887][853]LogModuleManager: Shutting down and abandoning module AudioFormatADPCM (97)
[2018.03.18-15.22.19:887][853]LogModuleManager: Shutting down and abandoning module LinuxTargetPlatform (95)
[2018.03.18-15.22.19:887][853]LogModuleManager: Shutting down and abandoning module LinuxServerTargetPlatform (93)
[2018.03.18-15.22.19:887][853]LogModuleManager: Shutting down and abandoning module LinuxNoEditorTargetPlatform (91)
[2018.03.18-15.22.19:887][853]LogModuleManager: Shutting down and abandoning module LinuxClientTargetPlatform (89)
[2018.03.18-15.22.19:887][853]LogModuleManager: Shutting down and abandoning module TVOSTargetPlatform (87)
[2018.03.18-15.22.19:887][853]LogModuleManager: Shutting down and abandoning module Messaging (85)
[2018.03.18-15.22.19:887][853]LogModuleManager: Shutting down and abandoning module IOSTargetPlatform (83)
[2018.03.18-15.22.19:887][853]LogModuleManager: Shutting down and abandoning module HTML5TargetPlatform (81)
[2018.03.18-15.22.19:887][853]LogModuleManager: Shutting down and abandoning module AndroidTargetPlatform (79)
[2018.03.18-15.22.19:887][853]LogModuleManager: Shutting down and abandoning module Android_PVRTCTargetPlatform (77)
[2018.03.18-15.22.19:887][853]LogModuleManager: Shutting down and abandoning module Android_MultiTargetPlatform (75)
[2018.03.18-15.22.19:887][853]LogModuleManager: Shutting down and abandoning module Android_ETC2TargetPlatform (73)
[2018.03.18-15.22.19:887][853]LogModuleManager: Shutting down and abandoning module Android_ETC1TargetPlatform (71)
[2018.03.18-15.22.19:887][853]LogModuleManager: Shutting down and abandoning module Android_DXTTargetPlatform (69)
[2018.03.18-15.22.19:887][853]LogModuleManager: Shutting down and abandoning module Android_ATCTargetPlatform (67)
[2018.03.18-15.22.19:887][853]LogModuleManager: Shutting down and abandoning module Android_ASTCTargetPlatform (65)
[2018.03.18-15.22.19:887][853]LogModuleManager: Shutting down and abandoning module WindowsTargetPlatform (63)
[2018.03.18-15.22.19:887][853]LogModuleManager: Shutting down and abandoning module WindowsServerTargetPlatform (61)
[2018.03.18-15.22.19:887][853]LogModuleManager: Shutting down and abandoning module WindowsNoEditorTargetPlatform (59)
[2018.03.18-15.22.19:887][853]LogModuleManager: Shutting down and abandoning module WindowsClientTargetPlatform (57)
[2018.03.18-15.22.19:887][853]LogModuleManager: Shutting down and abandoning module MacTargetPlatform (55)
[2018.03.18-15.22.19:887][853]LogModuleManager: Shutting down and abandoning module MacServerTargetPlatform (53)
[2018.03.18-15.22.19:887][853]LogModuleManager: Shutting down and abandoning module MacNoEditorTargetPlatform (51)
[2018.03.18-15.22.19:887][853]LogModuleManager: Shutting down and abandoning module MacClientTargetPlatform (49)
[2018.03.18-15.22.19:887][853]LogModuleManager: Shutting down and abandoning module AllDesktopTargetPlatform (47)
[2018.03.18-15.22.19:887][853]LogModuleManager: Shutting down and abandoning module InputCore (44)
[2018.03.18-15.22.19:887][853]LogModuleManager: Shutting down and abandoning module Settings (42)
[2018.03.18-15.22.19:887][853]LogModuleManager: Shutting down and abandoning module PhysXCooking (40)
[2018.03.18-15.22.19:887][853]LogModuleManager: Shutting down and abandoning module ExampleDeviceProfileSelector (38)
[2018.03.18-15.22.19:887][853]LogModuleManager: Shutting down and abandoning module AnimationModifiers (36)
[2018.03.18-15.22.19:888][853]LogModuleManager: Shutting down and abandoning module PropertyEditor (35)
[2018.03.18-15.22.19:888][853]LogModuleManager: Shutting down and abandoning module AudioEditor (32)
[2018.03.18-15.22.19:888][853]LogModuleManager: Shutting down and abandoning module TextureCompressor (30)
[2018.03.18-15.22.19:888][853]LogModuleManager: Shutting down and abandoning module ShaderCore (28)
[2018.03.18-15.22.19:888][853]LogModuleManager: Shutting down and abandoning module Landscape (26)
[2018.03.18-15.22.19:888][853]LogModuleManager: Shutting down and abandoning module SlateRHIRenderer (24)
[2018.03.18-15.22.19:888][853]LogModuleManager: Shutting down and abandoning module OpenGLDrv (22)
[2018.03.18-15.22.19:888][853]LogModuleManager: Shutting down and abandoning module D3D11RHI (20)
[2018.03.18-15.22.19:889][853]LogModuleManager: Shutting down and abandoning module AnimGraphRuntime (18)
[2018.03.18-15.22.19:889][853]LogModuleManager: Shutting down and abandoning module Renderer (16)
[2018.03.18-15.22.19:889][853]LogModuleManager: Shutting down and abandoning module Engine (14)
[2018.03.18-15.22.19:889][853]LogModuleManager: Shutting down and abandoning module CoreUObject (12)
[2018.03.18-15.22.19:889][853]LogModuleManager: Shutting down and abandoning module NetworkFile (10)
[2018.03.18-15.22.19:889][853]LogModuleManager: Shutting down and abandoning module CookedIterativeFile (8)
[2018.03.18-15.22.19:889][853]LogModuleManager: Shutting down and abandoning module StreamingFile (6)
[2018.03.18-15.22.19:889][853]LogModuleManager: Shutting down and abandoning module SandboxFile (4)
[2018.03.18-15.22.19:889][853]LogModuleManager: Shutting down and abandoning module PakFile (2)
[2018.03.18-15.22.19:892][853]LogExit: Exiting.
[2018.03.18-15.22.19:903][853]Log file closed, 03/19/18 00:22:19
