Log file open, 05/04/18 10:43:14
LogWindows: Failed to load 'aqProf.dll' (GetLastError=126)
LogWindows: File 'aqProf.dll' does not exist
LogWindows: Failed to load 'VtuneApi.dll' (GetLastError=126)
LogWindows: File 'VtuneApi.dll' does not exist
LogWindows: Failed to load 'VtuneApi32e.dll' (GetLastError=126)
LogWindows: File 'VtuneApi32e.dll' does not exist
LogInit: Display: Running engine for game: AnimIntell
LogPlatformFile: Not using cached read wrapper
LogInit: Display: RandInit(-1923794636) SRandInit(-1923794635).
LogInit: Read version file with build ID '3944462'
LogInit: Overriding engine version to CL 4033788, compatible CL 3944462
LogInit: Registered custom module enumerator with build ID '3944462'
LogTaskGraph: Started task graph with 5 named threads and 23 total threads with 3 sets of task threads.
LogStats: Stats thread started at 0.291002
LogD3D11RHI: Aftermath initialized
LogICUInternationalization: Display: ICU TimeZone Detection - Raw Offset: +9:00, Platform Override: ''
LogModuleManager: Display: Found up-to-date module file ../../../Engine/Plugins/Blendables/LightPropagationVolume/Binaries/Win64/UE4Editor-LightPropagationVolumeRuntime.dll (API version 3944462).
LogModuleManager: Display: Found up-to-date module file ../../../Engine/Plugins/Blendables/LightPropagationVolume/Binaries/Win64/UE4Editor-LightPropagationVolumeEditor.dll (API version 3944462).
LogModuleManager: Display: Found up-to-date module file ../../../Engine/Plugins/Developer/CLionSourceCodeAccess/Binaries/Win64/UE4Editor-CLionSourceCodeAccess.dll (API version 3944462).
LogModuleManager: Display: Found up-to-date module file ../../../Engine/Plugins/Developer/GitSourceControl/Binaries/Win64/UE4Editor-GitSourceControl.dll (API version 3944462).
LogModuleManager: Display: Found up-to-date module file ../../../Engine/Plugins/Developer/PerforceSourceControl/Binaries/Win64/UE4Editor-PerforceSourceControl.dll (API version 3944462).
LogModuleManager: Display: Found up-to-date module file ../../../Engine/Plugins/Developer/SubversionSourceControl/Binaries/Win64/UE4Editor-SubversionSourceControl.dll (API version 3944462).
LogModuleManager: Display: Found up-to-date module file ../../../Engine/Plugins/Developer/UObjectPlugin/Binaries/Win64/UE4Editor-UObjectPlugin.dll (API version 3944462).
LogModuleManager: Display: Found up-to-date module file ../../../Engine/Plugins/Developer/VisualStudioCodeSourceCodeAccess/Binaries/Win64/UE4Editor-VisualStudioCodeSourceCodeAccess.dll (API version 3944462).
LogModuleManager: Display: Found up-to-date module file ../../../Engine/Plugins/Developer/VisualStudioSourceCodeAccess/Binaries/Win64/UE4Editor-VisualStudioSourceCodeAccess.dll (API version 3944462).
LogModuleManager: Display: Found up-to-date module file ../../../Engine/Plugins/Editor/AssetManagerEditor/Binaries/Win64/UE4Editor-AssetManagerEditor.dll (API version 3944462).
LogModuleManager: Display: Found up-to-date module file ../../../Engine/Plugins/Editor/CryptoKeys/Binaries/Win64/UE4Editor-CryptoKeys.dll (API version 3944462).
LogModuleManager: Display: Found up-to-date module file ../../../Engine/Plugins/Editor/CryptoKeys/Binaries/Win64/UE4Editor-CryptoKeysOpenSSL.dll (API version 3944462).
LogModuleManager: Display: Found up-to-date module file ../../../Engine/Plugins/Editor/DataValidation/Binaries/Win64/UE4Editor-DataValidation.dll (API version 3944462).
LogModuleManager: Display: Found up-to-date module file ../../../Engine/Plugins/Editor/FacialAnimation/Binaries/Win64/UE4Editor-FacialAnimation.dll (API version 3944462).
LogModuleManager: Display: Found up-to-date module file ../../../Engine/Plugins/Editor/FacialAnimation/Binaries/Win64/UE4Editor-FacialAnimationEditor.dll (API version 3944462).
LogModuleManager: Display: Found up-to-date module file ../../../Engine/Plugins/Editor/GameplayTagsEditor/Binaries/Win64/UE4Editor-GameplayTagsEditor.dll (API version 3944462).
LogModuleManager: Display: Found up-to-date module file ../../../Engine/Plugins/Editor/MobileLauncherProfileWizard/Binaries/Win64/UE4Editor-MobileLauncherProfileWizard.dll (API version 3944462).
LogModuleManager: Display: Found up-to-date module file ../../../Engine/Plugins/Editor/PluginBrowser/Binaries/Win64/UE4Editor-PluginBrowser.dll (API version 3944462).
LogModuleManager: Display: Found up-to-date module file ../../../Engine/Plugins/Editor/SpeedTreeImporter/Binaries/Win64/UE4Editor-SpeedTreeImporter.dll (API version 3944462).
LogModuleManager: Display: Found up-to-date module file ../../../Engine/Plugins/Enterprise/DatasmithContent/Binaries/Win64/UE4Editor-DatasmithContent.dll (API version 3944462).
LogModuleManager: Display: Found up-to-date module file ../../../Engine/Plugins/Experimental/AlembicImporter/Binaries/Win64/UE4Editor-AlembicImporter.dll (API version 3944462).
LogModuleManager: Display: Found up-to-date module file ../../../Engine/Plugins/Experimental/AlembicImporter/Binaries/Win64/UE4Editor-AlembicLibrary.dll (API version 3944462).
LogModuleManager: Display: Found up-to-date module file ../../../Engine/Plugins/Experimental/CharacterAI/Binaries/Win64/UE4Editor-CharacterAI.dll (API version 3944462).
LogModuleManager: Display: Found up-to-date module file ../../../Engine/Plugins/Experimental/HTML5Networking/Binaries/Win64/UE4Editor-HTML5Networking.dll (API version 3944462).
LogModuleManager: Display: Found up-to-date module file ../../../Engine/Plugins/Media/ImgMedia/Binaries/Win64/UE4Editor-ImgMedia.dll (API version 3944462).
LogModuleManager: Display: Found up-to-date module file ../../../Engine/Plugins/Media/ImgMedia/Binaries/Win64/UE4Editor-ImgMediaEditor.dll (API version 3944462).
LogModuleManager: Display: Found up-to-date module file ../../../Engine/Plugins/Media/ImgMedia/Binaries/Win64/UE4Editor-ImgMediaFactory.dll (API version 3944462).
LogModuleManager: Display: Found up-to-date module file ../../../Engine/Plugins/Media/ImgMedia/Binaries/Win64/UE4Editor-ImgMediaFactory.dll (API version 3944462).
LogModuleManager: Display: Found up-to-date module file ../../../Engine/Plugins/Media/ImgMedia/Binaries/Win64/UE4Editor-OpenExrWrapper.dll (API version 3944462).
LogModuleManager: Display: Found up-to-date module file ../../../Engine/Plugins/Media/LinearTimecode/Binaries/Win64/UE4Editor-LinearTimecode.dll (API version 3944462).
LogModuleManager: Display: Found up-to-date module file ../../../Engine/Plugins/Media/MediaCompositing/Binaries/Win64/UE4Editor-MediaCompositing.dll (API version 3944462).
LogModuleManager: Display: Found up-to-date module file ../../../Engine/Plugins/Media/MediaCompositing/Binaries/Win64/UE4Editor-MediaCompositingEditor.dll (API version 3944462).
LogModuleManager: Display: Found up-to-date module file ../../../Engine/Plugins/Media/MediaPlayerEditor/Binaries/Win64/UE4Editor-MediaPlayerEditor.dll (API version 3944462).
LogModuleManager: Display: Found up-to-date module file ../../../Engine/Plugins/Media/WmfMedia/Binaries/Win64/UE4Editor-WmfMedia.dll (API version 3944462).
LogModuleManager: Display: Found up-to-date module file ../../../Engine/Plugins/Media/WmfMedia/Binaries/Win64/UE4Editor-WmfMediaEditor.dll (API version 3944462).
LogModuleManager: Display: Found up-to-date module file ../../../Engine/Plugins/Media/WmfMedia/Binaries/Win64/UE4Editor-WmfMediaFactory.dll (API version 3944462).
LogModuleManager: Display: Found up-to-date module file ../../../Engine/Plugins/Media/WmfMedia/Binaries/Win64/UE4Editor-WmfMediaFactory.dll (API version 3944462).
LogModuleManager: Display: Found up-to-date module file ../../../Engine/Plugins/Messaging/TcpMessaging/Binaries/Win64/UE4Editor-TcpMessaging.dll (API version 3944462).
LogModuleManager: Display: Found up-to-date module file ../../../Engine/Plugins/Messaging/UdpMessaging/Binaries/Win64/UE4Editor-UdpMessaging.dll (API version 3944462).
LogModuleManager: Display: Found up-to-date module file ../../../Engine/Plugins/MovieScene/ActorSequence/Binaries/Win64/UE4Editor-ActorSequence.dll (API version 3944462).
LogModuleManager: Display: Found up-to-date module file ../../../Engine/Plugins/MovieScene/LevelSequenceEditor/Binaries/Win64/UE4Editor-LevelSequenceEditor.dll (API version 3944462).
LogModuleManager: Display: Found up-to-date module file ../../../Engine/Plugins/MovieScene/MatineeToLevelSequence/Binaries/Win64/UE4Editor-MatineeToLevelSequence.dll (API version 3944462).
LogModuleManager: Display: Found up-to-date module file ../../../Engine/Plugins/NetcodeUnitTest/NetcodeUnitTest/Binaries/Win64/UE4Editor-NetcodeUnitTest.dll (API version 3944462).
LogModuleManager: Display: Found up-to-date module file ../../../Engine/Plugins/NetcodeUnitTest/NUTUnrealEngine4/Binaries/Win64/UE4Editor-NUTUnrealEngine4.dll (API version 3944462).
LogModuleManager: Display: Found up-to-date module file ../../../Engine/Plugins/Runtime/AndroidDeviceProfileSelector/Binaries/Win64/UE4Editor-AndroidDeviceProfileSelector.dll (API version 3944462).
LogModuleManager: Display: Found up-to-date module file ../../../Engine/Plugins/Runtime/ArchVisCharacter/Binaries/Win64/UE4Editor-ArchVisCharacter.dll (API version 3944462).
LogModuleManager: Display: Found up-to-date module file ../../../Engine/Plugins/Runtime/AudioCapture/Binaries/Win64/UE4Editor-AudioCapture.dll (API version 3944462).
LogModuleManager: Display: Found up-to-date module file ../../../Engine/Plugins/Runtime/AudioCapture/Binaries/Win64/UE4Editor-AudioCaptureEditor.dll (API version 3944462).
LogModuleManager: Display: Found up-to-date module file ../../../Engine/Plugins/Runtime/CableComponent/Binaries/Win64/UE4Editor-CableComponent.dll (API version 3944462).
LogModuleManager: Display: Found up-to-date module file ../../../Engine/Plugins/Runtime/CustomMeshComponent/Binaries/Win64/UE4Editor-CustomMeshComponent.dll (API version 3944462).
LogModuleManager: Display: Found up-to-date module file ../../../Engine/Plugins/Runtime/ExampleDeviceProfileSelector/Binaries/Win64/UE4Editor-ExampleDeviceProfileSelector.dll (API version 3944462).
LogModuleManager: Display: Found up-to-date module file ../../../Engine/Plugins/Runtime/ImmediatePhysics/Binaries/Win64/UE4Editor-ImmediatePhysics.dll (API version 3944462).
LogModuleManager: Display: Found up-to-date module file ../../../Engine/Plugins/Runtime/ImmediatePhysics/Binaries/Win64/UE4Editor-ImmediatePhysicsEditor.dll (API version 3944462).
LogModuleManager: Display: Found up-to-date module file ../../../Engine/Plugins/Runtime/LocationServicesBPLibrary/Binaries/Win64/UE4Editor-LocationServicesBPLibrary.dll (API version 3944462).
LogModuleManager: Display: Found up-to-date module file ../../../Engine/Plugins/Runtime/MobilePatchingUtils/Binaries/Win64/UE4Editor-MobilePatchingUtils.dll (API version 3944462).
LogModuleManager: Display: Found up-to-date module file ../../../Engine/Plugins/Runtime/PhysXVehicles/Binaries/Win64/UE4Editor-PhysXVehicles.dll (API version 3944462).
LogModuleManager: Display: Found up-to-date module file ../../../Engine/Plugins/Runtime/PhysXVehicles/Binaries/Win64/UE4Editor-PhysXVehiclesEditor.dll (API version 3944462).
LogModuleManager: Display: Found up-to-date module file ../../../Engine/Plugins/Runtime/ProceduralMeshComponent/Binaries/Win64/UE4Editor-ProceduralMeshComponent.dll (API version 3944462).
LogModuleManager: Display: Found up-to-date module file ../../../Engine/Plugins/Runtime/ProceduralMeshComponent/Binaries/Win64/UE4Editor-ProceduralMeshComponentEditor.dll (API version 3944462).
LogModuleManager: Display: Found up-to-date module file ../../../Engine/Plugins/Runtime/RuntimePhysXCooking/Binaries/Win64/UE4Editor-RuntimePhysXCooking.dll (API version 3944462).
LogModuleManager: Display: Found up-to-date module file ../../../Engine/Plugins/Runtime/WindowsMoviePlayer/Binaries/Win64/UE4Editor-WindowsMoviePlayer.dll (API version 3944462).
LogPluginManager: Mounting plugin LightPropagationVolume
LogPluginManager: Mounting plugin CLionSourceCodeAccess
LogPluginManager: Mounting plugin CodeLiteSourceCodeAccess
LogPluginManager: Mounting plugin GitSourceControl
LogPluginManager: Mounting plugin KDevelopSourceCodeAccess
LogPluginManager: Mounting plugin NullSourceCodeAccess
LogPluginManager: Mounting plugin PerforceSourceControl
LogPluginManager: Mounting plugin SubversionSourceControl
LogPluginManager: Mounting plugin UObjectPlugin
LogPluginManager: Mounting plugin VisualStudioCodeSourceCodeAccess
LogPluginManager: Mounting plugin VisualStudioSourceCodeAccess
LogPluginManager: Mounting plugin XCodeSourceCodeAccess
LogPluginManager: Mounting plugin AssetManagerEditor
LogPluginManager: Mounting plugin CryptoKeys
LogPluginManager: Mounting plugin DataValidation
LogPluginManager: Mounting plugin FacialAnimation
LogPluginManager: Mounting plugin GameplayTagsEditor
LogPluginManager: Mounting plugin MobileLauncherProfileWizard
LogPluginManager: Mounting plugin PluginBrowser
LogPluginManager: Mounting plugin SpeedTreeImporter
LogPluginManager: Mounting plugin DatasmithContent
LogPluginManager: Mounting plugin AlembicImporter
LogPluginManager: Mounting plugin CharacterAI
LogPluginManager: Mounting plugin HTML5Networking
LogPluginManager: Mounting plugin ImgMedia
LogPluginManager: Mounting plugin LinearTimecode
LogPluginManager: Mounting plugin MediaCompositing
LogPluginManager: Mounting plugin MediaPlayerEditor
LogPluginManager: Mounting plugin WmfMedia
LogPluginManager: Mounting plugin TcpMessaging
LogPluginManager: Mounting plugin UdpMessaging
LogPluginManager: Mounting plugin ActorSequence
LogPluginManager: Mounting plugin LevelSequenceEditor
LogPluginManager: Mounting plugin MatineeToLevelSequence
LogPluginManager: Mounting plugin NetcodeUnitTest
LogPluginManager: Mounting plugin NUTUnrealEngine4
LogPluginManager: Mounting plugin AndroidDeviceProfileSelector
LogPluginManager: Mounting plugin AndroidMoviePlayer
LogPluginManager: Mounting plugin AppleMoviePlayer
LogPluginManager: Mounting plugin ArchVisCharacter
LogPluginManager: Mounting plugin AudioCapture
LogPluginManager: Mounting plugin CableComponent
LogPluginManager: Mounting plugin CustomMeshComponent
LogPluginManager: Mounting plugin ExampleDeviceProfileSelector
LogPluginManager: Mounting plugin ImmediatePhysics
LogPluginManager: Mounting plugin LinuxDeviceProfileSelector
LogPluginManager: Mounting plugin LocationServicesBPLibrary
LogPluginManager: Mounting plugin MobilePatchingUtils
LogPluginManager: Mounting plugin PhysXVehicles
LogPluginManager: Mounting plugin ProceduralMeshComponent
LogPluginManager: Mounting plugin RuntimePhysXCooking
LogPluginManager: Mounting plugin WindowsMoviePlayer
LogStreaming: Display: Took  0.741s to configure plugins.
LogInit: Build: ++UE4+Release-4.19-CL-4033788
LogInit: Engine Version: 4.19.2-4033788+++UE4+Release-4.19
LogInit: Compatible Engine Version: 4.19.0-3944462+++UE4+Release-4.19
LogInit: Net CL: 3944462
LogDevObjectVersion: Number of dev versions registered: 18
LogDevObjectVersion:   Dev-Blueprints (B0D832E4-1F89-4F0D-ACCF-7EB736FD4AA2): 10
LogDevObjectVersion:   Dev-Build (E1C64328-A22C-4D53-A36C-8E866417BD8C): 0
LogDevObjectVersion:   Dev-Core (375EC13C-06E4-48FB-B500-84F0262A717E): 2
LogDevObjectVersion:   Dev-Editor (E4B068ED-F494-42E9-A231-DA0B2E46BB41): 23
LogDevObjectVersion:   Dev-Framework (CFFC743F-43B0-4480-9391-14DF171D2073): 33
LogDevObjectVersion:   Dev-Mobile (B02B49B5-BB20-44E9-A304-32B752E40360): 2
LogDevObjectVersion:   Dev-Networking (A4E4105C-59A1-49B5-A7C5-40C4547EDFEE): 0
LogDevObjectVersion:   Dev-Online (39C831C9-5AE6-47DC-9A44-9C173E1C8E7C): 0
LogDevObjectVersion:   Dev-Physics (78F01B33-EBEA-4F98-B9B4-84EACCB95AA2): 0
LogDevObjectVersion:   Dev-Platform (6631380F-2D4D-43E0-8009-CF276956A95A): 0
LogDevObjectVersion:   Dev-Rendering (12F88B9F-8875-4AFC-A67C-D90C383ABD29): 25
LogDevObjectVersion:   Dev-Sequencer (7B5AE74C-D270-4C10-A958-57980B212A5A): 6
LogDevObjectVersion:   Dev-VR (D7296918-1DD6-4BDD-9DE2-64A83CC13884): 1
LogDevObjectVersion:   Dev-LoadTimes (C2A15278-BFE7-4AFE-6C17-90FF531DF755): 1
LogDevObjectVersion:   Private-Geometry (6EACA3D4-40EC-4CC1-B786-8BED09428FC5): 2
LogDevObjectVersion:   Dev-AnimPhys (29E575DD-E0A3-4627-9D10-D276232CDCEA): 16
LogDevObjectVersion:   Dev-ReflectionCapture (6B266CEC-1EC7-4B8F-A30B-E4D90942FC07): 1
LogDevObjectVersion:   Dev-Automation (0DF73D61-A23F-47EA-B727-89E90C41499A): 1
LogInit: Compiled (64-bit): Apr 27 2018 02:06:57
LogInit: Compiled with Visual C++: 19.00.24215.01
LogInit: Build Configuration: Development
LogInit: Branch Name: ++UE4+Release-4.19
LogInit: Command Line:  
LogInit: Base Directory: C:/Unreal Engine/UE_4.19/Engine/Binaries/Win64/
LogInit: Installed Engine Build: 1
LogStreaming: Display: Took  0.002s to delete old logs.
LogInit: Presizing for max 8388607 objects, including 0 objects not considered by GC, pre-allocating 0 bytes for permanent pool.
LogInit: Object subsystem initialized
[2018.05.04-01.43.14:979][  0]LogInit: Selected Device Profile: [Windows]
[2018.05.04-01.43.14:979][  0]LogInit: Applying CVar settings loaded from the selected device profile: [Windows]
[2018.05.04-01.43.14:996][  0]LogInit: Computer: ALIENWARE15-BIL
[2018.05.04-01.43.14:996][  0]LogInit: User: lv8c8
[2018.05.04-01.43.14:996][  0]LogInit: CPU Page size=4096, Cores=4
[2018.05.04-01.43.14:996][  0]LogInit: High frequency timer resolution =2.742187 MHz
[2018.05.04-01.43.14:996][  0]LogMemory: Memory total: Physical=15.9GB (16GB approx)
[2018.05.04-01.43.14:996][  0]LogMemory: Platform Memory Stats for Windows
[2018.05.04-01.43.14:996][  0]LogMemory: Process Physical Memory: 270.46 MB used, 270.46 MB peak
[2018.05.04-01.43.14:996][  0]LogMemory: Process Virtual Memory: 264.36 MB used, 264.36 MB peak
[2018.05.04-01.43.14:996][  0]LogMemory: Physical Memory: 6928.24 MB used,  9328.74 MB free, 16256.98 MB total
[2018.05.04-01.43.14:996][  0]LogMemory: Virtual Memory: 684.47 MB used,  9328.74 MB free, 134217728.00 MB total
[2018.05.04-01.43.15:418][  0]LogInit: Using OS detected language (en-US).
[2018.05.04-01.43.15:418][  0]LogInit: Using OS detected locale (zh-HK).
[2018.05.04-01.43.15:421][  0]LogTextLocalizationManager: No specific localization for 'en-US' exists, so the 'en' localization will be used.
[2018.05.04-01.43.15:876][  0]LogStreaming: Display: Took  0.458s to EndInitTextLocalization.
[2018.05.04-01.43.15:877][  0]LogInit: Setting process to per monitor DPI aware
[2018.05.04-01.43.15:918][  0]LogSlate: New Slate User Created.  User Index 0, Is Virtual User: 0
[2018.05.04-01.43.15:919][  0]LogSlate: Slate User Registered.  User Index 0, Is Virtual User: 0
[2018.05.04-01.43.16:115][  0]LogD3D11RHI: D3D11 adapters:
[2018.05.04-01.43.16:165][  0]LogD3D11RHI:    0. 'NVIDIA GeForce GTX 1070' (Feature Level 11_0)
[2018.05.04-01.43.16:165][  0]LogD3D11RHI:       8081/0/8128 MB DedicatedVideo/DedicatedSystem/SharedSystem, Outputs:2, VendorId:0x10de
[2018.05.04-01.43.16:189][  0]LogD3D11RHI:    1. 'Intel(R) HD Graphics 630' (Feature Level 11_0)
[2018.05.04-01.43.16:189][  0]LogD3D11RHI:       128/0/8128 MB DedicatedVideo/DedicatedSystem/SharedSystem, Outputs:0, VendorId:0x8086
[2018.05.04-01.43.16:191][  0]LogD3D11RHI:    2. 'Microsoft Basic Render Driver' (Feature Level 11_0)
[2018.05.04-01.43.16:191][  0]LogD3D11RHI:       0/0/8128 MB DedicatedVideo/DedicatedSystem/SharedSystem, Outputs:0, VendorId:0x1414
[2018.05.04-01.43.16:191][  0]LogD3D11RHI: Chosen D3D11 Adapter: 0
[2018.05.04-01.43.16:199][  0]LogD3D11RHI: Creating new Direct3DDevice
[2018.05.04-01.43.16:199][  0]LogD3D11RHI:     GPU DeviceId: 0x1be1 (for the marketing name, search the web for "GPU Device Id")
[2018.05.04-01.43.16:199][  0]LogWindows: EnumDisplayDevices:
[2018.05.04-01.43.16:199][  0]LogWindows:    0. 'NVIDIA GeForce GTX 1070' (P:1 D:1)
[2018.05.04-01.43.16:199][  0]LogWindows:    1. 'NVIDIA GeForce GTX 1070' (P:0 D:1)
[2018.05.04-01.43.16:199][  0]LogWindows:    2. 'NVIDIA GeForce GTX 1070' (P:0 D:0)
[2018.05.04-01.43.16:200][  0]LogWindows:    3. 'NVIDIA GeForce GTX 1070' (P:0 D:0)
[2018.05.04-01.43.16:200][  0]LogWindows:    4. 'Intel(R) HD Graphics 630' (P:0 D:0)
[2018.05.04-01.43.16:200][  0]LogWindows:    5. 'Intel(R) HD Graphics 630' (P:0 D:0)
[2018.05.04-01.43.16:200][  0]LogWindows:    6. 'Intel(R) HD Graphics 630' (P:0 D:0)
[2018.05.04-01.43.16:200][  0]LogWindows: DebugString: GetVideoDriverDetailsInvalid PrimaryIsNotTheChoosenAdapter GetVideoDriverDetailsInvalid PrimaryIsNotTheChoosenAdapter GetVideoDriverDetailsInvalid PrimaryIsNotTheChoosenAdapter GetVideoDriverDetailsInvalid PrimaryIsNotTheChoosenAdapter GetVideoDriverDetailsInvalid PrimaryIsNotTheChoosenAdapter GetVideoDriverDetailsInvalid PrimaryIsNotTheChoosenAdapter GetVideoDriverDetailsInvalid PrimaryIsNotTheChoosenAdapter FoundDriverCount:0 
[2018.05.04-01.43.16:200][  0]LogD3D11RHI:     Adapter Name: NVIDIA GeForce GTX 1070
[2018.05.04-01.43.16:200][  0]LogD3D11RHI:   Driver Version: Unknown (internal:Unknown, unified:Unknown)
[2018.05.04-01.43.16:200][  0]LogD3D11RHI:      Driver Date: Unknown
[2018.05.04-01.43.16:200][  0]LogRHI: Texture pool is 5656 MB (70% of 8081 MB)
[2018.05.04-01.43.16:235][  0]LogD3D11RHI: [Aftermath] Aftermath enabled and primed
[2018.05.04-01.43.16:235][  0]LogD3D11RHI: [Aftermath] Aftermath enabled and primed
[2018.05.04-01.43.16:235][  0]LogD3D11RHI: Async texture creation enabled
[2018.05.04-01.43.16:316][  0]LogD3D11RHI: GPU Timing Frequency: 1000.000000 (Debug: 2 2)
[2018.05.04-01.43.16:408][  0]LogShaderCompilers: Guid format shader working directory is 23 characters bigger than the processId version (../../../../AnimIntell/Intermediate/Shaders/WorkingDirectory/15052/).
[2018.05.04-01.43.16:408][  0]LogShaderCompilers: Cleaned the shader compiler working directory 'C:/Users/lv8c8/AppData/Local/Temp/UnrealShaderWorkingDir/0217875E4C9B1FDDB4485FAE73B093EF/'.
[2018.05.04-01.43.16:732][  0]LogTemp: Display: Loaded TP AllDesktopTargetPlatform
[2018.05.04-01.43.16:749][  0]LogTemp: Display: Loaded TP MacClientTargetPlatform
[2018.05.04-01.43.16:764][  0]LogTemp: Display: Loaded TP MacNoEditorTargetPlatform
[2018.05.04-01.43.16:781][  0]LogTemp: Display: Loaded TP MacServerTargetPlatform
[2018.05.04-01.43.16:794][  0]LogTemp: Display: Loaded TP MacTargetPlatform
[2018.05.04-01.43.16:816][  0]LogTemp: Display: Loaded TP WindowsClientTargetPlatform
[2018.05.04-01.43.16:830][  0]LogTemp: Display: Loaded TP WindowsNoEditorTargetPlatform
[2018.05.04-01.43.16:844][  0]LogTemp: Display: Loaded TP WindowsServerTargetPlatform
[2018.05.04-01.43.16:851][  0]LogTemp: Display: Loaded TP WindowsTargetPlatform
[2018.05.04-01.43.16:863][  0]LogTemp: Display: Loaded TP Android_ASTCTargetPlatform
[2018.05.04-01.43.16:875][  0]LogTemp: Display: Loaded TP Android_ATCTargetPlatform
[2018.05.04-01.43.16:886][  0]LogTemp: Display: Loaded TP Android_DXTTargetPlatform
[2018.05.04-01.43.16:898][  0]LogTemp: Display: Loaded TP Android_ETC1aTargetPlatform
[2018.05.04-01.43.16:911][  0]LogTemp: Display: Loaded TP Android_ETC1TargetPlatform
[2018.05.04-01.43.16:923][  0]LogTemp: Display: Loaded TP Android_ETC2TargetPlatform
[2018.05.04-01.43.16:958][  0]LogTemp: Display: Loaded TP Android_MultiTargetPlatform
[2018.05.04-01.43.16:958][  0]LogTemp: Display: Loaded TP Android_PVRTCTargetPlatform
[2018.05.04-01.43.16:969][  0]LogTemp: Display: Loaded TP AndroidTargetPlatform
[2018.05.04-01.43.16:971][  0]LogTemp: Display: Loaded TP HTML5TargetPlatform
[2018.05.04-01.43.17:008][  0]LogTemp: Display: Loaded TP IOSTargetPlatform
[2018.05.04-01.43.17:019][  0]LogTemp: Display: Loaded TP TVOSTargetPlatform
[2018.05.04-01.43.17:031][  0]LogTemp: Display: Loaded TP LinuxClientTargetPlatform
[2018.05.04-01.43.17:043][  0]LogTemp: Display: Loaded TP LinuxNoEditorTargetPlatform
[2018.05.04-01.43.17:055][  0]LogTemp: Display: Loaded TP LinuxServerTargetPlatform
[2018.05.04-01.43.17:066][  0]LogTemp: Display: Loaded TP LinuxTargetPlatform
[2018.05.04-01.43.17:066][  0]LogTargetPlatformManager: Display: Building Assets For Windows
[2018.05.04-01.43.17:169][  0]LogXGEController: Cleaning working directory: C:/Users/lv8c8/AppData/Local/Temp/UnrealXGEWorkingDir/
[2018.05.04-01.43.17:170][  0]LogXGEController: Cannot use XGE Controller as Incredibuild is not installed on this machine.
[2018.05.04-01.43.17:170][  0]LogShaderCompilers: Cannot use XGE Shader Compiler as Incredibuild is not installed on this machine.
[2018.05.04-01.43.17:170][  0]LogShaderCompilers: Display: Using Local Shader Compiler.
[2018.05.04-01.43.17:930][  0]LogDerivedDataCache: Display: Max Cache Size: 512 MB
[2018.05.04-01.43.18:006][  0]LogDerivedDataCache: Loaded boot cache 0.08s 76MB C:/Users/lv8c8/AppData/Local/UnrealEngine/4.19/DerivedDataCache/Boot.ddc.
[2018.05.04-01.43.18:006][  0]LogDerivedDataCache: Display: Loaded Boot cache: C:/Users/lv8c8/AppData/Local/UnrealEngine/4.19/DerivedDataCache/Boot.ddc
[2018.05.04-01.43.18:006][  0]LogDerivedDataCache: FDerivedDataBackendGraph:  Pak pak cache file ../../../../AnimIntell/DerivedDataCache/DDC.ddp not found, will not use a pak cache.
[2018.05.04-01.43.18:006][  0]LogDerivedDataCache: Unable to find inner node Pak for hierarchical cache Hierarchy.
[2018.05.04-01.43.18:006][  0]LogDerivedDataCache: FDerivedDataBackendGraph:  CompressedPak pak cache file ../../../../AnimIntell/DerivedDataCache/Compressed.ddp not found, will not use a pak cache.
[2018.05.04-01.43.18:007][  0]LogDerivedDataCache: Unable to find inner node CompressedPak for hierarchical cache Hierarchy.
[2018.05.04-01.43.18:024][  0]LogDerivedDataCache: Display: Pak cache opened for reading ../../../Engine/DerivedDataCache/Compressed.ddp.
[2018.05.04-01.43.18:037][  0]LogDerivedDataCache: Using Local data cache path C:/Users/lv8c8/AppData/Local/UnrealEngine/Common/DerivedDataCache: Writable
[2018.05.04-01.43.18:037][  0]LogDerivedDataCache: Shared data cache path not found in *engine.ini, will not use an Shared cache.
[2018.05.04-01.43.18:037][  0]LogDerivedDataCache: Unable to find inner node Shared for hierarchical cache Hierarchy.
[2018.05.04-01.43.18:067][  0]LogMaterial: Verifying Global Shaders for PCD3D_SM5
[2018.05.04-01.43.18:067][  0]LogSlate: Using Freetype 2.6.0
[2018.05.04-01.43.18:068][  0]LogSlate: SlateFontCache - WITH_FREETYPE: 1, WITH_HARFBUZZ: 1
[2018.05.04-01.43.18:068][  0]LogSlate: SlateFontCache - WITH_FREETYPE: 1, WITH_HARFBUZZ: 1
[2018.05.04-01.43.18:199][  0]LogAssetRegistry: FAssetRegistry took 0.0267 seconds to start up
[2018.05.04-01.43.18:561][  0]LogInit: Selected Device Profile: [Windows]
[2018.05.04-01.43.18:736][  0]LogSimplygon: Simplygon DLL not present - disabling.
[2018.05.04-01.43.18:739][  0]LogMeshReduction: Using SimplygonSwarm for distributed automatic mesh merging
[2018.05.04-01.43.18:739][  0]LogMeshReduction: Using QuadricMeshReduction for automatic static mesh reduction
[2018.05.04-01.43.18:739][  0]LogMeshReduction: No automatic skeletal mesh reduction module available
[2018.05.04-01.43.18:739][  0]LogMeshReduction: No automatic mesh merging module available
[2018.05.04-01.43.18:739][  0]LogMeshMerging: No automatic mesh merging module available
[2018.05.04-01.43.18:775][  0]LogNetVersion: AnimIntell , NetCL: 3944462, EngineNetVer: 2, GameNetVer: 0 (Checksum: 4002647037)
[2018.05.04-01.43.19:272][  0]LogPackageLocalizationCache: Processed 5 localized package path(s) for 2 prioritized culture(s) in 0.095671 seconds
[2018.05.04-01.43.19:281][  0]LogUObjectArray: 35460 objects as part of root set at end of initial load.
[2018.05.04-01.43.19:281][  0]LogUObjectAllocator: 6844696 out of 0 bytes used by permanent object pool.
[2018.05.04-01.43.19:281][  0]LogUObjectArray: CloseDisregardForGC: 0/0 objects in disregard for GC pool
[2018.05.04-01.43.19:292][  0]LogInit: WinSock: version 1.1 (2.2), MaxSocks=32767, MaxUdp=65467
[2018.05.04-01.43.21:205][  0]LogTcpMessaging: Initializing TcpMessaging bridge
[2018.05.04-01.43.21:231][  0]LogUdpMessaging: Initializing bridge on interface 0.0.0.0:0 to multicast group 230.0.0.1:6666.
[2018.05.04-01.43.21:481][  0]SourceControl: Source control is disabled
[2018.05.04-01.43.21:481][  0]SourceControl: Source control is disabled
[2018.05.04-01.43.21:496][  0]SourceControl: Source control is disabled
[2018.05.04-01.43.21:512][  0]SourceControl: Source control is disabled
[2018.05.04-01.43.22:124][  0]LogLinker: Warning: Can't find file '/Script/OnlineSubsystemUtils'
[2018.05.04-01.43.22:124][  0]LogLinker: Warning: Can't find file '/Script/OnlineSubsystemUtils'
[2018.05.04-01.43.22:200][  0]LogEngine: Initializing Engine...
[2018.05.04-01.43.22:202][  0]LogStats: UGameplayTagsManager::ConstructGameplayTagTree: Construct from data asset -  0.000 s
[2018.05.04-01.43.22:202][  0]LogStats: UGameplayTagsManager::ConstructGameplayTagTree: GameplayTagTreeChangedEvent.Broadcast -  0.000 s
[2018.05.04-01.43.22:433][  0]LogAIModule: Creating AISystem for world Untitled
[2018.05.04-01.43.22:524][  0]LogInit: XAudio2 using 'スピーカー / ヘッドホン (Realtek Audio)' : 6 channels at 48 kHz using 32 bits per sample (channel mask 0x3f)
[2018.05.04-01.43.23:002][  0]LogInit: FAudioDevice initialized.
[2018.05.04-01.43.23:060][  0]LogDerivedDataCache: Saved boot cache 0.06s 76MB C:/Users/lv8c8/AppData/Local/UnrealEngine/4.19/DerivedDataCache/Boot.ddc.
[2018.05.04-01.43.23:071][  0]LogInit: Texture streaming: Enabled
[2018.05.04-01.43.23:099][  0]LogInit: Using libcurl 7.47.1
[2018.05.04-01.43.23:099][  0]LogInit:  - built for x86_64-pc-win32
[2018.05.04-01.43.23:099][  0]LogInit:  - supports SSL with OpenSSL/1.0.2g
[2018.05.04-01.43.23:099][  0]LogInit:  - supports HTTP deflate (compression) using libz 1.2.8
[2018.05.04-01.43.23:099][  0]LogInit:  - other features:
[2018.05.04-01.43.23:099][  0]LogInit:      CURL_VERSION_SSL
[2018.05.04-01.43.23:099][  0]LogInit:      CURL_VERSION_LIBZ
[2018.05.04-01.43.23:099][  0]LogInit:      CURL_VERSION_IPV6
[2018.05.04-01.43.23:099][  0]LogInit:      CURL_VERSION_ASYNCHDNS
[2018.05.04-01.43.23:099][  0]LogInit:      CURL_VERSION_LARGEFILE
[2018.05.04-01.43.23:099][  0]LogInit:      CURL_VERSION_IDN
[2018.05.04-01.43.23:101][  0]LogInit:  CurlRequestOptions (configurable via config and command line):
[2018.05.04-01.43.23:101][  0]LogInit:  - bVerifyPeer = false  - Libcurl will NOT verify peer certificate
[2018.05.04-01.43.23:101][  0]LogInit:  - bUseHttpProxy = false  - Libcurl will NOT use HTTP proxy
[2018.05.04-01.43.23:101][  0]LogInit:  - bDontReuseConnections = false  - Libcurl will reuse connections
[2018.05.04-01.43.23:101][  0]LogInit:  - CertBundlePath = nullptr  - Libcurl will use whatever was configured at build time.
[2018.05.04-01.43.23:101][  0]LogInit:  - MaxHostConnections = 16  - Libcurl will limit the number of connections to a host
[2018.05.04-01.43.23:101][  0]LogInit:  - LocalHostAddr = Default
[2018.05.04-01.43.23:118][  0]LogEngineSessionManager: EngineSessionManager initialized
[2018.05.04-01.43.23:148][  0]LogInit: Transaction tracking system initialized
[2018.05.04-01.43.23:178][  0]BlueprintLog: New page: Editor Load
[2018.05.04-01.43.23:284][  0]LocalizationService: Localization service is disabled
[2018.05.04-01.43.23:387][  0]LogConsoleResponse: Display: 
[2018.05.04-01.43.23:553][  0]LogCook: Display: Max memory allowance for cook 16384mb min free memory 0mb
[2018.05.04-01.43.23:553][  0]LogCook: Display: Mobile HDR setting 1
[2018.05.04-01.43.23:553][  0]LogGameplayTags: Display: UGameplayTagsManager::DoneAddingNativeTags. DelegateIsBound: 0
[2018.05.04-01.43.23:553][  0]LogStats: UGameplayTagsManager::ConstructGameplayTagTree: Construct from data asset -  0.000 s
[2018.05.04-01.43.23:553][  0]LogStats: UGameplayTagsManager::ConstructGameplayTagTree: GameplayTagTreeChangedEvent.Broadcast -  0.000 s
[2018.05.04-01.43.23:832][  0]LogFileCache: Scanning file cache for directory 'C:/Unreal Engine/AnimIntell/Content/' took 0.07s
[2018.05.04-01.43.23:832][  0]SourceControl: Source control is disabled
[2018.05.04-01.43.23:832][  0]Cmd: MAP LOAD FILE="../../../../AnimIntell/Content/Level/ThirdPersonExampleMap.umap" TEMPLATE=0 SHOWPROGRESS=1 FEATURELEVEL=3
[2018.05.04-01.43.23:844][  0]LightingResults: New page: Lighting Build
[2018.05.04-01.43.23:847][  0]MapCheck: New page: Map Check
[2018.05.04-01.43.23:847][  0]LightingResults: New page: Lighting Build
[2018.05.04-01.43.24:155][  0]LogUObjectGlobals: Created PersistentFrame Addr=0x0000021382362f80, Size=368, Default__ShinbiPlayerCharacter_C Function /Game/Assets/ParagonShinbi/Characters/Heroes/Shinbi/ShinbiPlayerCharacter.ShinbiPlayerCharacter_C:ExecuteUbergraph_ShinbiPlayerCharacter
[2018.05.04-01.43.24:159][  0]LogUObjectGlobals: Created PersistentFrame Addr=0x000002139c9d5bc0, Size=304, Default__Shinbi_AnimBlueprint_C Function /Game/Assets/ParagonShinbi/Characters/Heroes/Shinbi/Shinbi_AnimBlueprint.Shinbi_AnimBlueprint_C:ExecuteUbergraph_Shinbi_AnimBlueprint
[2018.05.04-01.43.25:619][  0]LogUObjectGlobals: Destroyed PersistentFrame Addr=0x000002139c9d5bc0, Size=304
[2018.05.04-01.43.25:619][  0]LogUObjectGlobals: Created PersistentFrame Addr=0x00000213837711c0, Size=304, Default__Shinbi_AnimBlueprint_C Function /Engine/Transient.REINST_Shinbi_AnimBlueprint_C_0:ExecuteUbergraph_Shinbi_AnimBlueprint
[2018.05.04-01.43.25:620][  0]LogUObjectGlobals: Destroyed PersistentFrame Addr=0x0000021382362f80, Size=368
[2018.05.04-01.43.25:620][  0]LogUObjectGlobals: Created PersistentFrame Addr=0x00000213a45e0580, Size=368, Default__ShinbiPlayerCharacter_C Function /Engine/Transient.REINST_ShinbiPlayerCharacter_C_3:ExecuteUbergraph_ShinbiPlayerCharacter
[2018.05.04-01.43.25:649][  0]LogUObjectGlobals: Created PersistentFrame Addr=0x00000213a459ca40, Size=304, Default__Shinbi_AnimBlueprint_C Function /Game/Assets/ParagonShinbi/Characters/Heroes/Shinbi/Shinbi_AnimBlueprint.Shinbi_AnimBlueprint_C:ExecuteUbergraph_Shinbi_AnimBlueprint
[2018.05.04-01.43.25:652][  0]LogUObjectGlobals: Created PersistentFrame Addr=0x0000021383fd4e80, Size=368, Default__ShinbiPlayerCharacter_C Function /Game/Assets/ParagonShinbi/Characters/Heroes/Shinbi/ShinbiPlayerCharacter.ShinbiPlayerCharacter_C:ExecuteUbergraph_ShinbiPlayerCharacter
[2018.05.04-01.43.26:117][  0]LogUObjectGlobals: Created PersistentFrame Addr=0x0000021383fe8e00, Size=456, Default__BP_North_C Function /Game/Blueprints/BP_North.BP_North_C:ExecuteUbergraph_BP_North
[2018.05.04-01.43.26:120][  0]LogUObjectGlobals: Created PersistentFrame Addr=0x00000213a4b69300, Size=320, Default__ABP_North_C Function /Game/Animation/ABP_North.ABP_North_C:ExecuteUbergraph_ABP_North
[2018.05.04-01.43.26:446][  0]LogUObjectGlobals: Destroyed PersistentFrame Addr=0x00000213a4b69300, Size=320
[2018.05.04-01.43.26:446][  0]LogUObjectGlobals: Created PersistentFrame Addr=0x00000213a4b26980, Size=320, Default__ABP_North_C Function /Engine/Transient.REINST_ABP_North_C_1:ExecuteUbergraph_ABP_North
[2018.05.04-01.43.26:447][  0]LogUObjectGlobals: Destroyed PersistentFrame Addr=0x0000021383fe8e00, Size=456
[2018.05.04-01.43.26:447][  0]LogUObjectGlobals: Created PersistentFrame Addr=0x00000213a4b32800, Size=456, Default__BP_North_C Function /Engine/Transient.REINST_BP_North_C_6:ExecuteUbergraph_BP_North
[2018.05.04-01.43.26:489][  0]LogUObjectGlobals: Created PersistentFrame Addr=0x00000213a51f0cc0, Size=320, Default__ABP_North_C Function /Game/Animation/ABP_North.ABP_North_C:ExecuteUbergraph_ABP_North
[2018.05.04-01.43.26:494][  0]LogUObjectGlobals: Created PersistentFrame Addr=0x00000213a5027600, Size=456, Default__BP_North_C Function /Game/Blueprints/BP_North.BP_North_C:ExecuteUbergraph_BP_North
[2018.05.04-01.43.27:433][  0]LogUObjectGlobals: Created PersistentFrame Addr=0x00000213a4feeb30, Size=48, Default__ThirdPersonExampleMap_C Function /Game/Level/ThirdPersonExampleMap.ThirdPersonExampleMap_C:ExecuteUbergraph_ThirdPersonExampleMap
[2018.05.04-01.43.27:435][  0]LogUObjectGlobals: Destroyed PersistentFrame Addr=0x00000213a4feeb30, Size=48
[2018.05.04-01.43.27:435][  0]LogUObjectGlobals: Created PersistentFrame Addr=0x00000213a4feeb30, Size=48, Default__ThirdPersonExampleMap_C Function /Engine/Transient.REINST_ThirdPersonExampleMap_C_15:ExecuteUbergraph_ThirdPersonExampleMap
[2018.05.04-01.43.27:436][  0]LogUObjectGlobals: Created PersistentFrame Addr=0x00000213a4fef130, Size=48, Default__ThirdPersonExampleMap_C Function /Game/Level/ThirdPersonExampleMap.ThirdPersonExampleMap_C:ExecuteUbergraph_ThirdPersonExampleMap
[2018.05.04-01.43.28:043][  0]LogSkeletalMesh: Skeletal Mesh found in DDC [84.879333ms] /Game/Assets/ParagonShinbi/Characters/Heroes/Shinbi/Meshes/Shinbi.Shinbi
[2018.05.04-01.43.29:355][  0]LogSkeletalMesh: Skeletal Mesh found in DDC [6.762850ms] /Game/Assets/Bei_Character/Meshes/SK_Bei416.SK_Bei416
[2018.05.04-01.43.29:437][  0]LogAIModule: Creating AISystem for world ThirdPersonExampleMap
[2018.05.04-01.43.29:937][  0]LogScriptCore: Warning: Script Msg: Divide by zero detected: 179.999985 / 0
Script call stack:
	Function /Game/Assets/ParagonShinbi/Characters/Heroes/Shinbi/Shinbi_AnimBlueprint.Shinbi_AnimBlueprint_C:BlueprintUpdateAnimation
	Function /Game/Assets/ParagonShinbi/Characters/Heroes/Shinbi/Shinbi_AnimBlueprint.Shinbi_AnimBlueprint_C:ExecuteUbergraph_Shinbi_AnimBlueprint

[2018.05.04-01.43.29:947][  0]LogEditorServer: Finished looking for orphan Actors (0.000 secs)
[2018.05.04-01.43.29:961][  0]LogUObjectGlobals: Destroyed PersistentFrame Addr=0x00000213a45e0580, Size=368
[2018.05.04-01.43.29:961][  0]LogUObjectGlobals: Destroyed PersistentFrame Addr=0x00000213837711c0, Size=304
[2018.05.04-01.43.29:962][  0]LogUObjectGlobals: Destroyed PersistentFrame Addr=0x00000213a4b32800, Size=456
[2018.05.04-01.43.29:962][  0]LogUObjectGlobals: Destroyed PersistentFrame Addr=0x00000213a4b26980, Size=320
[2018.05.04-01.43.29:962][  0]LogUObjectGlobals: Destroyed PersistentFrame Addr=0x00000213a4feeb30, Size=48
[2018.05.04-01.43.29:964][  0]Cmd: MAP CHECKDEP NOCLEARLOG
[2018.05.04-01.43.30:083][  0]MapCheck: Map check complete: 0 Error(s), 0 Warning(s), took 119.13ms to complete.
[2018.05.04-01.43.30:083][  0]LogFileHelpers: Loading map 'ThirdPersonExampleMap' took 6.251
[2018.05.04-01.43.30:291][  0]LogCollectionManager: Loaded 0 collections in 0.008810 seconds
[2018.05.04-01.43.30:339][  0]LogFileCache: Scanning file cache for directory 'C:/Unreal Engine/AnimIntell/Saved/Collections/' took 0.01s
[2018.05.04-01.43.30:339][  0]LogFileCache: Scanning file cache for directory 'C:/Unreal Engine/AnimIntell/Content/Developers/lv8c8/Collections/' took 0.01s
[2018.05.04-01.43.30:339][  0]LogFileCache: Scanning file cache for directory 'C:/Unreal Engine/AnimIntell/Content/Collections/' took 0.01s
[2018.05.04-01.43.30:339][  0]LogCollectionManager: Rebuilt the GUID cache for 0 collections in 0.000000 seconds
[2018.05.04-01.43.30:351][  0]LogContentBrowser: Native class hierarchy populated in 0.0109 seconds. Added 2319 classes and 498 folders.
[2018.05.04-01.43.30:358][  0]LogContentBrowser: Native class hierarchy updated for 'WidgetCarousel' in 0.0002 seconds. Added 0 classes and 0 folders.
[2018.05.04-01.43.30:401][  0]LogContentBrowser: Native class hierarchy updated for 'AddContentDialog' in 0.0002 seconds. Added 0 classes and 0 folders.
[2018.05.04-01.43.30:410][  0]LogContentBrowser: Native class hierarchy updated for 'SceneOutliner' in 0.0004 seconds. Added 1 classes and 2 folders.
[2018.05.04-01.43.30:519][  0]LogSlate: Took 0.000233 seconds to synchronously load lazily loaded font '../../../Engine/Content/Slate/Fonts/Roboto-Regular.ttf' (155K)
[2018.05.04-01.43.30:524][  0]LogSlate: Took 0.000175 seconds to synchronously load lazily loaded font '../../../Engine/Content/Slate/Fonts/Roboto-Bold.ttf' (160K)
[2018.05.04-01.43.30:528][  0]LogSlate: Took 0.000211 seconds to synchronously load lazily loaded font '../../../Engine/Content/Editor/Slate/Fonts/FontAwesome.ttf' (139K)
[2018.05.04-01.43.30:632][  0]LogRenderer: Reallocating scene render targets to support 1076x548 Format 10 NumSamples 1 (Frame:1).
[2018.05.04-01.43.30:786][  0]LogContentBrowser: Native class hierarchy updated for 'HierarchicalLODOutliner' in 0.0002 seconds. Added 0 classes and 0 folders.
[2018.05.04-01.43.30:786][  0]LogLoad: (Engine Initialization) Total time: 17.87 seconds
[2018.05.04-01.43.30:786][  0]LogLoad: (Engine Initialization) Total Blueprint compile time: 0.00 seconds
[2018.05.04-01.43.30:804][  0]LogWindowsTextInputMethodSystem: Display: IME system now deactivated.
[2018.05.04-01.43.30:824][  0]LogContentStreaming: Texture pool size now 1000 MB
[2018.05.04-01.43.30:882][  0]LogSlate: Took 0.000143 seconds to synchronously load lazily loaded font '../../../Engine/Content/Slate/Fonts/Roboto-Light.ttf' (167K)
[2018.05.04-01.43.30:977][  3]LogAssetRegistry: Asset discovery search completed in 12.8016 seconds
[2018.05.04-01.43.30:983][  3]LogCollectionManager: Rebuilt the object cache for 0 collections in 0.000000 seconds (found 0 objects)
[2018.05.04-01.43.30:983][  3]LogCollectionManager: Fixed up redirectors for 0 collections in 0.000127 seconds (updated 0 objects)
[2018.05.04-01.43.56:093][506]LogSlate: FSceneViewport::OnFocusLost() reason 0
[2018.05.04-01.43.57:299][577]LogDirectoryWatcher: Warning: Failed to begin reading directory changes for ../../../../AnimIntell/Plugins/. Error: The system cannot find the file specified. (0x00000002)
[2018.05.04-01.44.03:522][949]LogSlate: Window 'Plugins' being destroyed
[2018.05.04-01.44.03:527][949]LogSlate: Window 'Plugins' being destroyed
[2018.05.04-01.44.03:527][949]LogDirectoryWatcher: A directory notification for '../../../Engine/Plugins/' was aborted.
[2018.05.04-01.45.16:537][262]LogDirectoryWatcher: Warning: Failed to begin reading directory changes for ../../../../AnimIntell/Plugins/. Error: The system cannot find the file specified. (0x00000002)
[2018.05.04-01.45.38:838][599]LogSlate: Window 'Plugins' being destroyed
[2018.05.04-01.45.38:843][599]LogSlate: Window 'Plugins' being destroyed
[2018.05.04-01.45.38:843][599]LogDirectoryWatcher: A directory notification for '../../../Engine/Plugins/' was aborted.
[2018.05.04-01.45.41:995][777]LogSlate: Window 'AnimIntell - Unreal Editor' being destroyed
[2018.05.04-01.45.41:996][777]LogWindowsTextInputMethodSystem: Display: IME system now deactivated.
[2018.05.04-01.45.42:211][778]Cmd: QUIT_EDITOR
[2018.05.04-01.45.42:286][778]LogSlate: Slate User Destroyed.  User Index 0, Is Virtual User: 0
[2018.05.04-01.45.42:287][778]LogExit: Preparing to exit.
[2018.05.04-01.45.43:294][778]LogDirectoryWatcher: A directory notification for 'C:/Unreal Engine/AnimIntell/Content/' was aborted.
[2018.05.04-01.45.43:325][778]LogExit: Editor shut down
[2018.05.04-01.45.43:328][778]LogExit: Transaction tracking system shut down
[2018.05.04-01.45.43:332][778]LogUObjectGlobals: Destroyed PersistentFrame Addr=0x00000213a459ca40, Size=304
[2018.05.04-01.45.43:332][778]LogUObjectGlobals: Destroyed PersistentFrame Addr=0x0000021383fd4e80, Size=368
[2018.05.04-01.45.43:332][778]LogUObjectGlobals: Destroyed PersistentFrame Addr=0x00000213a51f0cc0, Size=320
[2018.05.04-01.45.43:332][778]LogUObjectGlobals: Destroyed PersistentFrame Addr=0x00000213a5027600, Size=456
[2018.05.04-01.45.43:334][778]LogUObjectGlobals: Destroyed PersistentFrame Addr=0x00000213a4fef130, Size=48
[2018.05.04-01.45.43:530][778]LogDirectoryWatcher: A directory notification for '../../../Engine/Content/' was aborted.
[2018.05.04-01.45.43:530][778]LogDirectoryWatcher: A directory notification for '../../../../AnimIntell/Content/' was aborted.
[2018.05.04-01.45.43:531][778]LogDirectoryWatcher: A directory notification for '../../Plugins/Enterprise/DatasmithContent/Content/' was aborted.
[2018.05.04-01.45.43:531][778]LogDirectoryWatcher: A directory notification for '../../Plugins/Media/MediaCompositing/Content/' was aborted.
[2018.05.04-01.45.43:598][778]LogExit: Object subsystem successfully closed.
[2018.05.04-01.45.43:618][778]LogShaderCompilers: Display: Shaders left to compile 0
[2018.05.04-01.45.43:623][778]LogD3D11RHI: Shutdown
[2018.05.04-01.45.43:623][778]LogD3D11RHI: CleanupD3DDevice
[2018.05.04-01.45.43:626][778]LogD3D11RHI: ~FD3D11DynamicRHI
[2018.05.04-01.45.43:649][778]LogModuleManager: Shutting down and abandoning module HierarchicalLODOutliner (528)
[2018.05.04-01.45.43:649][778]LogModuleManager: Shutting down and abandoning module SceneOutliner (526)
[2018.05.04-01.45.43:649][778]LogModuleManager: Shutting down and abandoning module AddContentDialog (524)
[2018.05.04-01.45.43:649][778]LogDirectoryWatcher: A directory notification for 'C:/Unreal Engine/UE_4.19/FeaturePacks/' was aborted.
[2018.05.04-01.45.43:650][778]LogModuleManager: Shutting down and abandoning module WidgetCarousel (523)
[2018.05.04-01.45.43:650][778]LogModuleManager: Shutting down and abandoning module EditorWidgets (520)
[2018.05.04-01.45.43:650][778]LogModuleManager: Shutting down and abandoning module CollectionManager (518)
[2018.05.04-01.45.43:650][778]LogDirectoryWatcher: A directory notification for 'C:/Unreal Engine/AnimIntell/Content/Collections/' was aborted.
[2018.05.04-01.45.43:650][778]LogDirectoryWatcher: A directory notification for 'C:/Unreal Engine/AnimIntell/Content/Developers/lv8c8/Collections/' was aborted.
[2018.05.04-01.45.43:650][778]LogDirectoryWatcher: A directory notification for 'C:/Unreal Engine/AnimIntell/Saved/Collections/' was aborted.
[2018.05.04-01.45.43:650][778]LogModuleManager: Shutting down and abandoning module WorldBrowser (516)
[2018.05.04-01.45.43:650][778]LogModuleManager: Shutting down and abandoning module StatsViewer (514)
[2018.05.04-01.45.43:650][778]LogModuleManager: Shutting down and abandoning module FoliageEdit (512)
[2018.05.04-01.45.43:650][778]LogModuleManager: Shutting down and abandoning module LandscapeEditor (510)
[2018.05.04-01.45.43:650][778]LogModuleManager: Shutting down and abandoning module MeshPaintMode (508)
[2018.05.04-01.45.43:650][778]LogModuleManager: Shutting down and abandoning module MeshPaint (507)
[2018.05.04-01.45.43:650][778]LogModuleManager: Shutting down and abandoning module SceneDepthPickerMode (504)
[2018.05.04-01.45.43:650][778]LogModuleManager: Shutting down and abandoning module ActorPickerMode (502)
[2018.05.04-01.45.43:650][778]LogModuleManager: Shutting down and abandoning module GeometryMode (500)
[2018.05.04-01.45.43:650][778]LogModuleManager: Shutting down and abandoning module TextureAlignMode (498)
[2018.05.04-01.45.43:650][778]LogModuleManager: Shutting down and abandoning module BspMode (496)
[2018.05.04-01.45.43:650][778]LogModuleManager: Shutting down and abandoning module PIEPreviewDeviceProfileSelector (494)
[2018.05.04-01.45.43:650][778]LogModuleManager: Shutting down and abandoning module HardwareSurvey (492)
[2018.05.04-01.45.43:650][778]LogModuleManager: Shutting down and abandoning module SequenceRecorderSections (490)
[2018.05.04-01.45.43:650][778]LogModuleManager: Shutting down and abandoning module AutomationWorker (488)
[2018.05.04-01.45.43:650][778]LogModuleManager: Shutting down and abandoning module AudioCaptureEditor (486)
[2018.05.04-01.45.43:650][778]LogModuleManager: Shutting down and abandoning module SequenceRecorder (485)
[2018.05.04-01.45.43:650][778]LogModuleManager: Shutting down and abandoning module MatineeToLevelSequence (482)
[2018.05.04-01.45.43:650][778]LogModuleManager: Shutting down and abandoning module LevelSequenceEditor (480)
[2018.05.04-01.45.43:651][778]LogModuleManager: Shutting down and abandoning module PlacementMode (479)
[2018.05.04-01.45.43:651][778]LogModuleManager: Shutting down and abandoning module MaterialEditor (478)
[2018.05.04-01.45.43:651][778]LogModuleManager: Shutting down and abandoning module WmfMediaFactory (474)
[2018.05.04-01.45.43:651][778]LogModuleManager: Shutting down and abandoning module WmfMediaEditor (472)
[2018.05.04-01.45.43:651][778]LogModuleManager: Shutting down and abandoning module MediaPlayerEditor (470)
[2018.05.04-01.45.43:651][778]LogModuleManager: Shutting down and abandoning module OpenExrWrapper (468)
[2018.05.04-01.45.43:651][778]LogModuleManager: Shutting down and abandoning module ImgMediaFactory (466)
[2018.05.04-01.45.43:651][778]LogModuleManager: Shutting down and abandoning module ImgMediaEditor (464)
[2018.05.04-01.45.43:651][778]LogModuleManager: Shutting down and abandoning module CharacterAI (462)
[2018.05.04-01.45.43:651][778]LogModuleManager: Shutting down and abandoning module SessionServices (460)
[2018.05.04-01.45.43:651][778]LogModuleManager: Shutting down and abandoning module ViewportSnapping (458)
[2018.05.04-01.45.43:651][778]LogModuleManager: Shutting down and abandoning module ViewportInteraction (456)
[2018.05.04-01.45.43:651][778]LogModuleManager: Shutting down and abandoning module ClothPainter (454)
[2018.05.04-01.45.43:651][778]LogModuleManager: Shutting down and abandoning module SkeletalMeshEditor (453)
[2018.05.04-01.45.43:651][778]LogModuleManager: Shutting down and abandoning module LogVisualizer (450)
[2018.05.04-01.45.43:651][778]LogModuleManager: Shutting down and abandoning module IntroTutorials (448)
[2018.05.04-01.45.43:651][778]LogModuleManager: Shutting down and abandoning module GameProjectGeneration (447)
[2018.05.04-01.45.43:651][778]LogModuleManager: Shutting down and abandoning module IOSPlatformEditor (444)
[2018.05.04-01.45.43:651][778]LogModuleManager: Shutting down and abandoning module HTML5PlatformEditor (442)
[2018.05.04-01.45.43:651][778]LogModuleManager: Shutting down and abandoning module AndroidPlatformEditor (440)
[2018.05.04-01.45.43:651][778]LogModuleManager: Shutting down and abandoning module AndroidDeviceDetection (439)
[2018.05.04-01.45.44:377][778]LogModuleManager: Shutting down and abandoning module WindowsPlatformEditor (436)
[2018.05.04-01.45.44:377][778]LogModuleManager: Shutting down and abandoning module IOSRuntimeSettings (434)
[2018.05.04-01.45.44:377][778]LogModuleManager: Shutting down and abandoning module AndroidRuntimeSettings (432)
[2018.05.04-01.45.44:377][778]LogModuleManager: Shutting down and abandoning module InputBindingEditor (430)
[2018.05.04-01.45.44:377][778]LogModuleManager: Shutting down and abandoning module MergeActors (428)
[2018.05.04-01.45.44:377][778]LogModuleManager: Shutting down and abandoning module LocalizationDashboard (426)
[2018.05.04-01.45.44:377][778]LogModuleManager: Shutting down and abandoning module LocalizationService (425)
[2018.05.04-01.45.44:377][778]LogModuleManager: Shutting down and abandoning module HardwareTargeting (422)
[2018.05.04-01.45.44:377][778]LogModuleManager: Shutting down and abandoning module DeviceProfileEditor (420)
[2018.05.04-01.45.44:377][778]LogModuleManager: Shutting down and abandoning module UndoHistory (418)
[2018.05.04-01.45.44:378][778]LogModuleManager: Shutting down and abandoning module XmlParser (416)
[2018.05.04-01.45.44:378][778]LogModuleManager: Shutting down and abandoning module Blutility (414)
[2018.05.04-01.45.44:378][778]LogModuleManager: Shutting down and abandoning module ProjectSettingsViewer (412)
[2018.05.04-01.45.44:378][778]LogModuleManager: Shutting down and abandoning module ProjectTargetPlatformEditor (411)
[2018.05.04-01.45.44:378][778]LogModuleManager: Shutting down and abandoning module EditorSettingsViewer (408)
[2018.05.04-01.45.44:378][778]LogModuleManager: Shutting down and abandoning module SettingsEditor (406)
[2018.05.04-01.45.44:378][778]LogModuleManager: Shutting down and abandoning module ProjectLauncher (404)
[2018.05.04-01.45.44:378][778]LogModuleManager: Shutting down and abandoning module SessionFrontend (402)
[2018.05.04-01.45.44:378][778]LogModuleManager: Shutting down and abandoning module ProfilerClient (400)
[2018.05.04-01.45.44:378][778]LogModuleManager: Shutting down and abandoning module DeviceManager (398)
[2018.05.04-01.45.44:378][778]LogModuleManager: Shutting down and abandoning module TargetDeviceServices (397)
[2018.05.04-01.45.44:433][778]LogModuleManager: Shutting down and abandoning module AutomationController (394)
[2018.05.04-01.45.44:433][778]LogModuleManager: Shutting down and abandoning module AutomationWindow (392)
[2018.05.04-01.45.44:433][778]LogModuleManager: Shutting down and abandoning module Layers (390)
[2018.05.04-01.45.44:433][778]LogModuleManager: Shutting down and abandoning module ComponentVisualizers (388)
[2018.05.04-01.45.44:433][778]LogModuleManager: Shutting down and abandoning module DetailCustomizations (386)
[2018.05.04-01.45.44:433][778]LogModuleManager: Shutting down and abandoning module PackagesDialog (384)
[2018.05.04-01.45.44:433][778]LogModuleManager: Shutting down and abandoning module Persona (382)
[2018.05.04-01.45.44:433][778]LogModuleManager: Shutting down and abandoning module AdvancedPreviewScene (381)
[2018.05.04-01.45.44:433][778]LogModuleManager: Shutting down and abandoning module AnimGraph (379)
[2018.05.04-01.45.44:433][778]LogModuleManager: Shutting down and abandoning module Kismet (376)
[2018.05.04-01.45.44:434][778]LogModuleManager: Shutting down and abandoning module GraphEditor (374)
[2018.05.04-01.45.44:434][778]LogModuleManager: Shutting down and abandoning module ClassViewer (372)
[2018.05.04-01.45.44:434][778]LogModuleManager: Shutting down and abandoning module Toolbox (370)
[2018.05.04-01.45.44:434][778]LogModuleManager: Shutting down and abandoning module ModuleUI (368)
[2018.05.04-01.45.44:434][778]LogModuleManager: Shutting down and abandoning module MovieSceneTools (366)
[2018.05.04-01.45.44:434][778]LogModuleManager: Shutting down and abandoning module OutputLog (364)
[2018.05.04-01.45.44:434][778]LogModuleManager: Shutting down and abandoning module GammaUI (362)
[2018.05.04-01.45.44:434][778]LogModuleManager: Shutting down and abandoning module Documentation (360)
[2018.05.04-01.45.44:434][778]LogModuleManager: Shutting down and abandoning module MovieSceneTracks (358)
[2018.05.04-01.45.44:434][778]LogModuleManager: Shutting down and abandoning module MovieScene (356)
[2018.05.04-01.45.44:434][778]LogModuleManager: Shutting down and abandoning module StreamingPauseRendering (354)
[2018.05.04-01.45.44:434][778]LogModuleManager: Shutting down and abandoning module LauncherPlatform (352)
[2018.05.04-01.45.44:434][778]LogModuleManager: Shutting down and abandoning module AnalyticsET (350)
[2018.05.04-01.45.44:434][778]LogModuleManager: Shutting down and abandoning module HTTP (349)
[2018.05.04-01.45.44:434][778]LogHttp: Display: Http module shutting down, but needs to wait on 1 outstanding Http requests:
[2018.05.04-01.45.44:434][778]LogHttp: Display: 	verb=[POST] url=[https://datarouter.ol.epicgames.com/datarouter/api/v1/public/data?SessionID=%7BF4074900-4216-3825-7D69-54AF706D6E1A%7D&AppID=UEEditor.Rocket.Release&AppVersion=4.19.2-4033788%2B%2B%2BUE4%2BRelease-4.19&UserID=959b1d134c9e8b6747f5589c7525eb34%7Ce52e72fafb94407094116862e3dbe84e%7Cd5b091bc-688d-4f8a-b9c9-c9ebdc85bbbd&AppEnvironment=datacollector-binary&UploadType=eteventstream] status=Processing
[2018.05.04-01.45.44:463][778]LogModuleManager: Shutting down and abandoning module SSL (348)
[2018.05.04-01.45.44:464][778]LogModuleManager: Shutting down and abandoning module PortalServices (344)
[2018.05.04-01.45.44:464][778]LogModuleManager: Shutting down and abandoning module PortalRpc (342)
[2018.05.04-01.45.44:464][778]LogModuleManager: Shutting down and abandoning module MessagingRpc (340)
[2018.05.04-01.45.44:464][778]LogModuleManager: Shutting down and abandoning module AIModule (338)
[2018.05.04-01.45.44:464][778]LogModuleManager: Shutting down and abandoning module GameplayDebugger (337)
[2018.05.04-01.45.44:464][778]LogModuleManager: Shutting down and abandoning module AITestSuite (335)
[2018.05.04-01.45.44:464][778]LogModuleManager: Shutting down and abandoning module DesktopPlatform (332)
[2018.05.04-01.45.44:464][778]LogModuleManager: Shutting down and abandoning module ProfilerService (330)
[2018.05.04-01.45.44:526][778]LogModuleManager: Shutting down and abandoning module TaskGraph (328)
[2018.05.04-01.45.44:526][778]LogModuleManager: Shutting down and abandoning module ProceduralMeshComponentEditor (326)
[2018.05.04-01.45.44:526][778]LogModuleManager: Shutting down and abandoning module ProceduralMeshComponent (324)
[2018.05.04-01.45.44:526][778]LogModuleManager: Shutting down and abandoning module MobilePatchingUtils (322)
[2018.05.04-01.45.44:526][778]LogModuleManager: Shutting down and abandoning module CustomMeshComponent (320)
[2018.05.04-01.45.44:526][778]LogModuleManager: Shutting down and abandoning module CableComponent (318)
[2018.05.04-01.45.44:526][778]LogModuleManager: Shutting down and abandoning module AudioCapture (316)
[2018.05.04-01.45.44:526][778]LogModuleManager: Shutting down and abandoning module ArchVisCharacter (314)
[2018.05.04-01.45.44:526][778]LogModuleManager: Shutting down and abandoning module NUTUnrealEngine4 (312)
[2018.05.04-01.45.44:526][778]LogModuleManager: Shutting down and abandoning module NetcodeUnitTest (310)
[2018.05.04-01.45.44:526][778]LogModuleManager: Shutting down and abandoning module MediaCompositingEditor (308)
[2018.05.04-01.45.44:526][778]LogModuleManager: Shutting down and abandoning module MediaCompositing (306)
[2018.05.04-01.45.44:526][778]LogModuleManager: Shutting down and abandoning module LinearTimecode (304)
[2018.05.04-01.45.44:526][778]LogModuleManager: Shutting down and abandoning module ImgMedia (302)
[2018.05.04-01.45.44:530][778]LogModuleManager: Shutting down and abandoning module HTML5Networking (300)
[2018.05.04-01.45.44:530][778]LogModuleManager: Shutting down and abandoning module AlembicImporter (298)
[2018.05.04-01.45.44:530][778]LogModuleManager: Shutting down and abandoning module AlembicLibrary (297)
[2018.05.04-01.45.44:530][778]LogModuleManager: Shutting down and abandoning module GeometryCache (296)
[2018.05.04-01.45.44:530][778]LogModuleManager: Shutting down and abandoning module GeometryCacheEd (295)
[2018.05.04-01.45.44:530][778]LogModuleManager: Shutting down and abandoning module DatasmithContent (290)
[2018.05.04-01.45.44:530][778]LogModuleManager: Shutting down and abandoning module SpeedTreeImporter (288)
[2018.05.04-01.45.44:530][778]LogModuleManager: Shutting down and abandoning module PluginBrowser (286)
[2018.05.04-01.45.44:530][778]LogModuleManager: Shutting down and abandoning module MobileLauncherProfileWizard (284)
[2018.05.04-01.45.44:530][778]LogModuleManager: Shutting down and abandoning module CryptoKeysOpenSSL (282)
[2018.05.04-01.45.44:530][778]LogModuleManager: Shutting down and abandoning module CryptoKeys (280)
[2018.05.04-01.45.44:530][778]LogModuleManager: Shutting down and abandoning module VisualStudioSourceCodeAccess (278)
[2018.05.04-01.45.44:530][778]LogModuleManager: Shutting down and abandoning module VisualStudioCodeSourceCodeAccess (276)
[2018.05.04-01.45.44:530][778]LogModuleManager: Shutting down and abandoning module UObjectPlugin (274)
[2018.05.04-01.45.44:530][778]LogModuleManager: Shutting down and abandoning module SubversionSourceControl (272)
[2018.05.04-01.45.44:530][778]LogModuleManager: Shutting down and abandoning module PerforceSourceControl (270)
[2018.05.04-01.45.44:530][778]LogModuleManager: Shutting down and abandoning module GitSourceControl (268)
[2018.05.04-01.45.44:530][778]LogModuleManager: Shutting down and abandoning module SourceControl (267)
[2018.05.04-01.45.44:530][778]LogModuleManager: Shutting down and abandoning module CLionSourceCodeAccess (264)
[2018.05.04-01.45.44:530][778]LogModuleManager: Shutting down and abandoning module LightPropagationVolumeEditor (262)
[2018.05.04-01.45.44:530][778]LogModuleManager: Shutting down and abandoning module RuntimePhysXCooking (260)
[2018.05.04-01.45.44:530][778]LogModuleManager: Shutting down and abandoning module PhysXVehiclesEditor (258)
[2018.05.04-01.45.44:530][778]LogModuleManager: Shutting down and abandoning module PhysXVehicles (256)
[2018.05.04-01.45.44:530][778]LogModuleManager: Shutting down and abandoning module LocationServicesBPLibrary (254)
[2018.05.04-01.45.44:530][778]LogModuleManager: Shutting down and abandoning module ImmediatePhysicsEditor (252)
[2018.05.04-01.45.44:530][778]LogModuleManager: Shutting down and abandoning module ImmediatePhysics (250)
[2018.05.04-01.45.44:530][778]LogModuleManager: Shutting down and abandoning module ActorSequence (248)
[2018.05.04-01.45.44:530][778]LogModuleManager: Shutting down and abandoning module UdpMessaging (246)
[2018.05.04-01.45.44:631][778]LogModuleManager: Shutting down and abandoning module TcpMessaging (244)
[2018.05.04-01.45.44:731][778]LogModuleManager: Shutting down and abandoning module GameplayTagsEditor (242)
[2018.05.04-01.45.44:731][778]LogModuleManager: Shutting down and abandoning module FacialAnimationEditor (240)
[2018.05.04-01.45.44:731][778]LogModuleManager: Shutting down and abandoning module FacialAnimation (238)
[2018.05.04-01.45.44:731][778]LogModuleManager: Shutting down and abandoning module DataValidation (236)
[2018.05.04-01.45.44:731][778]LogModuleManager: Shutting down and abandoning module AssetManagerEditor (234)
[2018.05.04-01.45.44:731][778]LogModuleManager: Shutting down and abandoning module LevelEditor (233)
[2018.05.04-01.45.44:731][778]LogModuleManager: Shutting down and abandoning module PixelInspectorModule (232)
[2018.05.04-01.45.44:731][778]LogModuleManager: Shutting down and abandoning module CommonMenuExtensions (230)
[2018.05.04-01.45.44:732][778]LogModuleManager: Shutting down and abandoning module MainFrame (228)
[2018.05.04-01.45.44:732][778]LogModuleManager: Shutting down and abandoning module HotReload (227)
[2018.05.04-01.45.44:732][778]LogModuleManager: Shutting down and abandoning module ContentBrowser (223)
[2018.05.04-01.45.44:733][778]LogModuleManager: Shutting down and abandoning module TreeMap (221)
[2018.05.04-01.45.44:733][778]LogModuleManager: Shutting down and abandoning module LightPropagationVolumeRuntime (218)
[2018.05.04-01.45.44:733][778]LogModuleManager: Shutting down and abandoning module WindowsMoviePlayer (216)
[2018.05.04-01.45.44:733][778]LogModuleManager: Shutting down and abandoning module WmfMedia (214)
[2018.05.04-01.45.44:735][778]LogModuleManager: Shutting down and abandoning module Media (213)
[2018.05.04-01.45.44:741][778]LogModuleManager: Shutting down and abandoning module PacketHandler (210)
[2018.05.04-01.45.44:741][778]LogModuleManager: Shutting down and abandoning module ClothingSystemEditor (208)
[2018.05.04-01.45.44:741][778]LogModuleManager: Shutting down and abandoning module ClothingSystemRuntime (206)
[2018.05.04-01.45.44:741][778]LogModuleManager: Shutting down and abandoning module MediaAssets (204)
[2018.05.04-01.45.44:741][778]LogModuleManager: Shutting down and abandoning module Overlay (202)
[2018.05.04-01.45.44:741][778]LogModuleManager: Shutting down and abandoning module OverlayEditor (201)
[2018.05.04-01.45.44:741][778]LogModuleManager: Shutting down and abandoning module VREditor (198)
[2018.05.04-01.45.44:741][778]LogModuleManager: Shutting down and abandoning module StringTableEditor (196)
[2018.05.04-01.45.44:741][778]LogModuleManager: Shutting down and abandoning module GameplayTasksEditor (194)
[2018.05.04-01.45.44:741][778]LogModuleManager: Shutting down and abandoning module BehaviorTreeEditor (192)
[2018.05.04-01.45.44:741][778]LogModuleManager: Shutting down and abandoning module FunctionalTesting (190)
[2018.05.04-01.45.44:741][778]LogModuleManager: Shutting down and abandoning module CollisionAnalyzer (188)
[2018.05.04-01.45.44:741][778]LogModuleManager: Shutting down and abandoning module WorkspaceMenuStructure (187)
[2018.05.04-01.45.44:742][778]LogModuleManager: Shutting down and abandoning module UMG (184)
[2018.05.04-01.45.44:742][778]LogModuleManager: Shutting down and abandoning module UMGEditor (183)
[2018.05.04-01.45.44:742][778]LogModuleManager: Shutting down and abandoning module Sequencer (182)
[2018.05.04-01.45.44:742][778]LogModuleManager: Shutting down and abandoning module MessageLog (179)
[2018.05.04-01.45.44:742][778]LogModuleManager: Shutting down and abandoning module SlateReflector (174)
[2018.05.04-01.45.44:742][778]LogModuleManager: Shutting down and abandoning module Slate (172)
[2018.05.04-01.45.44:742][778]LogModuleManager: Shutting down and abandoning module EditorStyle (170)
[2018.05.04-01.45.44:743][778]LogModuleManager: Shutting down and abandoning module MRMesh (168)
[2018.05.04-01.45.44:743][778]LogModuleManager: Shutting down and abandoning module SourceCodeAccess (166)
[2018.05.04-01.45.44:743][778]LogModuleManager: Shutting down and abandoning module HeadMountedDisplay (164)
[2018.05.04-01.45.44:743][778]LogModuleManager: Shutting down and abandoning module XAudio2 (162)
[2018.05.04-01.45.44:743][778]LogModuleManager: Shutting down and abandoning module Networking (160)
[2018.05.04-01.45.44:743][778]LogModuleManager: Shutting down and abandoning module Core (156)
[2018.05.04-01.45.44:743][778]LogModuleManager: Shutting down and abandoning module LevelSequence (154)
[2018.05.04-01.45.44:743][778]LogModuleManager: Shutting down and abandoning module KismetCompiler (152)
[2018.05.04-01.45.44:743][778]LogModuleManager: Shutting down and abandoning module MeshUtilities (150)
[2018.05.04-01.45.44:743][778]LogModuleManager: Shutting down and abandoning module MeshMergeUtilities (149)
[2018.05.04-01.45.44:743][778]LogModuleManager: Shutting down and abandoning module MeshReductionInterface (148)
[2018.05.04-01.45.44:743][778]LogModuleManager: Shutting down and abandoning module SimplygonSwarm (147)
[2018.05.04-01.45.44:743][778]LogModuleManager: Shutting down and abandoning module SimplygonMeshReduction (145)
[2018.05.04-01.45.44:743][778]LogModuleManager: Shutting down and abandoning module QuadricMeshReduction (143)
[2018.05.04-01.45.44:743][778]LogModuleManager: Shutting down and abandoning module MaterialBaking (139)
[2018.05.04-01.45.44:743][778]LogModuleManager: Shutting down and abandoning module DirectoryWatcher (135)
[2018.05.04-01.45.44:744][778]LogModuleManager: Shutting down and abandoning module DerivedDataCache (132)
[2018.05.04-01.45.44:788][778]LogDerivedDataCache: Shutdown
[2018.05.04-01.45.44:788][778]LogModuleManager: Shutting down and abandoning module XGEController (130)
[2018.05.04-01.45.44:788][778]LogXGEController: Cleaning working directory: C:/Users/lv8c8/AppData/Local/Temp/UnrealXGEWorkingDir/
[2018.05.04-01.45.44:788][778]LogModuleManager: Shutting down and abandoning module TargetPlatform (128)
[2018.05.04-01.45.44:788][778]LogModuleManager: Shutting down and abandoning module VulkanShaderFormat (127)
[2018.05.04-01.45.44:788][778]LogModuleManager: Shutting down and abandoning module ShaderFormatVectorVM (125)
[2018.05.04-01.45.44:788][778]LogModuleManager: Shutting down and abandoning module ShaderFormatOpenGL (123)
[2018.05.04-01.45.44:788][778]LogModuleManager: Shutting down and abandoning module ShaderFormatD3D (121)
[2018.05.04-01.45.44:788][778]LogModuleManager: Shutting down and abandoning module MetalShaderFormat (119)
[2018.05.04-01.45.44:788][778]LogModuleManager: Shutting down and abandoning module TextureFormatUncompressed (117)
[2018.05.04-01.45.44:788][778]LogModuleManager: Shutting down and abandoning module TextureFormatPVR (115)
[2018.05.04-01.45.44:788][778]LogModuleManager: Shutting down and abandoning module TextureFormatDXT (113)
[2018.05.04-01.45.44:788][778]LogModuleManager: Shutting down and abandoning module TextureFormatIntelISPCTexComp (111)
[2018.05.04-01.45.44:789][778]LogModuleManager: Shutting down and abandoning module TextureFormatASTC (109)
[2018.05.04-01.45.44:789][778]LogModuleManager: Shutting down and abandoning module ImageWrapper (108)
[2018.05.04-01.45.44:789][778]LogModuleManager: Shutting down and abandoning module TextureFormatAndroid (105)
[2018.05.04-01.45.44:789][778]LogModuleManager: Shutting down and abandoning module AudioFormatOpus (103)
[2018.05.04-01.45.44:789][778]LogModuleManager: Shutting down and abandoning module AudioFormatOgg (101)
[2018.05.04-01.45.44:789][778]LogModuleManager: Shutting down and abandoning module AudioFormatADPCM (99)
[2018.05.04-01.45.44:789][778]LogModuleManager: Shutting down and abandoning module LinuxTargetPlatform (97)
[2018.05.04-01.45.44:789][778]LogModuleManager: Shutting down and abandoning module LinuxServerTargetPlatform (95)
[2018.05.04-01.45.44:789][778]LogModuleManager: Shutting down and abandoning module LinuxNoEditorTargetPlatform (93)
[2018.05.04-01.45.44:789][778]LogModuleManager: Shutting down and abandoning module LinuxClientTargetPlatform (91)
[2018.05.04-01.45.44:789][778]LogModuleManager: Shutting down and abandoning module TVOSTargetPlatform (89)
[2018.05.04-01.45.44:789][778]LogModuleManager: Shutting down and abandoning module Messaging (87)
[2018.05.04-01.45.44:789][778]LogModuleManager: Shutting down and abandoning module IOSTargetPlatform (85)
[2018.05.04-01.45.44:789][778]LogModuleManager: Shutting down and abandoning module HTML5TargetPlatform (83)
[2018.05.04-01.45.44:789][778]LogModuleManager: Shutting down and abandoning module AndroidTargetPlatform (81)
[2018.05.04-01.45.44:789][778]LogModuleManager: Shutting down and abandoning module Android_PVRTCTargetPlatform (79)
[2018.05.04-01.45.44:789][778]LogModuleManager: Shutting down and abandoning module Android_MultiTargetPlatform (77)
[2018.05.04-01.45.44:789][778]LogModuleManager: Shutting down and abandoning module Android_ETC2TargetPlatform (75)
[2018.05.04-01.45.44:789][778]LogModuleManager: Shutting down and abandoning module Android_ETC1TargetPlatform (73)
[2018.05.04-01.45.44:789][778]LogModuleManager: Shutting down and abandoning module Android_ETC1aTargetPlatform (71)
[2018.05.04-01.45.44:789][778]LogModuleManager: Shutting down and abandoning module Android_DXTTargetPlatform (69)
[2018.05.04-01.45.44:789][778]LogModuleManager: Shutting down and abandoning module Android_ATCTargetPlatform (67)
[2018.05.04-01.45.44:789][778]LogModuleManager: Shutting down and abandoning module Android_ASTCTargetPlatform (65)
[2018.05.04-01.45.44:789][778]LogModuleManager: Shutting down and abandoning module WindowsTargetPlatform (63)
[2018.05.04-01.45.44:789][778]LogModuleManager: Shutting down and abandoning module WindowsServerTargetPlatform (61)
[2018.05.04-01.45.44:789][778]LogModuleManager: Shutting down and abandoning module WindowsNoEditorTargetPlatform (59)
[2018.05.04-01.45.44:789][778]LogModuleManager: Shutting down and abandoning module WindowsClientTargetPlatform (57)
[2018.05.04-01.45.44:789][778]LogModuleManager: Shutting down and abandoning module MacTargetPlatform (55)
[2018.05.04-01.45.44:789][778]LogModuleManager: Shutting down and abandoning module MacServerTargetPlatform (53)
[2018.05.04-01.45.44:789][778]LogModuleManager: Shutting down and abandoning module MacNoEditorTargetPlatform (51)
[2018.05.04-01.45.44:789][778]LogModuleManager: Shutting down and abandoning module MacClientTargetPlatform (49)
[2018.05.04-01.45.44:789][778]LogModuleManager: Shutting down and abandoning module AllDesktopTargetPlatform (47)
[2018.05.04-01.45.44:789][778]LogModuleManager: Shutting down and abandoning module InputCore (44)
[2018.05.04-01.45.44:789][778]LogModuleManager: Shutting down and abandoning module Settings (42)
[2018.05.04-01.45.44:789][778]LogModuleManager: Shutting down and abandoning module PhysXCooking (40)
[2018.05.04-01.45.44:789][778]LogModuleManager: Shutting down and abandoning module ExampleDeviceProfileSelector (38)
[2018.05.04-01.45.44:789][778]LogModuleManager: Shutting down and abandoning module AnimationModifiers (36)
[2018.05.04-01.45.44:789][778]LogModuleManager: Shutting down and abandoning module PropertyEditor (35)
[2018.05.04-01.45.44:789][778]LogModuleManager: Shutting down and abandoning module AudioEditor (32)
[2018.05.04-01.45.44:789][778]LogModuleManager: Shutting down and abandoning module TextureCompressor (30)
[2018.05.04-01.45.44:790][778]LogModuleManager: Shutting down and abandoning module ShaderCore (28)
[2018.05.04-01.45.44:790][778]LogModuleManager: Shutting down and abandoning module Landscape (26)
[2018.05.04-01.45.44:790][778]LogModuleManager: Shutting down and abandoning module SlateRHIRenderer (24)
[2018.05.04-01.45.44:790][778]LogModuleManager: Shutting down and abandoning module OpenGLDrv (22)
[2018.05.04-01.45.44:790][778]LogModuleManager: Shutting down and abandoning module D3D11RHI (20)
[2018.05.04-01.45.44:790][778]LogModuleManager: Shutting down and abandoning module AnimGraphRuntime (18)
[2018.05.04-01.45.44:790][778]LogModuleManager: Shutting down and abandoning module Renderer (16)
[2018.05.04-01.45.44:790][778]LogModuleManager: Shutting down and abandoning module Engine (14)
[2018.05.04-01.45.44:790][778]LogModuleManager: Shutting down and abandoning module CoreUObject (12)
[2018.05.04-01.45.44:790][778]LogModuleManager: Shutting down and abandoning module NetworkFile (10)
[2018.05.04-01.45.44:790][778]LogModuleManager: Shutting down and abandoning module CookedIterativeFile (8)
[2018.05.04-01.45.44:790][778]LogModuleManager: Shutting down and abandoning module StreamingFile (6)
[2018.05.04-01.45.44:790][778]LogModuleManager: Shutting down and abandoning module SandboxFile (4)
[2018.05.04-01.45.44:790][778]LogModuleManager: Shutting down and abandoning module PakFile (2)
[2018.05.04-01.45.44:797][778]LogExit: Exiting.
[2018.05.04-01.45.44:834][778]Log file closed, 05/04/18 10:45:44
